3UE7-A -> NMA: Unable to compute modes.
4D5M-A -> NMA: Unable to compute modes.
5I1S-C -> PI: Persistence interval in both dimensions are 0
5I5B-B -> PI: Persistence interval in both dimensions are 0
6JV7-B -> PI: Persistence interval in both dimensions are 0
6PHM-A -> PI: Persistence interval in both dimensions are 0
6PHN-A -> PI: Persistence interval in both dimensions are 0
6PHQ-A -> PI: Persistence interval in both dimensions are 0
6SL9-AA -> ProDy: Cannot download structure
6T9M-AA -> ProDy: Cannot download structure
6TAK-BB -> ProDy: Cannot download structure
6TIB-AA -> ProDy: Cannot download structure
6TIC-AA -> ProDy: Cannot download structure
6TIE-AA -> ProDy: Cannot download structure
6TIH-AA -> ProDy: Cannot download structure
6TIJ-AA -> ProDy: Cannot download structure
6TIN-AA -> ProDy: Cannot download structure
6TN4-AA -> ProDy: Cannot download structure
6TN5-AA -> ProDy: Cannot download structure
6TRG-XX -> ProDy: Cannot download structure
6TVI-AA -> ProDy: Cannot download structure
6TWO-AA -> ProDy: Cannot download structure
6TWP-AA -> ProDy: Cannot download structure
6XWK-AA -> ProDy: Cannot download structure
6XWZ-AA -> ProDy: Cannot download structure
6XXX-AA -> ProDy: Cannot download structure
6XY7-AA -> ProDy: Cannot download structure
6Y34-AA -> ProDy: Cannot download structure
6YP1-AA -> ProDy: Cannot download structure
6YPR-AA -> ProDy: Cannot download structure
6YPZ-AA -> ProDy: Cannot download structure
6YQ0-AA -> ProDy: Cannot download structure
6YQM-AA -> ProDy: Cannot download structure
6Z3V-AA -> ProDy: Cannot download structure
6ZFN-AA -> ProDy: Cannot download structure
6ZFQ-AA -> ProDy: Cannot download structure
6ZJ6-AA -> ProDy: Cannot download structure
7AEW-AA -> ProDy: Cannot download structure
7AEY-AA -> ProDy: Cannot download structure
7AF2-AA -> ProDy: Cannot download structure
7AV9-AA -> ProDy: Cannot download structure
7BBO-AA -> ProDy: Cannot download structure
7BEB-AA -> ProDy: Cannot download structure
7L7Y-AA -> ProDy: Cannot download structure
7L81-AA -> ProDy: Cannot download structure
7NSZ-AA -> ProDy: Cannot download structure
