4u4q-sm -> ProDy: Cannot download structure
4u4z-d1 -> ProDy: Cannot download structure
4u50-s8 -> ProDy: Cannot download structure
4u53-c7 -> ProDy: Cannot download structure
4u55-e1 -> ProDy: Cannot download structure
4u56-n4 -> ProDy: Cannot download structure
4v52-aj -> ProDy: Cannot download structure
4v5b-bo -> ProDy: Cannot download structure
4v5c-aq -> ProDy: Cannot download structure
4v5d-bh -> ProDy: Cannot download structure
4v63-ax -> ProDy: Cannot download structure
4v66-bz -> ProDy: Cannot download structure
4v7r-be -> ProDy: Cannot download structure
4v7r-bj -> ProDy: Cannot download structure
4v7u-bj -> ProDy: Cannot download structure
4v83-bq -> ProDy: Cannot download structure
4v8d-bp -> ProDy: Cannot download structure
4v97-bx -> ProDy: Cannot download structure
4v98-am -> ProDy: Cannot download structure
4v98-an -> ProDy: Cannot download structure
4v98-ao -> ProDy: Cannot download structure
4v99-aa -> ProDy: Cannot download structure
4v9e-aa -> ProDy: Cannot download structure
4v9f-g -> ProDy: Cannot download structure
4v9f-h -> ProDy: Cannot download structure
4v9i-dc -> ProDy: Cannot download structure
4v9m-be -> ProDy: Cannot download structure
4w29-be -> ProDy: Cannot download structure
4w4g-qr -> ProDy: Cannot download structure
4wiz-ba -> ProDy: Cannot download structure
4wqy-bz -> ProDy: Cannot download structure
4wra-68 -> ProDy: Cannot download structure
4wsn-b -> ProDy: Cannot download structure
4wz7-3 -> ProDy: Cannot download structure
4wz7-4 -> ProDy: Cannot download structure
