1iw7-a -> ProDy: Cannot download/parse structure
4u4q-sm -> ProDy: Cannot download/parse structure
4u4z-d1 -> ProDy: Cannot download/parse structure
4u50-s8 -> ProDy: Cannot download/parse structure
4u53-c7 -> ProDy: Cannot download/parse structure
4u55-e1 -> ProDy: Cannot download/parse structure
4u56-n4 -> ProDy: Cannot download/parse structure
4v52-aj -> ProDy: Cannot download/parse structure
4v5b-bo -> ProDy: Cannot download/parse structure
4v5c-aq -> ProDy: Cannot download/parse structure
4v5d-bh -> ProDy: Cannot download/parse structure
4v63-ax -> ProDy: Cannot download/parse structure
4v66-bz -> ProDy: Cannot download/parse structure
4v7r-be -> ProDy: Cannot download/parse structure
4v7r-bj -> ProDy: Cannot download/parse structure
4v7u-bj -> ProDy: Cannot download/parse structure
4v83-bq -> ProDy: Cannot download/parse structure
4v8d-bp -> ProDy: Cannot download/parse structure
4v97-bx -> ProDy: Cannot download/parse structure
4v98-am -> ProDy: Cannot download/parse structure
4v98-an -> ProDy: Cannot download/parse structure
4v98-ao -> ProDy: Cannot download/parse structure
4v99-aa -> ProDy: Cannot download/parse structure
4v9e-aa -> ProDy: Cannot download/parse structure
4v9f-g -> ProDy: Cannot download/parse structure
4v9f-h -> ProDy: Cannot download/parse structure
4v9i-dc -> ProDy: Cannot download/parse structure
4v9m-be -> ProDy: Cannot download/parse structure
4w29-be -> ProDy: Cannot download/parse structure
4w4g-qr -> ProDy: Cannot download/parse structure
4wiz-ba -> ProDy: Cannot download/parse structure
4wqy-bz -> ProDy: Cannot download/parse structure
4wra-68 -> ProDy: Cannot download/parse structure
4wsn-b -> ProDy: Cannot download/parse structure
4wz7-3 -> ProDy: Cannot download/parse structure
4wz7-4 -> ProDy: Cannot download/parse structure
4wz7-6 -> ProDy: Cannot download/parse structure
4wz7-b -> ProDy: Cannot download/parse structure
4wz7-g -> ProDy: Cannot download/parse structure
4wz7-i -> ProDy: Cannot download/parse structure
4wz7-k -> ProDy: Cannot download/parse structure
4wz7-l -> ProDy: Cannot download/parse structure
4wzj-c -> ProDy: Cannot download/parse structure
4ybb-af -> ProDy: Cannot download/parse structure
4yuu-a1 -> ProDy: Cannot download/parse structure
4yuu-b1 -> ProDy: Cannot download/parse structure
4yuu-c1 -> ProDy: Cannot download/parse structure
4yuu-d1 -> ProDy: Cannot download/parse structure
4yuu-e1 -> ProDy: Cannot download/parse structure
4yuu-h1 -> ProDy: Cannot download/parse structure
4yuu-m1 -> ProDy: Cannot download/parse structure
4yuu-o1 -> ProDy: Cannot download/parse structure
4yuu-q1 -> ProDy: Cannot download/parse structure
4yuu-u1 -> ProDy: Cannot download/parse structure
4yuu-v1 -> ProDy: Cannot download/parse structure
4yuu-z2 -> ProDy: Cannot download/parse structure
4yzv-qy -> ProDy: Cannot download/parse structure
5a9z-ai -> ProDy: Cannot download/parse structure
5a9z-ca -> ProDy: Cannot download/parse structure
5aa0-aq -> ProDy: Cannot download/parse structure
5aa0-as -> ProDy: Cannot download/parse structure
5afi-h -> ProDy: Cannot download/parse structure
5aj0-ak -> ProDy: Cannot download/parse structure
5aj0-ba -> ProDy: Cannot download/parse structure
5aj4-ab -> ProDy: Cannot download/parse structure
5aj4-ac -> ProDy: Cannot download/parse structure
5aj4-ad -> ProDy: Cannot download/parse structure
5aj4-ae -> ProDy: Cannot download/parse structure
5aj4-af -> ProDy: Cannot download/parse structure
5aj4-ag -> ProDy: Cannot download/parse structure
5aj4-ah -> ProDy: Cannot download/parse structure
5aj4-ai -> ProDy: Cannot download/parse structure
5aj4-aj -> ProDy: Cannot download/parse structure
5aj4-ak -> ProDy: Cannot download/parse structure
5aj4-al -> ProDy: Cannot download/parse structure
5aj4-ao -> ProDy: Cannot download/parse structure
5aj4-ap -> ProDy: Cannot download/parse structure
5aj4-aq -> ProDy: Cannot download/parse structure
5aj4-ar -> ProDy: Cannot download/parse structure
5aj4-b0 -> ProDy: Cannot download/parse structure
5aj4-b6 -> ProDy: Cannot download/parse structure
5aj4-ba -> ProDy: Cannot download/parse structure
5aj4-bi -> ProDy: Cannot download/parse structure
5aj4-bj -> ProDy: Cannot download/parse structure
5aj4-bn -> ProDy: Cannot download/parse structure
5aj4-bo -> ProDy: Cannot download/parse structure
5aj4-bt -> ProDy: Cannot download/parse structure
5apn-x -> ProDy: Cannot download/parse structure
5apn-y -> ProDy: Cannot download/parse structure
5apo-e -> ProDy: Cannot download/parse structure
5apo-x -> ProDy: Cannot download/parse structure
5b5m-c -> ProDy: Cannot download/parse structure
5b5m-h -> ProDy: Cannot download/parse structure
5b5n-l -> ProDy: Cannot download/parse structure
5d8b-j -> ProDy: Cannot download/parse structure
5d8b-n -> ProDy: Cannot download/parse structure
5dat-d2 -> ProDy: Cannot download/parse structure
5dat-m5 -> ProDy: Cannot download/parse structure
5dge-c0 -> ProDy: Cannot download/parse structure
5dgf-c2 -> ProDy: Cannot download/parse structure
5dgf-f -> ProDy: Cannot download/parse structure
5el5-6i -> ProDy: Cannot download/parse structure
5epi-b -> ProDy: Cannot download/parse structure
5euj-a -> ProDy: Cannot download/parse structure
5fci-d6 -> ProDy: Cannot download/parse structure
5fl8-q -> ProDy: Cannot download/parse structure
5fl8-r -> ProDy: Cannot download/parse structure
5gjr-f -> ProDy: Cannot download/parse structure
5gm6-a -> ProDy: Cannot download/parse structure
5gm6-b -> ProDy: Cannot download/parse structure
5gm6-g -> ProDy: Cannot download/parse structure
5gm6-h -> ProDy: Cannot download/parse structure
5gm6-u -> ProDy: Cannot download/parse structure
5gm6-v -> ProDy: Cannot download/parse structure
5gm6-w -> ProDy: Cannot download/parse structure
5gm6-y -> ProDy: Cannot download/parse structure
5gpn-a -> ProDy: Cannot download/parse structure
5gpn-ac -> ProDy: Cannot download/parse structure
5gpn-aj -> ProDy: Cannot download/parse structure
5gpn-ak -> ProDy: Cannot download/parse structure
5gpn-al -> ProDy: Cannot download/parse structure
5gpn-am -> ProDy: Cannot download/parse structure
5gpn-g -> ProDy: Cannot download/parse structure
5gpn-m -> ProDy: Cannot download/parse structure
5gpn-o -> ProDy: Cannot download/parse structure
5gpn-q -> ProDy: Cannot download/parse structure
5gpn-r -> ProDy: Cannot download/parse structure
5gpn-t -> ProDy: Cannot download/parse structure
5gpn-u -> ProDy: Cannot download/parse structure
5gpn-w -> ProDy: Cannot download/parse structure
5gpn-y -> ProDy: Cannot download/parse structure
5gup-ae -> ProDy: Cannot download/parse structure
5gup-b -> ProDy: Cannot download/parse structure
5gup-c -> ProDy: Cannot download/parse structure
5gup-f -> ProDy: Cannot download/parse structure
5gup-h -> ProDy: Cannot download/parse structure
5gup-i -> ProDy: Cannot download/parse structure
5gup-j -> ProDy: Cannot download/parse structure
5gup-k -> ProDy: Cannot download/parse structure
5gup-l -> ProDy: Cannot download/parse structure
5gup-m -> ProDy: Cannot download/parse structure
5gup-n -> ProDy: Cannot download/parse structure
5gup-o -> ProDy: Cannot download/parse structure
5gup-p -> ProDy: Cannot download/parse structure
5gup-q -> ProDy: Cannot download/parse structure
5gup-r -> ProDy: Cannot download/parse structure
5gup-s -> ProDy: Cannot download/parse structure
5gup-t -> ProDy: Cannot download/parse structure
5gup-v -> ProDy: Cannot download/parse structure
5gup-w -> ProDy: Cannot download/parse structure
5gup-y -> ProDy: Cannot download/parse structure
5h4p-t -> ProDy: Cannot download/parse structure
5h4p-w -> ProDy: Cannot download/parse structure
5hau-1p -> ProDy: Cannot download/parse structure
5hd1-1d -> ProDy: Cannot download/parse structure
5i4l-p0 -> ProDy: Cannot download/parse structure
5imr-c -> ProDy: Cannot download/parse structure
5imr-q -> ProDy: Cannot download/parse structure
5ipk-a -> ProDy: Cannot download/parse structure
5iqr-b -> ProDy: Cannot download/parse structure
5it7-a -> ProDy: Cannot download/parse structure
5it7-aa -> ProDy: Cannot download/parse structure
5it7-b -> ProDy: Cannot download/parse structure
5it7-bb -> ProDy: Cannot download/parse structure
5it7-cc -> ProDy: Cannot download/parse structure
5it7-dd -> ProDy: Cannot download/parse structure
5it7-ee -> ProDy: Cannot download/parse structure
5it7-ff -> ProDy: Cannot download/parse structure
5it7-gg -> ProDy: Cannot download/parse structure
5it7-hh -> ProDy: Cannot download/parse structure
5it7-ii -> ProDy: Cannot download/parse structure
5it7-jj -> ProDy: Cannot download/parse structure
5it7-kk -> ProDy: Cannot download/parse structure
5it7-ll -> ProDy: Cannot download/parse structure
5it7-mm -> ProDy: Cannot download/parse structure
5it7-oo -> ProDy: Cannot download/parse structure
5it7-p -> ProDy: Cannot download/parse structure
5it7-pp -> ProDy: Cannot download/parse structure
5it7-qq -> ProDy: Cannot download/parse structure
5it7-rr -> ProDy: Cannot download/parse structure
5it7-ss -> ProDy: Cannot download/parse structure
5it7-tt -> ProDy: Cannot download/parse structure
5it7-uu -> ProDy: Cannot download/parse structure
5it7-vv -> ProDy: Cannot download/parse structure
5it7-xx -> ProDy: Cannot download/parse structure
5it7-yy -> ProDy: Cannot download/parse structure
5it7-zz -> ProDy: Cannot download/parse structure
5iv5-o -> ProDy: Cannot download/parse structure
5iv5-t -> ProDy: Cannot download/parse structure
5iv5-u -> ProDy: Cannot download/parse structure
5iv5-v -> ProDy: Cannot download/parse structure
5iv5-w -> ProDy: Cannot download/parse structure
5iv5-yd -> ProDy: Cannot download/parse structure
5iv7-f -> ProDy: Cannot download/parse structure
5j4d-bb -> ProDy: Cannot download/parse structure
5j4d-k -> ProDy: Cannot download/parse structure
5j7l-ap -> ProDy: Cannot download/parse structure
5j88-cp -> ProDy: Cannot download/parse structure
5j8b-j -> ProDy: Cannot download/parse structure
5j8b-z -> ProDy: Cannot download/parse structure
5j8k-ac -> ProDy: Cannot download/parse structure
5j8k-ah -> ProDy: Cannot download/parse structure
5j91-ce -> ProDy: Cannot download/parse structure
5j91-di -> ProDy: Cannot download/parse structure
5jcs-f -> ProDy: Cannot download/parse structure
5jcs-q -> ProDy: Cannot download/parse structure
5jte-au -> ProDy: Cannot download/parse structure
5ju8-af -> ProDy: Cannot download/parse structure
5juo-eb -> ProDy: Cannot download/parse structure
5jup-o -> ProDy: Cannot download/parse structure
5jup-oa -> ProDy: Cannot download/parse structure
5jus-jb -> ProDy: Cannot download/parse structure
5jut-ia -> ProDy: Cannot download/parse structure
5jut-ya -> ProDy: Cannot download/parse structure
5juu-nb -> ProDy: Cannot download/parse structure
5juu-r -> ProDy: Cannot download/parse structure
5juu-rb -> ProDy: Cannot download/parse structure
5juu-ua -> ProDy: Cannot download/parse structure
5kcs-1v -> ProDy: Cannot download/parse structure
5kcs-1w -> ProDy: Cannot download/parse structure
5kps-a -> ProDy: Cannot download/parse structure
5kpw-e -> ProDy: Cannot download/parse structure
5l1d-b -> ProDy: Cannot download/parse structure
5l3p-c -> ProDy: Cannot download/parse structure
5l3p-z -> ProDy: Cannot download/parse structure
5l4g-8 -> ProDy: Cannot download/parse structure
5l4g-u -> ProDy: Cannot download/parse structure
5li0-k -> ProDy: Cannot download/parse structure
5li0-r -> ProDy: Cannot download/parse structure
5li0-s -> ProDy: Cannot download/parse structure
5lks-lb -> ProDy: Cannot download/parse structure
5lqp-ab -> ProDy: Cannot download/parse structure
5lyb-c2 -> ProDy: Cannot download/parse structure
5lyb-p0 -> ProDy: Cannot download/parse structure
5lzd-z -> ProDy: Cannot download/parse structure
5lzs-b -> ProDy: Cannot download/parse structure
5lzs-c -> ProDy: Cannot download/parse structure
5lzs-ee -> ProDy: Cannot download/parse structure
5lzs-jj -> ProDy: Cannot download/parse structure
5lzt-g -> ProDy: Cannot download/parse structure
5lzt-jj -> ProDy: Cannot download/parse structure
5lzu-i -> ProDy: Cannot download/parse structure
5lzu-ii -> ProDy: Cannot download/parse structure
5lzv-cc -> ProDy: Cannot download/parse structure
5lzv-i -> ProDy: Cannot download/parse structure
5lzv-p -> ProDy: Cannot download/parse structure
5lzw-m -> ProDy: Cannot download/parse structure
5lzw-oo -> ProDy: Cannot download/parse structure
5lzx-t -> ProDy: Cannot download/parse structure
5lzx-v -> ProDy: Cannot download/parse structure
5lzy-cc -> ProDy: Cannot download/parse structure
5lzy-ii -> ProDy: Cannot download/parse structure
5lzy-j -> ProDy: Cannot download/parse structure
5lzy-jj -> ProDy: Cannot download/parse structure
5lzz-p -> ProDy: Cannot download/parse structure
5m1j-a2 -> ProDy: Cannot download/parse structure
5mc6-e -> ProDy: Cannot download/parse structure
5mc6-j -> ProDy: Cannot download/parse structure
5mc6-t -> ProDy: Cannot download/parse structure
5mdv-6 -> ProDy: Cannot download/parse structure
5mdw-h -> ProDy: Cannot download/parse structure
5mdw-l -> ProDy: Cannot download/parse structure
5mdw-r -> ProDy: Cannot download/parse structure
5mdy-7 -> ProDy: Cannot download/parse structure
5mdz-q -> ProDy: Cannot download/parse structure
5mkl-a1 -> ProDy: Cannot download/parse structure
5mmm-7 -> ProDy: Cannot download/parse structure
5mmm-c -> ProDy: Cannot download/parse structure
5mmm-e -> ProDy: Cannot download/parse structure
5mmm-g -> ProDy: Cannot download/parse structure
5mmm-i -> ProDy: Cannot download/parse structure
5mmm-j -> ProDy: Cannot download/parse structure
5mmm-k -> ProDy: Cannot download/parse structure
5mmm-l -> ProDy: Cannot download/parse structure
5mmm-q -> ProDy: Cannot download/parse structure
5mmm-t -> ProDy: Cannot download/parse structure
5mmm-u -> ProDy: Cannot download/parse structure
5mmm-v -> ProDy: Cannot download/parse structure
5mmm-w -> ProDy: Cannot download/parse structure
5mmm-y -> ProDy: Cannot download/parse structure
5mpb-r -> ProDy: Cannot download/parse structure
5mpc-8 -> ProDy: Cannot download/parse structure
5mpc-h -> ProDy: Cannot download/parse structure
5mq3-aa -> ProDy: Cannot download/parse structure
5mrc-1 -> ProDy: Cannot download/parse structure
5mrc-4 -> ProDy: Cannot download/parse structure
5mrc-66 -> ProDy: Cannot download/parse structure
5mrc-7 -> ProDy: Cannot download/parse structure
5mrc-9 -> ProDy: Cannot download/parse structure
5mrc-a -> ProDy: Cannot download/parse structure
5mrc-bb -> ProDy: Cannot download/parse structure
5mrc-c -> ProDy: Cannot download/parse structure
5mrc-f -> ProDy: Cannot download/parse structure
5mrc-mm -> ProDy: Cannot download/parse structure
5mrc-nn -> ProDy: Cannot download/parse structure
5mrc-o -> ProDy: Cannot download/parse structure
5mrc-pp -> ProDy: Cannot download/parse structure
5mrc-t -> ProDy: Cannot download/parse structure
5mrc-u -> ProDy: Cannot download/parse structure
5mrc-uu -> ProDy: Cannot download/parse structure
5mrc-yy -> ProDy: Cannot download/parse structure
5mre-5 -> ProDy: Cannot download/parse structure
5mre-55 -> ProDy: Cannot download/parse structure
5mre-8 -> ProDy: Cannot download/parse structure
5mre-88 -> ProDy: Cannot download/parse structure
5mre-aa -> ProDy: Cannot download/parse structure
5mre-b -> ProDy: Cannot download/parse structure
5mre-d -> ProDy: Cannot download/parse structure
5mre-ff -> ProDy: Cannot download/parse structure
5mre-h -> ProDy: Cannot download/parse structure
5mre-hh -> ProDy: Cannot download/parse structure
5mre-ii -> ProDy: Cannot download/parse structure
5mre-ll -> ProDy: Cannot download/parse structure
5mre-oo -> ProDy: Cannot download/parse structure
5mre-r -> ProDy: Cannot download/parse structure
5mre-rr -> ProDy: Cannot download/parse structure
5mre-ss -> ProDy: Cannot download/parse structure
5mre-tt -> ProDy: Cannot download/parse structure
5mre-ww -> ProDy: Cannot download/parse structure
5mre-x -> ProDy: Cannot download/parse structure
5mre-z -> ProDy: Cannot download/parse structure
5mre-zz -> ProDy: Cannot download/parse structure
5mrf-33 -> ProDy: Cannot download/parse structure
5mrf-44 -> ProDy: Cannot download/parse structure
5mrf-6 -> ProDy: Cannot download/parse structure
5mrf-b -> ProDy: Cannot download/parse structure
5mrf-c -> ProDy: Cannot download/parse structure
5mrf-cc -> ProDy: Cannot download/parse structure
5mrf-d -> ProDy: Cannot download/parse structure
5mrf-dd -> ProDy: Cannot download/parse structure
5mrf-e -> ProDy: Cannot download/parse structure
5mrf-ee -> ProDy: Cannot download/parse structure
5mrf-gg -> ProDy: Cannot download/parse structure
5mrf-j -> ProDy: Cannot download/parse structure
5mrf-jj -> ProDy: Cannot download/parse structure
5mrf-k -> ProDy: Cannot download/parse structure
5mrf-kk -> ProDy: Cannot download/parse structure
5mrf-l -> ProDy: Cannot download/parse structure
5mrf-m -> ProDy: Cannot download/parse structure
5mrf-n -> ProDy: Cannot download/parse structure
5mrf-p -> ProDy: Cannot download/parse structure
5mrf-q -> ProDy: Cannot download/parse structure
5mrf-qq -> ProDy: Cannot download/parse structure
5mrf-w -> ProDy: Cannot download/parse structure
5myj-a -> ProDy: Cannot download/parse structure
5myj-ab -> ProDy: Cannot download/parse structure
5myj-ac -> ProDy: Cannot download/parse structure
5myj-ad -> ProDy: Cannot download/parse structure
5myj-ae -> ProDy: Cannot download/parse structure
5myj-af -> ProDy: Cannot download/parse structure
5myj-ag -> ProDy: Cannot download/parse structure
5myj-ah -> ProDy: Cannot download/parse structure
5myj-ai -> ProDy: Cannot download/parse structure
5myj-aj -> ProDy: Cannot download/parse structure
5myj-ak -> ProDy: Cannot download/parse structure
5myj-al -> ProDy: Cannot download/parse structure
5myj-am -> ProDy: Cannot download/parse structure
5myj-an -> ProDy: Cannot download/parse structure
5myj-ao -> ProDy: Cannot download/parse structure
5myj-ap -> ProDy: Cannot download/parse structure
5myj-aq -> ProDy: Cannot download/parse structure
5myj-ar -> ProDy: Cannot download/parse structure
5myj-as -> ProDy: Cannot download/parse structure
5myj-at -> ProDy: Cannot download/parse structure
5myj-b0 -> ProDy: Cannot download/parse structure
5myj-b1 -> ProDy: Cannot download/parse structure
5myj-b3 -> ProDy: Cannot download/parse structure
5myj-b7 -> ProDy: Cannot download/parse structure
5myj-bd -> ProDy: Cannot download/parse structure
5myj-be -> ProDy: Cannot download/parse structure
5myj-bf -> ProDy: Cannot download/parse structure
5myj-bg -> ProDy: Cannot download/parse structure
5myj-bh -> ProDy: Cannot download/parse structure
5myj-bm -> ProDy: Cannot download/parse structure
5myj-bn -> ProDy: Cannot download/parse structure
5myj-bo -> ProDy: Cannot download/parse structure
5myj-bp -> ProDy: Cannot download/parse structure
5myj-bq -> ProDy: Cannot download/parse structure
5myj-br -> ProDy: Cannot download/parse structure
5myj-bs -> ProDy: Cannot download/parse structure
5myj-bt -> ProDy: Cannot download/parse structure
5myj-bu -> ProDy: Cannot download/parse structure
5myj-bv -> ProDy: Cannot download/parse structure
5myj-bw -> ProDy: Cannot download/parse structure
5myj-bx -> ProDy: Cannot download/parse structure
5myj-bz -> ProDy: Cannot download/parse structure
5nd8-3 -> ProDy: Cannot download/parse structure
5nd8-c -> ProDy: Cannot download/parse structure
5nd8-d -> ProDy: Cannot download/parse structure
5nd8-m -> ProDy: Cannot download/parse structure
5nd8-n -> ProDy: Cannot download/parse structure
5nd8-p -> ProDy: Cannot download/parse structure
5nd8-r -> ProDy: Cannot download/parse structure
5nd8-t -> ProDy: Cannot download/parse structure
5nd8-v -> ProDy: Cannot download/parse structure
5nd9-b -> ProDy: Cannot download/parse structure
5nd9-e -> ProDy: Cannot download/parse structure
5nd9-g -> ProDy: Cannot download/parse structure
5nd9-h -> ProDy: Cannot download/parse structure
5nd9-j -> ProDy: Cannot download/parse structure
5nd9-q -> ProDy: Cannot download/parse structure
5ngm-af -> ProDy: Cannot download/parse structure
5ngm-ai -> ProDy: Cannot download/parse structure
5ngm-al -> ProDy: Cannot download/parse structure
5ngm-ao -> ProDy: Cannot download/parse structure
5ngm-at -> ProDy: Cannot download/parse structure
5njt-b -> ProDy: Cannot download/parse structure
5njt-d -> ProDy: Cannot download/parse structure
5njt-e -> ProDy: Cannot download/parse structure
5njt-j -> ProDy: Cannot download/parse structure
5njt-o -> ProDy: Cannot download/parse structure
5njt-r -> ProDy: Cannot download/parse structure
5njt-s -> ProDy: Cannot download/parse structure
5nrl-m -> ProDy: Cannot download/parse structure
5nrl-n -> ProDy: Cannot download/parse structure
5nrl-t -> ProDy: Cannot download/parse structure
5nrl-z -> ProDy: Cannot download/parse structure
5nwy-d -> ProDy: Cannot download/parse structure
5o09-1c -> ProDy: Cannot download/parse structure
5o61-bh -> ProDy: Cannot download/parse structure
5o61-i -> ProDy: Cannot download/parse structure
5o61-k -> ProDy: Cannot download/parse structure
5o61-r -> ProDy: Cannot download/parse structure
5on6-q -> ProDy: Cannot download/parse structure
5oql-a -> ProDy: Cannot download/parse structure
5oql-b -> ProDy: Cannot download/parse structure
5oql-c -> ProDy: Cannot download/parse structure
5oql-d -> ProDy: Cannot download/parse structure
5oql-e -> ProDy: Cannot download/parse structure
5oql-g -> ProDy: Cannot download/parse structure
5oql-h -> ProDy: Cannot download/parse structure
5oql-j -> ProDy: Cannot download/parse structure
5oql-k -> ProDy: Cannot download/parse structure
5oql-l -> ProDy: Cannot download/parse structure
5oql-m -> ProDy: Cannot download/parse structure
5oql-n -> ProDy: Cannot download/parse structure
5oql-o -> ProDy: Cannot download/parse structure
5oql-p -> ProDy: Cannot download/parse structure
5oql-q -> ProDy: Cannot download/parse structure
5oql-r -> ProDy: Cannot download/parse structure
5oql-s -> ProDy: Cannot download/parse structure
5oql-t -> ProDy: Cannot download/parse structure
5oql-u -> ProDy: Cannot download/parse structure
5oql-v -> ProDy: Cannot download/parse structure
5oql-w -> ProDy: Cannot download/parse structure
5oql-x -> ProDy: Cannot download/parse structure
5oql-y -> ProDy: Cannot download/parse structure
5oql-z -> ProDy: Cannot download/parse structure
5t0c-ad -> ProDy: Cannot download/parse structure
5t2a-5 -> ProDy: Cannot download/parse structure
5t2a-6 -> ProDy: Cannot download/parse structure
5t2a-ae -> ProDy: Cannot download/parse structure
5t2a-ah -> ProDy: Cannot download/parse structure
5t2a-an -> ProDy: Cannot download/parse structure
5t2a-ao -> ProDy: Cannot download/parse structure
5t2a-ar -> ProDy: Cannot download/parse structure
5t2a-at -> ProDy: Cannot download/parse structure
5t2a-g -> ProDy: Cannot download/parse structure
5t2a-i -> ProDy: Cannot download/parse structure
5t2a-k -> ProDy: Cannot download/parse structure
5t2a-n -> ProDy: Cannot download/parse structure
5t2a-p -> ProDy: Cannot download/parse structure
5t2a-v -> ProDy: Cannot download/parse structure
5t2a-x -> ProDy: Cannot download/parse structure
5t2c-f -> ProDy: Cannot download/parse structure
5t2c-j -> ProDy: Cannot download/parse structure
5t2c-r -> ProDy: Cannot download/parse structure
5t5h-a -> ProDy: Cannot download/parse structure
5t5h-b -> ProDy: Cannot download/parse structure
5t5h-c -> ProDy: Cannot download/parse structure
5t5h-d -> ProDy: Cannot download/parse structure
5t5h-e -> ProDy: Cannot download/parse structure
5t5h-f -> ProDy: Cannot download/parse structure
5t5h-g -> ProDy: Cannot download/parse structure
5t5h-h -> ProDy: Cannot download/parse structure
5t5h-i -> ProDy: Cannot download/parse structure
5t5h-j -> ProDy: Cannot download/parse structure
5t5h-k -> ProDy: Cannot download/parse structure
5t5h-l -> ProDy: Cannot download/parse structure
5t5h-m -> ProDy: Cannot download/parse structure
5t5h-n -> ProDy: Cannot download/parse structure
5t5h-o -> ProDy: Cannot download/parse structure
5t5h-p -> ProDy: Cannot download/parse structure
5t5h-q -> ProDy: Cannot download/parse structure
5t5h-r -> ProDy: Cannot download/parse structure
5t5h-s -> ProDy: Cannot download/parse structure
5t5h-t -> ProDy: Cannot download/parse structure
5t5h-u -> ProDy: Cannot download/parse structure
5t5h-v -> ProDy: Cannot download/parse structure
5t5h-w -> ProDy: Cannot download/parse structure
5t5h-x -> ProDy: Cannot download/parse structure
5t5h-z -> ProDy: Cannot download/parse structure
5t62-i -> ProDy: Cannot download/parse structure
5t62-w -> ProDy: Cannot download/parse structure
5t62-x -> ProDy: Cannot download/parse structure
5t6r-f -> ProDy: Cannot download/parse structure
5t6r-v -> ProDy: Cannot download/parse structure
5t7v-lc -> ProDy: Cannot download/parse structure
5t7v-s1 -> ProDy: Cannot download/parse structure
5t9s-f -> ProDy: Cannot download/parse structure
5tcu-l4 -> ProDy: Cannot download/parse structure
5tcu-l8 -> ProDy: Cannot download/parse structure
5tcu-lf -> ProDy: Cannot download/parse structure
5tcu-s1 -> ProDy: Cannot download/parse structure
5tgm-c1 -> ProDy: Cannot download/parse structure
5tgm-n5 -> ProDy: Cannot download/parse structure
5tgm-p0 -> ProDy: Cannot download/parse structure
5tx1-a -> ProDy: Cannot download/parse structure
5tx1-m -> ProDy: Cannot download/parse structure
5tx1-n -> ProDy: Cannot download/parse structure
5tx1-p -> ProDy: Cannot download/parse structure
5tx1-u -> ProDy: Cannot download/parse structure
5u4i-q -> ProDy: Cannot download/parse structure
5u4i-s -> ProDy: Cannot download/parse structure
5u4i-v -> ProDy: Cannot download/parse structure
5u9g-y -> ProDy: Cannot download/parse structure
5umd-0 -> ProDy: Cannot download/parse structure
5umd-1 -> ProDy: Cannot download/parse structure
5umd-5 -> ProDy: Cannot download/parse structure
5umd-6 -> ProDy: Cannot download/parse structure
5umd-a -> ProDy: Cannot download/parse structure
5umd-d -> ProDy: Cannot download/parse structure
5umd-g -> ProDy: Cannot download/parse structure
5umd-h -> ProDy: Cannot download/parse structure
5umd-j -> ProDy: Cannot download/parse structure
5umd-k -> ProDy: Cannot download/parse structure
5umd-m -> ProDy: Cannot download/parse structure
5umd-n -> ProDy: Cannot download/parse structure
5umd-o -> ProDy: Cannot download/parse structure
5umd-q -> ProDy: Cannot download/parse structure
5umd-r -> ProDy: Cannot download/parse structure
5umd-s -> ProDy: Cannot download/parse structure
5umd-u -> ProDy: Cannot download/parse structure
5umd-w -> ProDy: Cannot download/parse structure
5uq8-c -> ProDy: Cannot download/parse structure
5v93-6 -> ProDy: Cannot download/parse structure
5v93-c -> ProDy: Cannot download/parse structure
5v93-d -> ProDy: Cannot download/parse structure
5v93-e -> ProDy: Cannot download/parse structure
5v93-f -> ProDy: Cannot download/parse structure
5v93-i -> ProDy: Cannot download/parse structure
5v93-k -> ProDy: Cannot download/parse structure
5v93-m -> ProDy: Cannot download/parse structure
5v93-n -> ProDy: Cannot download/parse structure
5v93-o -> ProDy: Cannot download/parse structure
5v93-p -> ProDy: Cannot download/parse structure
5v93-q -> ProDy: Cannot download/parse structure
5v93-r -> ProDy: Cannot download/parse structure
5v93-s -> ProDy: Cannot download/parse structure
5v93-t -> ProDy: Cannot download/parse structure
5v93-u -> ProDy: Cannot download/parse structure
5v93-v -> ProDy: Cannot download/parse structure
5v93-x -> ProDy: Cannot download/parse structure
5v93-y -> ProDy: Cannot download/parse structure
5vfp-b -> ProDy: Cannot download/parse structure
5vfp-e -> ProDy: Cannot download/parse structure
5vfp-f -> ProDy: Cannot download/parse structure
5vfq-z -> ProDy: Cannot download/parse structure
5vfu-a -> ProDy: Cannot download/parse structure
5vfu-d -> ProDy: Cannot download/parse structure
5vku-g -> ProDy: Cannot download/parse structure
5vku-h -> ProDy: Cannot download/parse structure
5vku-q -> ProDy: Cannot download/parse structure
5vyc-e1 -> ProDy: Cannot download/parse structure
5vyc-l1 -> ProDy: Cannot download/parse structure
5vyc-r1 -> ProDy: Cannot download/parse structure
5w4k-1e -> ProDy: Cannot download/parse structure
5wit-1k -> ProDy: Cannot download/parse structure
5wk6-a -> ProDy: Cannot download/parse structure
5wlc-lh -> ProDy: Cannot download/parse structure
5wlc-lj -> ProDy: Cannot download/parse structure
5wlc-lk -> ProDy: Cannot download/parse structure
5wlc-ll -> ProDy: Cannot download/parse structure
5wlc-ln -> ProDy: Cannot download/parse structure
5wlc-lo -> ProDy: Cannot download/parse structure
5wlc-lp -> ProDy: Cannot download/parse structure
5wlc-lr -> ProDy: Cannot download/parse structure
5wlc-ls -> ProDy: Cannot download/parse structure
5wlc-lu -> ProDy: Cannot download/parse structure
5wlc-lv -> ProDy: Cannot download/parse structure
5wlc-lw -> ProDy: Cannot download/parse structure
5wlc-na -> ProDy: Cannot download/parse structure
5wlc-nb -> ProDy: Cannot download/parse structure
5wlc-nc -> ProDy: Cannot download/parse structure
5wlc-nd -> ProDy: Cannot download/parse structure
5wlc-ne -> ProDy: Cannot download/parse structure
5wlc-ni -> ProDy: Cannot download/parse structure
5wlc-sg -> ProDy: Cannot download/parse structure
5wlc-sh -> ProDy: Cannot download/parse structure
5wlc-sm -> ProDy: Cannot download/parse structure
5wlc-sn -> ProDy: Cannot download/parse structure
5wlc-sq -> ProDy: Cannot download/parse structure
5wlc-ss -> ProDy: Cannot download/parse structure
5wlc-st -> ProDy: Cannot download/parse structure
5wlc-su -> ProDy: Cannot download/parse structure
5wlc-sv -> ProDy: Cannot download/parse structure
5wlc-sy -> ProDy: Cannot download/parse structure
5wp9-a -> ProDy: Cannot download/parse structure
5wvi-k -> ProDy: Cannot download/parse structure
5wvi-l -> ProDy: Cannot download/parse structure
5wvi-z -> ProDy: Cannot download/parse structure
5wvk-x -> ProDy: Cannot download/parse structure
5wyj-bc -> ProDy: Cannot download/parse structure
5wyj-be -> ProDy: Cannot download/parse structure
5wyj-e3 -> ProDy: Cannot download/parse structure
5wyj-k1 -> ProDy: Cannot download/parse structure
5wyj-ma -> ProDy: Cannot download/parse structure
5wyj-p1 -> ProDy: Cannot download/parse structure
5wyj-sg -> ProDy: Cannot download/parse structure
5wyj-u4 -> ProDy: Cannot download/parse structure
5wyk-3b -> ProDy: Cannot download/parse structure
5wyk-3d -> ProDy: Cannot download/parse structure
5wyk-3e -> ProDy: Cannot download/parse structure
5wyk-bb -> ProDy: Cannot download/parse structure
5wyk-mc -> ProDy: Cannot download/parse structure
5wyk-sf -> ProDy: Cannot download/parse structure
5x8p-8 -> ProDy: Cannot download/parse structure
5x8p-b -> ProDy: Cannot download/parse structure
5x8p-d -> ProDy: Cannot download/parse structure
5x8p-j -> ProDy: Cannot download/parse structure
5x8p-k -> ProDy: Cannot download/parse structure
5x8p-n -> ProDy: Cannot download/parse structure
5x8p-p -> ProDy: Cannot download/parse structure
5x8p-q -> ProDy: Cannot download/parse structure
5x8p-s -> ProDy: Cannot download/parse structure
5x8p-u -> ProDy: Cannot download/parse structure
5x8p-z -> ProDy: Cannot download/parse structure
5xjc-j -> ProDy: Cannot download/parse structure
5xjc-r -> ProDy: Cannot download/parse structure
5xjc-x -> ProDy: Cannot download/parse structure
5xth-aa -> ProDy: Cannot download/parse structure
5xth-ah -> ProDy: Cannot download/parse structure
5xth-ak -> ProDy: Cannot download/parse structure
5xth-al -> ProDy: Cannot download/parse structure
5xth-c -> ProDy: Cannot download/parse structure
5xth-g -> ProDy: Cannot download/parse structure
5xth-i -> ProDy: Cannot download/parse structure
5xth-k -> ProDy: Cannot download/parse structure
5xth-l -> ProDy: Cannot download/parse structure
5xth-p -> ProDy: Cannot download/parse structure
5xth-q -> ProDy: Cannot download/parse structure
5xth-s -> ProDy: Cannot download/parse structure
5xth-u -> ProDy: Cannot download/parse structure
5xth-z -> ProDy: Cannot download/parse structure
5xti-ac -> ProDy: Cannot download/parse structure
5xti-ad -> ProDy: Cannot download/parse structure
5xti-af -> ProDy: Cannot download/parse structure
5xti-h -> ProDy: Cannot download/parse structure
5xti-i -> ProDy: Cannot download/parse structure
5xti-j -> ProDy: Cannot download/parse structure
5xti-m -> ProDy: Cannot download/parse structure
5xti-n -> ProDy: Cannot download/parse structure
5xti-r -> ProDy: Cannot download/parse structure
5xti-v -> ProDy: Cannot download/parse structure
5xti-w -> ProDy: Cannot download/parse structure
5xy3-a -> ProDy: Cannot download/parse structure
5xy3-b -> ProDy: Cannot download/parse structure
5xy3-c -> ProDy: Cannot download/parse structure
5xy3-d -> ProDy: Cannot download/parse structure
5xy3-e -> ProDy: Cannot download/parse structure
5xy3-f -> ProDy: Cannot download/parse structure
5xy3-g -> ProDy: Cannot download/parse structure
5xy3-h -> ProDy: Cannot download/parse structure
5xy3-i -> ProDy: Cannot download/parse structure
5xy3-j -> ProDy: Cannot download/parse structure
5xy3-k -> ProDy: Cannot download/parse structure
5xy3-l -> ProDy: Cannot download/parse structure
5xy3-m -> ProDy: Cannot download/parse structure
5xy3-n -> ProDy: Cannot download/parse structure
5xy3-o -> ProDy: Cannot download/parse structure
5xy3-p -> ProDy: Cannot download/parse structure
5xy3-q -> ProDy: Cannot download/parse structure
5xy3-r -> ProDy: Cannot download/parse structure
5xy3-s -> ProDy: Cannot download/parse structure
5xy3-t -> ProDy: Cannot download/parse structure
5xy3-u -> ProDy: Cannot download/parse structure
5xy3-v -> ProDy: Cannot download/parse structure
5xy3-w -> ProDy: Cannot download/parse structure
5xy3-x -> ProDy: Cannot download/parse structure
5xy3-y -> ProDy: Cannot download/parse structure
5xy3-z -> ProDy: Cannot download/parse structure
5yzg-2 -> ProDy: Cannot download/parse structure
5yzg-3 -> ProDy: Cannot download/parse structure
5yzg-w -> ProDy: Cannot download/parse structure
5yzg-x -> ProDy: Cannot download/parse structure
5yzg-y -> ProDy: Cannot download/parse structure
5z56-q -> ProDy: Cannot download/parse structure
5z56-z -> ProDy: Cannot download/parse structure
5z57-k -> ProDy: Cannot download/parse structure
5z57-v -> ProDy: Cannot download/parse structure
5zap-q -> ProDy: Cannot download/parse structure
5zap-s -> ProDy: Cannot download/parse structure
5zeb-1 -> ProDy: Cannot download/parse structure
5zeb-2 -> ProDy: Cannot download/parse structure
5zeb-6 -> ProDy: Cannot download/parse structure
5zeb-b -> ProDy: Cannot download/parse structure
5zeb-c -> ProDy: Cannot download/parse structure
5zeb-d -> ProDy: Cannot download/parse structure
5zeb-k -> ProDy: Cannot download/parse structure
5zeb-m -> ProDy: Cannot download/parse structure
5zeb-o -> ProDy: Cannot download/parse structure
5zeb-r -> ProDy: Cannot download/parse structure
5zeb-w -> ProDy: Cannot download/parse structure
5zep-e -> ProDy: Cannot download/parse structure
5zep-h -> ProDy: Cannot download/parse structure
5zep-p -> ProDy: Cannot download/parse structure
5zep-q -> ProDy: Cannot download/parse structure
5zep-u -> ProDy: Cannot download/parse structure
5zep-x -> ProDy: Cannot download/parse structure
5zep-y -> ProDy: Cannot download/parse structure
5zf0-k1 -> ProDy: Cannot download/parse structure
5zlu-ee -> ProDy: Cannot download/parse structure
5zlu-f -> ProDy: Cannot download/parse structure
5zwm-4 -> ProDy: Cannot download/parse structure
5zwm-j -> ProDy: Cannot download/parse structure
5zwm-o -> ProDy: Cannot download/parse structure
5zwm-s -> ProDy: Cannot download/parse structure
5zwm-v -> ProDy: Cannot download/parse structure
5zwm-x -> ProDy: Cannot download/parse structure
5zz8-h -> ProDy: Cannot download/parse structure
5zz8-q -> ProDy: Cannot download/parse structure
5zz8-r -> ProDy: Cannot download/parse structure
6ahd-0 -> ProDy: Cannot download/parse structure
6ahd-8 -> ProDy: Cannot download/parse structure
6ahd-9 -> ProDy: Cannot download/parse structure
6ahd-a0 -> ProDy: Cannot download/parse structure
6ahd-n -> ProDy: Cannot download/parse structure
6ahd-u -> ProDy: Cannot download/parse structure
6ahd-v -> ProDy: Cannot download/parse structure
6ahd-x -> ProDy: Cannot download/parse structure
6az3-b -> ProDy: Cannot download/parse structure
6az3-c -> ProDy: Cannot download/parse structure
6az3-d -> ProDy: Cannot download/parse structure
6az3-e -> ProDy: Cannot download/parse structure
6az3-f -> ProDy: Cannot download/parse structure
6az3-g -> ProDy: Cannot download/parse structure
6az3-h -> ProDy: Cannot download/parse structure
6az3-k -> ProDy: Cannot download/parse structure
6az3-n -> ProDy: Cannot download/parse structure
6az3-o -> ProDy: Cannot download/parse structure
6az3-q -> ProDy: Cannot download/parse structure
6az3-v -> ProDy: Cannot download/parse structure
6az3-w -> ProDy: Cannot download/parse structure
6b1t-m -> ProDy: Cannot download/parse structure
6b1t-x -> ProDy: Cannot download/parse structure
6b43-5 -> ProDy: Cannot download/parse structure
6b43-6 -> ProDy: Cannot download/parse structure
6b43-g -> ProDy: Cannot download/parse structure
6b4v-ya -> ProDy: Cannot download/parse structure
6bbm-v -> ProDy: Cannot download/parse structure
6bcu-x -> ProDy: Cannot download/parse structure
6bok-gd -> ProDy: Cannot download/parse structure
6buw-qi -> ProDy: Cannot download/parse structure
6bwx-a -> ProDy: Cannot download/parse structure
6bx0-a -> ProDy: Cannot download/parse structure
6bx1-a -> ProDy: Cannot download/parse structure
6by1-c5 -> ProDy: Cannot download/parse structure
6by1-ci -> ProDy: Cannot download/parse structure
6bz7-r3 -> ProDy: Cannot download/parse structure
6c4i-n -> ProDy: Cannot download/parse structure
6cfj-1d -> ProDy: Cannot download/parse structure
6cgr-5 -> ProDy: Cannot download/parse structure
6cgr-6 -> ProDy: Cannot download/parse structure
6cgr-g -> ProDy: Cannot download/parse structure
6cgr-k -> ProDy: Cannot download/parse structure
6cgr-l -> ProDy: Cannot download/parse structure
6d90-c -> ProDy: Cannot download/parse structure
6d90-dd -> ProDy: Cannot download/parse structure
6d90-kk -> ProDy: Cannot download/parse structure
6d90-rr -> ProDy: Cannot download/parse structure
6d9j-bb -> ProDy: Cannot download/parse structure
6d9j-ee -> ProDy: Cannot download/parse structure
6d9j-g -> ProDy: Cannot download/parse structure
6d9j-hh -> ProDy: Cannot download/parse structure
6d9j-m -> ProDy: Cannot download/parse structure
6d9j-o -> ProDy: Cannot download/parse structure
6d9j-s -> ProDy: Cannot download/parse structure
6d9j-t -> ProDy: Cannot download/parse structure
6d9j-zz -> ProDy: Cannot download/parse structure
6dnc-ba -> ProDy: Cannot download/parse structure
6dzi-4 -> ProDy: Cannot download/parse structure
6dzi-6 -> ProDy: Cannot download/parse structure
6dzi-8 -> ProDy: Cannot download/parse structure
6dzi-i -> ProDy: Cannot download/parse structure
6dzi-k -> ProDy: Cannot download/parse structure
6dzi-m -> ProDy: Cannot download/parse structure
6dzi-o -> ProDy: Cannot download/parse structure
6dzi-r -> ProDy: Cannot download/parse structure
6dzi-t -> ProDy: Cannot download/parse structure
6dzi-w -> ProDy: Cannot download/parse structure
6dzi-x -> ProDy: Cannot download/parse structure
6dzi-y -> ProDy: Cannot download/parse structure
6dzi-z -> ProDy: Cannot download/parse structure
6e39-a1 -> ProDy: Cannot download/parse structure
6e8g-s -> ProDy: Cannot download/parse structure
6e8g-t -> ProDy: Cannot download/parse structure
6elz-l -> ProDy: Cannot download/parse structure
6elz-o -> ProDy: Cannot download/parse structure
6elz-p -> ProDy: Cannot download/parse structure
6elz-q -> ProDy: Cannot download/parse structure
6elz-v -> ProDy: Cannot download/parse structure
6elz-w -> ProDy: Cannot download/parse structure
6elz-z -> ProDy: Cannot download/parse structure
6em1-3 -> ProDy: Cannot download/parse structure
6em1-m -> ProDy: Cannot download/parse structure
6em1-o -> ProDy: Cannot download/parse structure
6em1-t -> ProDy: Cannot download/parse structure
6enu-w -> ProDy: Cannot download/parse structure
6eri-ac -> ProDy: Cannot download/parse structure
6eri-ad -> ProDy: Cannot download/parse structure
6eri-ae -> ProDy: Cannot download/parse structure
6eri-ap -> ProDy: Cannot download/parse structure
6eri-ar -> ProDy: Cannot download/parse structure
6eri-as -> ProDy: Cannot download/parse structure
6eri-at -> ProDy: Cannot download/parse structure
6eri-au -> ProDy: Cannot download/parse structure
6eri-aw -> ProDy: Cannot download/parse structure
6eri-ay -> ProDy: Cannot download/parse structure
6eri-az -> ProDy: Cannot download/parse structure
6eri-be -> ProDy: Cannot download/parse structure
6eri-bf -> ProDy: Cannot download/parse structure
6eri-bi -> ProDy: Cannot download/parse structure
6eri-bj -> ProDy: Cannot download/parse structure
6eri-bk -> ProDy: Cannot download/parse structure
6eri-bm -> ProDy: Cannot download/parse structure
6eri-bo -> ProDy: Cannot download/parse structure
6eri-bq -> ProDy: Cannot download/parse structure
6eri-bs -> ProDy: Cannot download/parse structure
6fec-3 -> ProDy: Cannot download/parse structure
6fec-5 -> ProDy: Cannot download/parse structure
6fec-6 -> ProDy: Cannot download/parse structure
6fec-8 -> ProDy: Cannot download/parse structure
6fec-p -> ProDy: Cannot download/parse structure
6fec-s -> ProDy: Cannot download/parse structure
6fec-u -> ProDy: Cannot download/parse structure
6frk-r -> ProDy: Cannot download/parse structure
6frk-u -> ProDy: Cannot download/parse structure
6frk-x -> ProDy: Cannot download/parse structure
6frk-z -> ProDy: Cannot download/parse structure
6fsz-dd -> ProDy: Cannot download/parse structure
6fsz-ii -> ProDy: Cannot download/parse structure
6fsz-kk -> ProDy: Cannot download/parse structure
6ft6-5 -> ProDy: Cannot download/parse structure
6ft6-r -> ProDy: Cannot download/parse structure
6ft6-s -> ProDy: Cannot download/parse structure
6fti-5 -> ProDy: Cannot download/parse structure
6ftj-1 -> ProDy: Cannot download/parse structure
6ftj-e -> ProDy: Cannot download/parse structure
6fvt-x -> ProDy: Cannot download/parse structure
6fvu-i -> ProDy: Cannot download/parse structure
6fvu-l -> ProDy: Cannot download/parse structure
6fvw-g -> ProDy: Cannot download/parse structure
6fvw-u -> ProDy: Cannot download/parse structure
6fvx-w -> ProDy: Cannot download/parse structure
6fvy-y -> ProDy: Cannot download/parse structure
6fxc-ab -> ProDy: Cannot download/parse structure
6fxc-ah -> ProDy: Cannot download/parse structure
6fyx-f -> ProDy: Cannot download/parse structure
6fyx-l -> ProDy: Cannot download/parse structure
6fyx-o -> ProDy: Cannot download/parse structure
6fyx-p -> ProDy: Cannot download/parse structure
6fyx-q -> ProDy: Cannot download/parse structure
6fyy-a -> ProDy: Cannot download/parse structure
6fyy-b -> ProDy: Cannot download/parse structure
6fyy-i -> ProDy: Cannot download/parse structure
6fyy-j -> ProDy: Cannot download/parse structure
6fyy-m -> ProDy: Cannot download/parse structure
6fyy-p -> ProDy: Cannot download/parse structure
6fyy-r -> ProDy: Cannot download/parse structure
6gaw-ae -> ProDy: Cannot download/parse structure
6gaw-ag -> ProDy: Cannot download/parse structure
6gaw-ah -> ProDy: Cannot download/parse structure
6gaw-ai -> ProDy: Cannot download/parse structure
6gaw-aj -> ProDy: Cannot download/parse structure
6gaw-ak -> ProDy: Cannot download/parse structure
6gaw-al -> ProDy: Cannot download/parse structure
6gaw-am -> ProDy: Cannot download/parse structure
6gaw-ao -> ProDy: Cannot download/parse structure
6gaw-b2 -> ProDy: Cannot download/parse structure
6gaw-b4 -> ProDy: Cannot download/parse structure
6gaw-b5 -> ProDy: Cannot download/parse structure
6gaw-b8 -> ProDy: Cannot download/parse structure
6gaw-b9 -> ProDy: Cannot download/parse structure
6gaw-bb -> ProDy: Cannot download/parse structure
6gaw-bd -> ProDy: Cannot download/parse structure
6gaw-bm -> ProDy: Cannot download/parse structure
6gaw-bn -> ProDy: Cannot download/parse structure
6gaw-bu -> ProDy: Cannot download/parse structure
6gaw-bv -> ProDy: Cannot download/parse structure
6gaz-aa -> ProDy: Cannot download/parse structure
6gaz-ab -> ProDy: Cannot download/parse structure
6gaz-ac -> ProDy: Cannot download/parse structure
6gaz-ad -> ProDy: Cannot download/parse structure
6gaz-ae -> ProDy: Cannot download/parse structure
6gaz-af -> ProDy: Cannot download/parse structure
6gaz-an -> ProDy: Cannot download/parse structure
6gaz-ao -> ProDy: Cannot download/parse structure
6gaz-ap -> ProDy: Cannot download/parse structure
6gaz-bt -> ProDy: Cannot download/parse structure
6gb2-bc -> ProDy: Cannot download/parse structure
6gb2-bd -> ProDy: Cannot download/parse structure
6gb2-be -> ProDy: Cannot download/parse structure
6gb2-bh -> ProDy: Cannot download/parse structure
6gb2-bj -> ProDy: Cannot download/parse structure
6gb2-bk -> ProDy: Cannot download/parse structure
6gb2-bo -> ProDy: Cannot download/parse structure
6gb2-bq -> ProDy: Cannot download/parse structure
6gb2-br -> ProDy: Cannot download/parse structure
6gb2-bt -> ProDy: Cannot download/parse structure
6gb2-bv -> ProDy: Cannot download/parse structure
6gb2-bw -> ProDy: Cannot download/parse structure
6gb2-cl -> ProDy: Cannot download/parse structure
6gmh-u -> ProDy: Cannot download/parse structure
6gmh-v -> ProDy: Cannot download/parse structure
6gml-x -> ProDy: Cannot download/parse structure
6gq1-p0 -> ProDy: Cannot download/parse structure
6gqb-p2 -> ProDy: Cannot download/parse structure
6gqb-u -> ProDy: Cannot download/parse structure
6gsk-4i -> ProDy: Cannot download/parse structure
6gsl-18 -> ProDy: Cannot download/parse structure
6gua-a -> ProDy: Cannot download/parse structure
6gxo-v -> ProDy: Cannot download/parse structure
6gzq-r2 -> ProDy: Cannot download/parse structure
6h03-d -> ProDy: Cannot download/parse structure
6h03-g -> ProDy: Cannot download/parse structure
6h4n-g -> ProDy: Cannot download/parse structure
6h58-x -> ProDy: Cannot download/parse structure
6h58-y -> ProDy: Cannot download/parse structure
6h8k-3 -> ProDy: Cannot download/parse structure
6h8k-a -> ProDy: Cannot download/parse structure
6h8k-b -> ProDy: Cannot download/parse structure
6h8k-c -> ProDy: Cannot download/parse structure
6h8k-i -> ProDy: Cannot download/parse structure
6h8k-k -> ProDy: Cannot download/parse structure
6ha1-3 -> ProDy: Cannot download/parse structure
6ha1-c -> ProDy: Cannot download/parse structure
6ha1-f -> ProDy: Cannot download/parse structure
6ha1-m -> ProDy: Cannot download/parse structure
6ha1-n -> ProDy: Cannot download/parse structure
6ha1-o -> ProDy: Cannot download/parse structure
6ha1-p -> ProDy: Cannot download/parse structure
6ha1-q -> ProDy: Cannot download/parse structure
6ha1-w -> ProDy: Cannot download/parse structure
6ha1-x -> ProDy: Cannot download/parse structure
6ha8-6 -> ProDy: Cannot download/parse structure
6ha8-8 -> ProDy: Cannot download/parse structure
6ha8-b -> ProDy: Cannot download/parse structure
6ha8-c -> ProDy: Cannot download/parse structure
6ha8-d -> ProDy: Cannot download/parse structure
6ha8-e -> ProDy: Cannot download/parse structure
6ha8-k -> ProDy: Cannot download/parse structure
6ha8-l -> ProDy: Cannot download/parse structure
6ha8-m -> ProDy: Cannot download/parse structure
6ha8-n -> ProDy: Cannot download/parse structure
6ha8-s -> ProDy: Cannot download/parse structure
6ha8-t -> ProDy: Cannot download/parse structure
6ha8-v -> ProDy: Cannot download/parse structure
6hcf-h3 -> ProDy: Cannot download/parse structure
6hcf-u3 -> ProDy: Cannot download/parse structure
6hcj-a3 -> ProDy: Cannot download/parse structure
6hcj-d3 -> ProDy: Cannot download/parse structure
6hcj-j2 -> ProDy: Cannot download/parse structure
6hcj-m3 -> ProDy: Cannot download/parse structure
6hcm-k1 -> ProDy: Cannot download/parse structure
6hcm-q3 -> ProDy: Cannot download/parse structure
6hcm-y3 -> ProDy: Cannot download/parse structure
6hcq-b3 -> ProDy: Cannot download/parse structure
6hcq-n2 -> ProDy: Cannot download/parse structure
6hcq-o3 -> ProDy: Cannot download/parse structure
6hcq-t3 -> ProDy: Cannot download/parse structure
6hd7-e -> ProDy: Cannot download/parse structure
6hd7-o -> ProDy: Cannot download/parse structure
6hhq-5 -> ProDy: Cannot download/parse structure
6hhq-g -> ProDy: Cannot download/parse structure
6hhq-h -> ProDy: Cannot download/parse structure
6hhq-p -> ProDy: Cannot download/parse structure
6hiv-a1 -> ProDy: Cannot download/parse structure
6hiv-a2 -> ProDy: Cannot download/parse structure
6hiv-a6 -> ProDy: Cannot download/parse structure
6hiv-ab -> ProDy: Cannot download/parse structure
6hiv-ai -> ProDy: Cannot download/parse structure
6hiv-al -> ProDy: Cannot download/parse structure
6hiv-ap -> ProDy: Cannot download/parse structure
6hiv-at -> ProDy: Cannot download/parse structure
6hiv-aw -> ProDy: Cannot download/parse structure
6hiv-ay -> ProDy: Cannot download/parse structure
6hiv-bb -> ProDy: Cannot download/parse structure
6hiv-bc -> ProDy: Cannot download/parse structure
6hiv-be -> ProDy: Cannot download/parse structure
6hiv-bf -> ProDy: Cannot download/parse structure
6hiv-bm -> ProDy: Cannot download/parse structure
6hiv-bn -> ProDy: Cannot download/parse structure
6hiv-br -> ProDy: Cannot download/parse structure
6hiv-ca -> ProDy: Cannot download/parse structure
6hiv-cd -> ProDy: Cannot download/parse structure
6hiv-ce -> ProDy: Cannot download/parse structure
6hiv-cj -> ProDy: Cannot download/parse structure
6hiv-cl -> ProDy: Cannot download/parse structure
6hiv-cn -> ProDy: Cannot download/parse structure
6hiv-cp -> ProDy: Cannot download/parse structure
6hiv-cq -> ProDy: Cannot download/parse structure
6hiv-dd -> ProDy: Cannot download/parse structure
6hiv-de -> ProDy: Cannot download/parse structure
6hiv-di -> ProDy: Cannot download/parse structure
6hiv-dj -> ProDy: Cannot download/parse structure
6hiv-dl -> ProDy: Cannot download/parse structure
6hiv-do -> ProDy: Cannot download/parse structure
6hiv-dp -> ProDy: Cannot download/parse structure
6hiv-ds -> ProDy: Cannot download/parse structure
6hiv-dv -> ProDy: Cannot download/parse structure
6hiw-cb -> ProDy: Cannot download/parse structure
6hiw-ch -> ProDy: Cannot download/parse structure
6hiw-cn -> ProDy: Cannot download/parse structure
6hiw-cp -> ProDy: Cannot download/parse structure
6hiw-cs -> ProDy: Cannot download/parse structure
6hiw-cu -> ProDy: Cannot download/parse structure
6hiw-cz -> ProDy: Cannot download/parse structure
6hiw-dg -> ProDy: Cannot download/parse structure
6hiw-dh -> ProDy: Cannot download/parse structure
6hiw-dn -> ProDy: Cannot download/parse structure
6hiw-dq -> ProDy: Cannot download/parse structure
6hiw-dr -> ProDy: Cannot download/parse structure
6hiw-dt -> ProDy: Cannot download/parse structure
6hiw-du -> ProDy: Cannot download/parse structure
6hiw-dx -> ProDy: Cannot download/parse structure
6hiw-dy -> ProDy: Cannot download/parse structure
6hix-a4 -> ProDy: Cannot download/parse structure
6hix-a5 -> ProDy: Cannot download/parse structure
6hix-ae -> ProDy: Cannot download/parse structure
6hix-af -> ProDy: Cannot download/parse structure
6hix-ag -> ProDy: Cannot download/parse structure
6hix-aj -> ProDy: Cannot download/parse structure
6hix-ak -> ProDy: Cannot download/parse structure
6hix-an -> ProDy: Cannot download/parse structure
6hix-ap -> ProDy: Cannot download/parse structure
6hix-aq -> ProDy: Cannot download/parse structure
6hix-ar -> ProDy: Cannot download/parse structure
6hix-au -> ProDy: Cannot download/parse structure
6hix-av -> ProDy: Cannot download/parse structure
6hix-ax -> ProDy: Cannot download/parse structure
6hix-be -> ProDy: Cannot download/parse structure
6hix-bg -> ProDy: Cannot download/parse structure
6hix-bh -> ProDy: Cannot download/parse structure
6hix-bi -> ProDy: Cannot download/parse structure
6hix-bj -> ProDy: Cannot download/parse structure
6hix-bn -> ProDy: Cannot download/parse structure
6hix-bq -> ProDy: Cannot download/parse structure
6hix-bs -> ProDy: Cannot download/parse structure
6hix-bw -> ProDy: Cannot download/parse structure
6hix-bz -> ProDy: Cannot download/parse structure
6hiy-cf -> ProDy: Cannot download/parse structure
6hiy-cj -> ProDy: Cannot download/parse structure
6hiy-ck -> ProDy: Cannot download/parse structure
6hiy-co -> ProDy: Cannot download/parse structure
6hiy-cq -> ProDy: Cannot download/parse structure
6hiy-cr -> ProDy: Cannot download/parse structure
6hiy-dm -> ProDy: Cannot download/parse structure
6hiy-dz -> ProDy: Cannot download/parse structure
6hiz-cg -> ProDy: Cannot download/parse structure
6hiz-ci -> ProDy: Cannot download/parse structure
6hiz-ck -> ProDy: Cannot download/parse structure
6hiz-cr -> ProDy: Cannot download/parse structure
6hiz-df -> ProDy: Cannot download/parse structure
6hiz-dw -> ProDy: Cannot download/parse structure
6i7o-e -> ProDy: Cannot download/parse structure
6i7v-ch -> ProDy: Cannot download/parse structure
6i7v-d7 -> ProDy: Cannot download/parse structure
6igc-a -> ProDy: Cannot download/parse structure
6ip5-1d -> ProDy: Cannot download/parse structure
6ip5-2f -> ProDy: Cannot download/parse structure
6ip5-2m -> ProDy: Cannot download/parse structure
6ip5-2q -> ProDy: Cannot download/parse structure
6ip5-3o -> ProDy: Cannot download/parse structure
6ip6-2l -> ProDy: Cannot download/parse structure
6ip8-21 -> ProDy: Cannot download/parse structure
6j2c-o -> ProDy: Cannot download/parse structure
6j2n-s -> ProDy: Cannot download/parse structure
6j2x-p -> ProDy: Cannot download/parse structure
6j30-c -> ProDy: Cannot download/parse structure
6j30-q -> ProDy: Cannot download/parse structure
6m99-b -> ProDy: Cannot download/parse structure
6msd-e -> ProDy: Cannot download/parse structure
6msd-z -> ProDy: Cannot download/parse structure
6mse-u -> ProDy: Cannot download/parse structure
6msg-w -> ProDy: Cannot download/parse structure
6msk-b -> ProDy: Cannot download/parse structure
6msk-x -> ProDy: Cannot download/parse structure
6mtc-u -> ProDy: Cannot download/parse structure
6mtd-e -> ProDy: Cannot download/parse structure
6mtd-v -> ProDy: Cannot download/parse structure
6mte-cc -> ProDy: Cannot download/parse structure
6n2d-a -> ProDy: Cannot download/parse structure
6n2y-a -> ProDy: Cannot download/parse structure
6n2y-b2 -> ProDy: Cannot download/parse structure
6n2y-g -> ProDy: Cannot download/parse structure
6n2z-b1 -> ProDy: Cannot download/parse structure
6n30-c3 -> ProDy: Cannot download/parse structure
6n30-i -> ProDy: Cannot download/parse structure
6n4v-af -> ProDy: Cannot download/parse structure
6n8j-k -> ProDy: Cannot download/parse structure
6n8j-m -> ProDy: Cannot download/parse structure
6n8k-e -> ProDy: Cannot download/parse structure
6n8k-q -> ProDy: Cannot download/parse structure
6n8m-r -> ProDy: Cannot download/parse structure
6n8m-u -> ProDy: Cannot download/parse structure
6n8n-v -> ProDy: Cannot download/parse structure
6n8n-w -> ProDy: Cannot download/parse structure
6n8n-y -> ProDy: Cannot download/parse structure
6n9e-15 -> ProDy: Cannot download/parse structure
6ncl-a0 -> ProDy: Cannot download/parse structure
6ncl-a1 -> ProDy: Cannot download/parse structure
6ncl-a4 -> ProDy: Cannot download/parse structure
6ncl-a7 -> ProDy: Cannot download/parse structure
6ncl-b6 -> ProDy: Cannot download/parse structure
6ncl-d0 -> ProDy: Cannot download/parse structure
6ncl-l4 -> ProDy: Cannot download/parse structure
6ndk-ri -> ProDy: Cannot download/parse structure
6nhj-j -> ProDy: Cannot download/parse structure
6nhj-y -> ProDy: Cannot download/parse structure
6nhj-z -> ProDy: Cannot download/parse structure
6nu2-9 -> ProDy: Cannot download/parse structure
6nu3-9 -> ProDy: Cannot download/parse structure
6nu3-ac -> ProDy: Cannot download/parse structure
6nu3-ag -> ProDy: Cannot download/parse structure
6nu3-ah -> ProDy: Cannot download/parse structure
6nu3-aj -> ProDy: Cannot download/parse structure
6nu3-am -> ProDy: Cannot download/parse structure
6nu3-an -> ProDy: Cannot download/parse structure
6nu3-ap -> ProDy: Cannot download/parse structure
6nu3-as -> ProDy: Cannot download/parse structure
6nu3-at -> ProDy: Cannot download/parse structure
6nu3-au -> ProDy: Cannot download/parse structure
6nu3-av -> ProDy: Cannot download/parse structure
6nu3-ax -> ProDy: Cannot download/parse structure
6nu3-az -> ProDy: Cannot download/parse structure
6nu3-b -> ProDy: Cannot download/parse structure
6nu3-c -> ProDy: Cannot download/parse structure
6nu3-d -> ProDy: Cannot download/parse structure
6nu3-g -> ProDy: Cannot download/parse structure
6nu3-k -> ProDy: Cannot download/parse structure
6nu3-p -> ProDy: Cannot download/parse structure
6nwa-e -> ProDy: Cannot download/parse structure
6nwa-k -> ProDy: Cannot download/parse structure
6nwa-w -> ProDy: Cannot download/parse structure
6oj5-a -> ProDy: Cannot download/parse structure
6q8y-z -> ProDy: Cannot download/parse structure
6q95-g -> ProDy: Cannot download/parse structure
6q95-h -> ProDy: Cannot download/parse structure
6q95-v -> ProDy: Cannot download/parse structure
6q97-5 -> ProDy: Cannot download/parse structure
6q98-w -> ProDy: Cannot download/parse structure
6qdv-c -> ProDy: Cannot download/parse structure
6qdv-d -> ProDy: Cannot download/parse structure
6qdv-e -> ProDy: Cannot download/parse structure
6qdv-f -> ProDy: Cannot download/parse structure
6qdv-k -> ProDy: Cannot download/parse structure
6qdv-m -> ProDy: Cannot download/parse structure
6qdv-o -> ProDy: Cannot download/parse structure
6qw6-4e -> ProDy: Cannot download/parse structure
6qw6-64 -> ProDy: Cannot download/parse structure
6qw6-x -> ProDy: Cannot download/parse structure
6qx9-1a -> ProDy: Cannot download/parse structure
6qx9-1b -> ProDy: Cannot download/parse structure
6qx9-1c -> ProDy: Cannot download/parse structure
6qx9-1k -> ProDy: Cannot download/parse structure
6qx9-4a -> ProDy: Cannot download/parse structure
6qx9-4b -> ProDy: Cannot download/parse structure
6qx9-5o -> ProDy: Cannot download/parse structure
6qx9-62 -> ProDy: Cannot download/parse structure
6qx9-66 -> ProDy: Cannot download/parse structure
6qx9-67 -> ProDy: Cannot download/parse structure
6qx9-b5 -> ProDy: Cannot download/parse structure
6qx9-r -> ProDy: Cannot download/parse structure
6qzp-sh -> ProDy: Cannot download/parse structure
1vy5-an -> ProDy: Cannot download/parse structure
1vy7-bg -> ProDy: Cannot download/parse structure
3j6b-0 -> ProDy: Cannot download/parse structure
3j6b-2 -> ProDy: Cannot download/parse structure
3j6b-3 -> ProDy: Cannot download/parse structure
3j6b-5 -> ProDy: Cannot download/parse structure
3j6b-7 -> ProDy: Cannot download/parse structure
3j6b-9 -> ProDy: Cannot download/parse structure
3j6b-d -> ProDy: Cannot download/parse structure
3j6b-g -> ProDy: Cannot download/parse structure
3j6b-i -> ProDy: Cannot download/parse structure
3j6b-j -> ProDy: Cannot download/parse structure
3j6b-k -> ProDy: Cannot download/parse structure
3j6b-m -> ProDy: Cannot download/parse structure
3j6b-n -> ProDy: Cannot download/parse structure
3j6b-o -> ProDy: Cannot download/parse structure
3j6b-p -> ProDy: Cannot download/parse structure
3j6b-s -> ProDy: Cannot download/parse structure
3j6b-t -> ProDy: Cannot download/parse structure
3j6b-v -> ProDy: Cannot download/parse structure
3j6b-w -> ProDy: Cannot download/parse structure
3j6b-y -> ProDy: Cannot download/parse structure
3j6b-z -> ProDy: Cannot download/parse structure
3j6x-s2 -> ProDy: Cannot download/parse structure
3j6y-19 -> ProDy: Cannot download/parse structure
3j6y-59 -> ProDy: Cannot download/parse structure
3j77-15 -> ProDy: Cannot download/parse structure
3j77-27 -> ProDy: Cannot download/parse structure
3j77-67 -> ProDy: Cannot download/parse structure
3j77-77 -> ProDy: Cannot download/parse structure
3j77-s0 -> ProDy: Cannot download/parse structure
3j78-25 -> ProDy: Cannot download/parse structure
3j79-2 -> ProDy: Cannot download/parse structure
3j79-3 -> ProDy: Cannot download/parse structure
3j79-4 -> ProDy: Cannot download/parse structure
3j79-7 -> ProDy: Cannot download/parse structure
3j79-8 -> ProDy: Cannot download/parse structure
3j79-9 -> ProDy: Cannot download/parse structure
3j79-b -> ProDy: Cannot download/parse structure
3j79-c -> ProDy: Cannot download/parse structure
3j79-d -> ProDy: Cannot download/parse structure
3j79-e -> ProDy: Cannot download/parse structure
3j79-f -> ProDy: Cannot download/parse structure
3j79-h -> ProDy: Cannot download/parse structure
3j79-i -> ProDy: Cannot download/parse structure
3j79-p -> ProDy: Cannot download/parse structure
3j79-t -> ProDy: Cannot download/parse structure
3j79-v -> ProDy: Cannot download/parse structure
3j79-x -> ProDy: Cannot download/parse structure
3j79-y -> ProDy: Cannot download/parse structure
3j79-z -> ProDy: Cannot download/parse structure
3j7p-e -> ProDy: Cannot download/parse structure
3j7p-j -> ProDy: Cannot download/parse structure
3j7p-k -> ProDy: Cannot download/parse structure
3j7p-m -> ProDy: Cannot download/parse structure
3j7q-b -> ProDy: Cannot download/parse structure
3j7r-1 -> ProDy: Cannot download/parse structure
3j7r-j -> ProDy: Cannot download/parse structure
3j7r-sf -> ProDy: Cannot download/parse structure
3j7r-ss -> ProDy: Cannot download/parse structure
3j92-1 -> ProDy: Cannot download/parse structure
3j92-e -> ProDy: Cannot download/parse structure
3j92-f -> ProDy: Cannot download/parse structure
3j92-h -> ProDy: Cannot download/parse structure
3j92-s -> ProDy: Cannot download/parse structure
3j9k-b -> ProDy: Cannot download/parse structure
3j9m-3 -> ProDy: Cannot download/parse structure
3j9m-6 -> ProDy: Cannot download/parse structure
3j9m-8 -> ProDy: Cannot download/parse structure
3j9m-a0 -> ProDy: Cannot download/parse structure
3j9m-a1 -> ProDy: Cannot download/parse structure
3j9m-a2 -> ProDy: Cannot download/parse structure
3j9m-a3 -> ProDy: Cannot download/parse structure
3j9m-a4 -> ProDy: Cannot download/parse structure
3j9m-ab -> ProDy: Cannot download/parse structure
3j9m-ad -> ProDy: Cannot download/parse structure
3j9m-ae -> ProDy: Cannot download/parse structure
3j9m-af -> ProDy: Cannot download/parse structure
3j9m-ai -> ProDy: Cannot download/parse structure
3j9m-ak -> ProDy: Cannot download/parse structure
3j9m-al -> ProDy: Cannot download/parse structure
3j9m-ao -> ProDy: Cannot download/parse structure
3j9m-ar -> ProDy: Cannot download/parse structure
3j9m-aw -> ProDy: Cannot download/parse structure
3j9m-ay -> ProDy: Cannot download/parse structure
3j9m-b -> ProDy: Cannot download/parse structure
3j9m-d -> ProDy: Cannot download/parse structure
3j9m-h -> ProDy: Cannot download/parse structure
3j9m-i -> ProDy: Cannot download/parse structure
3j9m-j -> ProDy: Cannot download/parse structure
3j9m-l -> ProDy: Cannot download/parse structure
3j9m-p -> ProDy: Cannot download/parse structure
3j9m-r -> ProDy: Cannot download/parse structure
3j9m-s -> ProDy: Cannot download/parse structure
3j9r-a -> ProDy: Cannot download/parse structure
3j9w-ag -> ProDy: Cannot download/parse structure
3j9w-ah -> ProDy: Cannot download/parse structure
3j9w-ai -> ProDy: Cannot download/parse structure
3j9w-aq -> ProDy: Cannot download/parse structure
3j9w-ar -> ProDy: Cannot download/parse structure
3j9w-az -> ProDy: Cannot download/parse structure
3j9w-b1 -> ProDy: Cannot download/parse structure
3j9w-bf -> ProDy: Cannot download/parse structure
3j9w-bg -> ProDy: Cannot download/parse structure
3j9w-bj -> ProDy: Cannot download/parse structure
3j9y-3 -> ProDy: Cannot download/parse structure
3j9y-i -> ProDy: Cannot download/parse structure
3jah-b -> ProDy: Cannot download/parse structure
3jah-cc -> ProDy: Cannot download/parse structure
3jah-ff -> ProDy: Cannot download/parse structure
3jah-x -> ProDy: Cannot download/parse structure
3jai-uu -> ProDy: Cannot download/parse structure
3jbn-3 -> ProDy: Cannot download/parse structure
3jbn-a7 -> ProDy: Cannot download/parse structure
3jbn-a9 -> ProDy: Cannot download/parse structure
3jbn-al -> ProDy: Cannot download/parse structure
3jbn-an -> ProDy: Cannot download/parse structure
3jbn-p -> ProDy: Cannot download/parse structure
3jbo-aw -> ProDy: Cannot download/parse structure
3jbo-ay -> ProDy: Cannot download/parse structure
3jbo-c -> ProDy: Cannot download/parse structure
3jbo-g -> ProDy: Cannot download/parse structure
3jbo-z -> ProDy: Cannot download/parse structure
3jbp-a5 -> ProDy: Cannot download/parse structure
3jbp-aa -> ProDy: Cannot download/parse structure
3jbp-ad -> ProDy: Cannot download/parse structure
3jbp-ah -> ProDy: Cannot download/parse structure
3jbp-ax -> ProDy: Cannot download/parse structure
3jbp-b -> ProDy: Cannot download/parse structure
3jbp-h -> ProDy: Cannot download/parse structure
3jbp-n -> ProDy: Cannot download/parse structure
3jbp-r -> ProDy: Cannot download/parse structure
3jbp-s -> ProDy: Cannot download/parse structure
3jbp-w -> ProDy: Cannot download/parse structure
3jbp-x -> ProDy: Cannot download/parse structure
3jbu-e -> ProDy: Cannot download/parse structure
3jc8-ba -> ProDy: Cannot download/parse structure
3jc8-qa -> ProDy: Cannot download/parse structure
3jc9-ca -> ProDy: Cannot download/parse structure
3jc9-na -> ProDy: Cannot download/parse structure
3jcd-s -> ProDy: Cannot download/parse structure
3jcn-b -> ProDy: Cannot download/parse structure
3jco-j -> ProDy: Cannot download/parse structure
3jco-u -> ProDy: Cannot download/parse structure
3jcp-i -> ProDy: Cannot download/parse structure
3jcs-a -> ProDy: Cannot download/parse structure
3jcs-b -> ProDy: Cannot download/parse structure
3jcs-d -> ProDy: Cannot download/parse structure
3jcs-e -> ProDy: Cannot download/parse structure
3jcs-f -> ProDy: Cannot download/parse structure
3jcs-g -> ProDy: Cannot download/parse structure
3jcs-h -> ProDy: Cannot download/parse structure
3jcs-i -> ProDy: Cannot download/parse structure
3jcs-j -> ProDy: Cannot download/parse structure
3jcs-k -> ProDy: Cannot download/parse structure
3jcs-l -> ProDy: Cannot download/parse structure
3jcs-m -> ProDy: Cannot download/parse structure
3jcs-n -> ProDy: Cannot download/parse structure
3jcs-p -> ProDy: Cannot download/parse structure
3jcs-q -> ProDy: Cannot download/parse structure
3jcs-r -> ProDy: Cannot download/parse structure
3jcs-s -> ProDy: Cannot download/parse structure
3jcs-t -> ProDy: Cannot download/parse structure
3jcs-u -> ProDy: Cannot download/parse structure
3jcs-v -> ProDy: Cannot download/parse structure
3jcs-y -> ProDy: Cannot download/parse structure
3jcs-z -> ProDy: Cannot download/parse structure
3jct-i -> ProDy: Cannot download/parse structure
3jct-q -> ProDy: Cannot download/parse structure
3jct-v -> ProDy: Cannot download/parse structure
3jct-w -> ProDy: Cannot download/parse structure
4bts-a0 -> ProDy: Cannot download/parse structure
4bts-a2 -> ProDy: Cannot download/parse structure
4bts-a6 -> ProDy: Cannot download/parse structure
4bts-a7 -> ProDy: Cannot download/parse structure
4bts-a8 -> ProDy: Cannot download/parse structure
4bts-a9 -> ProDy: Cannot download/parse structure
4bts-ab -> ProDy: Cannot download/parse structure
4bts-ac -> ProDy: Cannot download/parse structure
4bts-ad -> ProDy: Cannot download/parse structure
4bts-ae -> ProDy: Cannot download/parse structure
4bts-af -> ProDy: Cannot download/parse structure
4bts-ag -> ProDy: Cannot download/parse structure
4bts-ah -> ProDy: Cannot download/parse structure
4bts-ao -> ProDy: Cannot download/parse structure
4bts-ap -> ProDy: Cannot download/parse structure
4bts-ar -> ProDy: Cannot download/parse structure
4bts-au -> ProDy: Cannot download/parse structure
4bts-av -> ProDy: Cannot download/parse structure
4bts-aw -> ProDy: Cannot download/parse structure
4bts-ax -> ProDy: Cannot download/parse structure
4bts-ay -> ProDy: Cannot download/parse structure
4bts-az -> ProDy: Cannot download/parse structure
4dcb-a -> ProDy: Cannot download/parse structure
4frt-a -> ProDy: Cannot download/parse structure
4lnt-rz -> ProDy: Cannot download/parse structure
4tvx-f -> ProDy: Cannot download/parse structure
4tvx-h -> ProDy: Cannot download/parse structure
4ug0-li -> ProDy: Cannot download/parse structure
4ug0-lm -> ProDy: Cannot download/parse structure
4ug0-ln -> ProDy: Cannot download/parse structure
4ug0-lr -> ProDy: Cannot download/parse structure
4v3p-la -> ProDy: Cannot download/parse structure
4v3p-lb -> ProDy: Cannot download/parse structure
4v3p-lc -> ProDy: Cannot download/parse structure
4v3p-ld -> ProDy: Cannot download/parse structure
4v3p-le -> ProDy: Cannot download/parse structure
4v3p-lf -> ProDy: Cannot download/parse structure
4v3p-lg -> ProDy: Cannot download/parse structure
4v3p-lh -> ProDy: Cannot download/parse structure
4v3p-li -> ProDy: Cannot download/parse structure
4v3p-lj -> ProDy: Cannot download/parse structure
4v3p-lk -> ProDy: Cannot download/parse structure
4v3p-ll -> ProDy: Cannot download/parse structure
4v3p-ln -> ProDy: Cannot download/parse structure
4v3p-lp -> ProDy: Cannot download/parse structure
4v3p-lq -> ProDy: Cannot download/parse structure
4v3p-lr -> ProDy: Cannot download/parse structure
4v3p-ls -> ProDy: Cannot download/parse structure
4v3p-lt -> ProDy: Cannot download/parse structure
4v3p-lv -> ProDy: Cannot download/parse structure
4v3p-lw -> ProDy: Cannot download/parse structure
4v3p-lx -> ProDy: Cannot download/parse structure
4v3p-ly -> ProDy: Cannot download/parse structure
4v3p-sc -> ProDy: Cannot download/parse structure
4v3p-sd -> ProDy: Cannot download/parse structure
4v3p-se -> ProDy: Cannot download/parse structure
4v3p-sh -> ProDy: Cannot download/parse structure
4v3p-si -> ProDy: Cannot download/parse structure
4v3p-sj -> ProDy: Cannot download/parse structure
4v3p-sk -> ProDy: Cannot download/parse structure
4v3p-so -> ProDy: Cannot download/parse structure
4v3p-sp -> ProDy: Cannot download/parse structure
4v3p-sr -> ProDy: Cannot download/parse structure
4v3p-ss -> ProDy: Cannot download/parse structure
4v3p-st -> ProDy: Cannot download/parse structure
4v3p-su -> ProDy: Cannot download/parse structure
4v42-bk -> ProDy: Cannot download/parse structure
4v4b-ab -> ProDy: Cannot download/parse structure
4v4b-ae -> ProDy: Cannot download/parse structure
4v4b-ag -> ProDy: Cannot download/parse structure
4v4b-ao -> ProDy: Cannot download/parse structure
4v4b-aq -> ProDy: Cannot download/parse structure
4v4b-as -> ProDy: Cannot download/parse structure
4v4b-be -> ProDy: Cannot download/parse structure
4v4b-bf -> ProDy: Cannot download/parse structure
4v4b-bk -> ProDy: Cannot download/parse structure
4v4b-bm -> ProDy: Cannot download/parse structure
4v4b-bo -> ProDy: Cannot download/parse structure
4v4b-bp -> ProDy: Cannot download/parse structure
4v4b-bq -> ProDy: Cannot download/parse structure
4v4c-b -> ProDy: Cannot download/parse structure
4v4i-h -> ProDy: Cannot download/parse structure
4v4k-k -> ProDy: Cannot download/parse structure
4v4n-a5 -> ProDy: Cannot download/parse structure
4v4n-aa -> ProDy: Cannot download/parse structure
4v4n-ab -> ProDy: Cannot download/parse structure
4v4n-ac -> ProDy: Cannot download/parse structure
4v4n-ad -> ProDy: Cannot download/parse structure
4v4n-ah -> ProDy: Cannot download/parse structure
4v4n-ai -> ProDy: Cannot download/parse structure
4v4n-aj -> ProDy: Cannot download/parse structure
4v4n-ak -> ProDy: Cannot download/parse structure
4v4n-am -> ProDy: Cannot download/parse structure
4v4n-an -> ProDy: Cannot download/parse structure
4v4n-ao -> ProDy: Cannot download/parse structure
4v4n-ar -> ProDy: Cannot download/parse structure
4v4n-as -> ProDy: Cannot download/parse structure
4v4n-at -> ProDy: Cannot download/parse structure
4v4n-av -> ProDy: Cannot download/parse structure
4v4n-ay -> ProDy: Cannot download/parse structure
4v4n-az -> ProDy: Cannot download/parse structure
4v4n-bc -> ProDy: Cannot download/parse structure
4v4n-bl -> ProDy: Cannot download/parse structure
4v4n-br -> ProDy: Cannot download/parse structure
4v4n-bt -> ProDy: Cannot download/parse structure
4v4n-bw -> ProDy: Cannot download/parse structure
4v4o-a -> ProDy: Cannot download/parse structure
4v4p-an -> ProDy: Cannot download/parse structure
4v4p-ap -> ProDy: Cannot download/parse structure
4v4s-bz -> ProDy: Cannot download/parse structure
4v4t-b6 -> ProDy: Cannot download/parse structure
4v4t-bd -> ProDy: Cannot download/parse structure
4v4t-bh -> ProDy: Cannot download/parse structure
4v4v-af -> ProDy: Cannot download/parse structure
4v4v-ag -> ProDy: Cannot download/parse structure
4v4v-al -> ProDy: Cannot download/parse structure
4v4w-an -> ProDy: Cannot download/parse structure
4v4w-ba -> ProDy: Cannot download/parse structure
4v4z-bz -> ProDy: Cannot download/parse structure
4v51-ac -> ProDy: Cannot download/parse structure
4v5g-az -> ProDy: Cannot download/parse structure
4v5g-b4 -> ProDy: Cannot download/parse structure
4v5k-ay -> ProDy: Cannot download/parse structure
4v5l-b1 -> ProDy: Cannot download/parse structure
4v5m-b2 -> ProDy: Cannot download/parse structure
4v5o-a1 -> ProDy: Cannot download/parse structure
4v5o-a3 -> ProDy: Cannot download/parse structure
4v5o-a5 -> ProDy: Cannot download/parse structure
4v5o-a9 -> ProDy: Cannot download/parse structure
4v5o-ai -> ProDy: Cannot download/parse structure
4v5o-aj -> ProDy: Cannot download/parse structure
4v5o-ak -> ProDy: Cannot download/parse structure
4v5o-al -> ProDy: Cannot download/parse structure
4v5o-am -> ProDy: Cannot download/parse structure
4v5o-as -> ProDy: Cannot download/parse structure
4v5o-at -> ProDy: Cannot download/parse structure
4v61-ad -> ProDy: Cannot download/parse structure
4v61-af -> ProDy: Cannot download/parse structure
4v61-ag -> ProDy: Cannot download/parse structure
4v61-aj -> ProDy: Cannot download/parse structure
4v61-am -> ProDy: Cannot download/parse structure
4v61-aq -> ProDy: Cannot download/parse structure
4v61-at -> ProDy: Cannot download/parse structure
4v61-au -> ProDy: Cannot download/parse structure
4v61-b1 -> ProDy: Cannot download/parse structure
4v61-b6 -> ProDy: Cannot download/parse structure
4v61-bd -> ProDy: Cannot download/parse structure
4v61-bf -> ProDy: Cannot download/parse structure
4v61-bi -> ProDy: Cannot download/parse structure
4v61-bj -> ProDy: Cannot download/parse structure
4v61-bn -> ProDy: Cannot download/parse structure
4v61-bp -> ProDy: Cannot download/parse structure
4v61-bq -> ProDy: Cannot download/parse structure
4v61-bw -> ProDy: Cannot download/parse structure
4v61-bx -> ProDy: Cannot download/parse structure
4v61-by -> ProDy: Cannot download/parse structure
4v61-bz -> ProDy: Cannot download/parse structure
4v62-ab -> ProDy: Cannot download/parse structure
4v62-ah -> ProDy: Cannot download/parse structure
4v62-ao -> ProDy: Cannot download/parse structure
4v67-b4 -> ProDy: Cannot download/parse structure
4v68-bc -> ProDy: Cannot download/parse structure
4v68-bs -> ProDy: Cannot download/parse structure
4v69-an -> ProDy: Cannot download/parse structure
4v6a-av -> ProDy: Cannot download/parse structure
4v6b-aa -> ProDy: Cannot download/parse structure
4v6c-ab -> ProDy: Cannot download/parse structure
4v6c-bd -> ProDy: Cannot download/parse structure
4v6d-at -> ProDy: Cannot download/parse structure
4v6d-bu -> ProDy: Cannot download/parse structure
4v6g-bf -> ProDy: Cannot download/parse structure
4v6h-a -> ProDy: Cannot download/parse structure
4v6i-ac -> ProDy: Cannot download/parse structure
4v6i-ay -> ProDy: Cannot download/parse structure
4v6i-ba -> ProDy: Cannot download/parse structure
4v6i-bc -> ProDy: Cannot download/parse structure
4v6i-bs -> ProDy: Cannot download/parse structure
4v6i-bt -> ProDy: Cannot download/parse structure
4v6i-bv -> ProDy: Cannot download/parse structure
4v6k-bo -> ProDy: Cannot download/parse structure
4v6l-av -> ProDy: Cannot download/parse structure
4v6m-az -> ProDy: Cannot download/parse structure
4v6m-bb -> ProDy: Cannot download/parse structure
4v6p-bc -> ProDy: Cannot download/parse structure
4v6t-aw -> ProDy: Cannot download/parse structure
4v6u-aa -> ProDy: Cannot download/parse structure
4v6u-ad -> ProDy: Cannot download/parse structure
4v6u-ae -> ProDy: Cannot download/parse structure
4v6u-ai -> ProDy: Cannot download/parse structure
4v6u-aj -> ProDy: Cannot download/parse structure
4v6u-ak -> ProDy: Cannot download/parse structure
4v6u-an -> ProDy: Cannot download/parse structure
4v6u-as -> ProDy: Cannot download/parse structure
4v6u-av -> ProDy: Cannot download/parse structure
4v6u-ax -> ProDy: Cannot download/parse structure
4v6u-ba -> ProDy: Cannot download/parse structure
4v6u-bb -> ProDy: Cannot download/parse structure
4v6u-be -> ProDy: Cannot download/parse structure
4v6u-bf -> ProDy: Cannot download/parse structure
4v6u-bh -> ProDy: Cannot download/parse structure
4v6u-bi -> ProDy: Cannot download/parse structure
4v6u-bk -> ProDy: Cannot download/parse structure
4v6u-bl -> ProDy: Cannot download/parse structure
4v6u-bp -> ProDy: Cannot download/parse structure
4v6u-bq -> ProDy: Cannot download/parse structure
4v6u-bu -> ProDy: Cannot download/parse structure
4v6u-bw -> ProDy: Cannot download/parse structure
4v6v-a1 -> ProDy: Cannot download/parse structure
4v6w-aa -> ProDy: Cannot download/parse structure
4v6w-ab -> ProDy: Cannot download/parse structure
4v6w-ac -> ProDy: Cannot download/parse structure
4v6w-ad -> ProDy: Cannot download/parse structure
4v6w-ae -> ProDy: Cannot download/parse structure
4v6w-af -> ProDy: Cannot download/parse structure
4v6w-ag -> ProDy: Cannot download/parse structure
4v6w-ah -> ProDy: Cannot download/parse structure
4v6w-ai -> ProDy: Cannot download/parse structure
4v6w-aj -> ProDy: Cannot download/parse structure
4v6w-ak -> ProDy: Cannot download/parse structure
4v6w-al -> ProDy: Cannot download/parse structure
4v6w-am -> ProDy: Cannot download/parse structure
4v6w-an -> ProDy: Cannot download/parse structure
4v6w-ao -> ProDy: Cannot download/parse structure
4v6w-ap -> ProDy: Cannot download/parse structure
4v6w-aq -> ProDy: Cannot download/parse structure
4v6w-ar -> ProDy: Cannot download/parse structure
4v6w-as -> ProDy: Cannot download/parse structure
4v6w-at -> ProDy: Cannot download/parse structure
4v6w-au -> ProDy: Cannot download/parse structure
4v6w-av -> ProDy: Cannot download/parse structure
4v6w-aw -> ProDy: Cannot download/parse structure
4v6w-ax -> ProDy: Cannot download/parse structure
4v6w-ay -> ProDy: Cannot download/parse structure
4v6w-az -> ProDy: Cannot download/parse structure
4v6w-ca -> ProDy: Cannot download/parse structure
4v6w-cb -> ProDy: Cannot download/parse structure
4v6w-cc -> ProDy: Cannot download/parse structure
4v6w-cd -> ProDy: Cannot download/parse structure
4v6w-ce -> ProDy: Cannot download/parse structure
4v6w-cf -> ProDy: Cannot download/parse structure
4v6w-cg -> ProDy: Cannot download/parse structure
4v6w-ch -> ProDy: Cannot download/parse structure
4v6w-ci -> ProDy: Cannot download/parse structure
4v6w-cj -> ProDy: Cannot download/parse structure
4v6w-ck -> ProDy: Cannot download/parse structure
4v6w-cl -> ProDy: Cannot download/parse structure
4v6w-cm -> ProDy: Cannot download/parse structure
4v6w-cn -> ProDy: Cannot download/parse structure
4v6w-co -> ProDy: Cannot download/parse structure
4v6w-cp -> ProDy: Cannot download/parse structure
4v6w-cq -> ProDy: Cannot download/parse structure
4v6w-cr -> ProDy: Cannot download/parse structure
4v6w-cs -> ProDy: Cannot download/parse structure
4v6w-ct -> ProDy: Cannot download/parse structure
4v6w-cu -> ProDy: Cannot download/parse structure
4v6w-cv -> ProDy: Cannot download/parse structure
4v6w-cw -> ProDy: Cannot download/parse structure
4v6w-cx -> ProDy: Cannot download/parse structure
4v6w-cy -> ProDy: Cannot download/parse structure
4v6w-cz -> ProDy: Cannot download/parse structure
4v6x-ah -> ProDy: Cannot download/parse structure
4v6x-ce -> ProDy: Cannot download/parse structure
4v6x-cs -> ProDy: Cannot download/parse structure
4v6x-cu -> ProDy: Cannot download/parse structure
4v73-bf -> ProDy: Cannot download/parse structure
4v73-bp -> ProDy: Cannot download/parse structure
4v75-ad -> ProDy: Cannot download/parse structure
4v78-ac -> ProDy: Cannot download/parse structure
4v7b-bn -> ProDy: Cannot download/parse structure
4v7d-bz -> ProDy: Cannot download/parse structure
4v7e-ba -> ProDy: Cannot download/parse structure
4v7e-bb -> ProDy: Cannot download/parse structure
4v7e-bc -> ProDy: Cannot download/parse structure
4v7e-bd -> ProDy: Cannot download/parse structure
4v7e-be -> ProDy: Cannot download/parse structure
4v7e-bf -> ProDy: Cannot download/parse structure
4v7e-bg -> ProDy: Cannot download/parse structure
4v7e-bh -> ProDy: Cannot download/parse structure
4v7e-bi -> ProDy: Cannot download/parse structure
4v7e-bl -> ProDy: Cannot download/parse structure
4v7e-bm -> ProDy: Cannot download/parse structure
4v7e-bn -> ProDy: Cannot download/parse structure
4v7e-bo -> ProDy: Cannot download/parse structure
4v7e-bp -> ProDy: Cannot download/parse structure
4v7e-bq -> ProDy: Cannot download/parse structure
4v7e-br -> ProDy: Cannot download/parse structure
4v7e-bs -> ProDy: Cannot download/parse structure
4v7e-bx -> ProDy: Cannot download/parse structure
4v7e-by -> ProDy: Cannot download/parse structure
4v7e-ca -> ProDy: Cannot download/parse structure
4v7e-cb -> ProDy: Cannot download/parse structure
4v7e-cc -> ProDy: Cannot download/parse structure
4v7e-ce -> ProDy: Cannot download/parse structure
4v7e-cg -> ProDy: Cannot download/parse structure
4v7e-ci -> ProDy: Cannot download/parse structure
4v7e-ck -> ProDy: Cannot download/parse structure
4v7e-cl -> ProDy: Cannot download/parse structure
4v7e-cm -> ProDy: Cannot download/parse structure
4v7e-co -> ProDy: Cannot download/parse structure
4v7e-cp -> ProDy: Cannot download/parse structure
4v7e-cq -> ProDy: Cannot download/parse structure
4v7e-cr -> ProDy: Cannot download/parse structure
4v7e-cs -> ProDy: Cannot download/parse structure
4v7e-ct -> ProDy: Cannot download/parse structure
4v7e-cu -> ProDy: Cannot download/parse structure
4v7e-cv -> ProDy: Cannot download/parse structure
4v7e-cx -> ProDy: Cannot download/parse structure
4v7e-cy -> ProDy: Cannot download/parse structure
4v7e-cz -> ProDy: Cannot download/parse structure
4v7g-aa -> ProDy: Cannot download/parse structure
4v7i-aa -> ProDy: Cannot download/parse structure
4v7i-ab -> ProDy: Cannot download/parse structure
4v7o-a5 -> ProDy: Cannot download/parse structure
4v7o-a6 -> ProDy: Cannot download/parse structure
4v7q-bx -> ProDy: Cannot download/parse structure
4v7r-dl -> ProDy: Cannot download/parse structure
4v7w-bs -> ProDy: Cannot download/parse structure
4v82-au -> ProDy: Cannot download/parse structure
4v84-bi -> ProDy: Cannot download/parse structure
4v84-by -> ProDy: Cannot download/parse structure
4v85-bj -> ProDy: Cannot download/parse structure
4v85-bw -> ProDy: Cannot download/parse structure
4v88-ah -> ProDy: Cannot download/parse structure
4v88-as -> ProDy: Cannot download/parse structure
4v89-aw -> ProDy: Cannot download/parse structure
4v8i-ah -> ProDy: Cannot download/parse structure
4v8i-ay -> ProDy: Cannot download/parse structure
4v8m-a0 -> ProDy: Cannot download/parse structure
4v8m-a1 -> ProDy: Cannot download/parse structure
4v8m-a2 -> ProDy: Cannot download/parse structure
4v8m-a3 -> ProDy: Cannot download/parse structure
4v8m-a4 -> ProDy: Cannot download/parse structure
4v8m-a5 -> ProDy: Cannot download/parse structure
4v8m-a7 -> ProDy: Cannot download/parse structure
4v8m-a9 -> ProDy: Cannot download/parse structure
4v8m-ac -> ProDy: Cannot download/parse structure
4v8m-ad -> ProDy: Cannot download/parse structure
4v8m-ae -> ProDy: Cannot download/parse structure
4v8m-af -> ProDy: Cannot download/parse structure
4v8m-ag -> ProDy: Cannot download/parse structure
4v8m-ah -> ProDy: Cannot download/parse structure
4v8m-ai -> ProDy: Cannot download/parse structure
4v8m-aj -> ProDy: Cannot download/parse structure
4v8m-ak -> ProDy: Cannot download/parse structure
4v8m-al -> ProDy: Cannot download/parse structure
4v8m-am -> ProDy: Cannot download/parse structure
4v8m-ao -> ProDy: Cannot download/parse structure
4v8m-ap -> ProDy: Cannot download/parse structure
4v8m-ar -> ProDy: Cannot download/parse structure
4v8m-as -> ProDy: Cannot download/parse structure
4v8m-au -> ProDy: Cannot download/parse structure
4v8m-av -> ProDy: Cannot download/parse structure
4v8m-aw -> ProDy: Cannot download/parse structure
4v8m-ax -> ProDy: Cannot download/parse structure
4v8m-az -> ProDy: Cannot download/parse structure
4v8m-ba -> ProDy: Cannot download/parse structure
4v8m-bb -> ProDy: Cannot download/parse structure
4v8m-bc -> ProDy: Cannot download/parse structure
4v8m-bd -> ProDy: Cannot download/parse structure
4v8m-bg -> ProDy: Cannot download/parse structure
4v8m-bh -> ProDy: Cannot download/parse structure
4v8m-bi -> ProDy: Cannot download/parse structure
4v8m-bj -> ProDy: Cannot download/parse structure
4v8m-bk -> ProDy: Cannot download/parse structure
4v8m-bl -> ProDy: Cannot download/parse structure
4v8m-bm -> ProDy: Cannot download/parse structure
4v8m-bn -> ProDy: Cannot download/parse structure
4v8m-bo -> ProDy: Cannot download/parse structure
4v8m-bp -> ProDy: Cannot download/parse structure
4v8m-bq -> ProDy: Cannot download/parse structure
4v8m-br -> ProDy: Cannot download/parse structure
4v8m-bs -> ProDy: Cannot download/parse structure
4v8m-bt -> ProDy: Cannot download/parse structure
4v8m-bu -> ProDy: Cannot download/parse structure
4v8m-bv -> ProDy: Cannot download/parse structure
4v8m-bw -> ProDy: Cannot download/parse structure
4v8m-bx -> ProDy: Cannot download/parse structure
4v8m-by -> ProDy: Cannot download/parse structure
4v8m-bz -> ProDy: Cannot download/parse structure
4v8o-ae -> ProDy: Cannot download/parse structure
4v8o-b8 -> ProDy: Cannot download/parse structure
4v8p-aa -> ProDy: Cannot download/parse structure
4v8p-ac -> ProDy: Cannot download/parse structure
4v8p-ae -> ProDy: Cannot download/parse structure
4v8p-ag -> ProDy: Cannot download/parse structure
4v8p-ah -> ProDy: Cannot download/parse structure
4v8p-aj -> ProDy: Cannot download/parse structure
4v8p-al -> ProDy: Cannot download/parse structure
4v8p-am -> ProDy: Cannot download/parse structure
4v8p-an -> ProDy: Cannot download/parse structure
4v8p-ao -> ProDy: Cannot download/parse structure
4v8p-ap -> ProDy: Cannot download/parse structure
4v8p-aq -> ProDy: Cannot download/parse structure
4v8p-at -> ProDy: Cannot download/parse structure
4v8p-au -> ProDy: Cannot download/parse structure
4v8p-ax -> ProDy: Cannot download/parse structure
4v8p-ba -> ProDy: Cannot download/parse structure
4v8p-bb -> ProDy: Cannot download/parse structure
4v8p-bc -> ProDy: Cannot download/parse structure
4v8p-bd -> ProDy: Cannot download/parse structure
4v8p-be -> ProDy: Cannot download/parse structure
4v8p-bf -> ProDy: Cannot download/parse structure
4v8p-bh -> ProDy: Cannot download/parse structure
4v8p-bi -> ProDy: Cannot download/parse structure
4v8p-bj -> ProDy: Cannot download/parse structure
4v8p-bk -> ProDy: Cannot download/parse structure
4v8p-bl -> ProDy: Cannot download/parse structure
4v8p-bm -> ProDy: Cannot download/parse structure
4v8p-bn -> ProDy: Cannot download/parse structure
4v8p-bo -> ProDy: Cannot download/parse structure
4v8p-bp -> ProDy: Cannot download/parse structure
4v8p-bq -> ProDy: Cannot download/parse structure
4v8p-br -> ProDy: Cannot download/parse structure
4v8p-bs -> ProDy: Cannot download/parse structure
4v8p-bt -> ProDy: Cannot download/parse structure
4v8p-bu -> ProDy: Cannot download/parse structure
4v8p-bv -> ProDy: Cannot download/parse structure
4v8p-bw -> ProDy: Cannot download/parse structure
4v8p-bx -> ProDy: Cannot download/parse structure
4v8p-by -> ProDy: Cannot download/parse structure
4v8p-co -> ProDy: Cannot download/parse structure
4v8r-ab -> ProDy: Cannot download/parse structure
4v8r-ae -> ProDy: Cannot download/parse structure
4v8r-ag -> ProDy: Cannot download/parse structure
4v8t-g -> ProDy: Cannot download/parse structure
4v8t-o -> ProDy: Cannot download/parse structure
4v8t-q -> ProDy: Cannot download/parse structure
4v8y-a5 -> ProDy: Cannot download/parse structure
4v8y-an -> ProDy: Cannot download/parse structure
4v8y-cp -> ProDy: Cannot download/parse structure
4v8z-ay -> ProDy: Cannot download/parse structure
4v8z-cv -> ProDy: Cannot download/parse structure
4v93-a4 -> ProDy: Cannot download/parse structure
4v93-b0 -> ProDy: Cannot download/parse structure
4v93-b1 -> ProDy: Cannot download/parse structure
4v94-a -> ProDy: Cannot download/parse structure
4v95-ay -> ProDy: Cannot download/parse structure
4v96-aa -> ProDy: Cannot download/parse structure
4v96-as -> ProDy: Cannot download/parse structure
4v96-ba -> ProDy: Cannot download/parse structure
