4u4q-sm -> ProDy: Cannot download structure
4u4z-d1 -> ProDy: Cannot download structure
4u50-s8 -> ProDy: Cannot download structure
4u53-c7 -> ProDy: Cannot download structure
4u55-e1 -> ProDy: Cannot download structure
4u56-n4 -> ProDy: Cannot download structure
4v52-aj -> ProDy: Cannot download structure
4v5b-bo -> ProDy: Cannot download structure
4v5c-aq -> ProDy: Cannot download structure
4v5d-bh -> ProDy: Cannot download structure
4v63-ax -> ProDy: Cannot download structure
4v66-bz -> ProDy: Cannot download structure
4v7r-be -> ProDy: Cannot download structure
4v7r-bj -> ProDy: Cannot download structure
4v7u-bj -> ProDy: Cannot download structure
4v83-bq -> ProDy: Cannot download structure
4v8d-bp -> ProDy: Cannot download structure
4v97-bx -> ProDy: Cannot download structure
4v98-am -> ProDy: Cannot download structure
4v98-an -> ProDy: Cannot download structure
4v98-ao -> ProDy: Cannot download structure
4v99-aa -> ProDy: Cannot download structure
4v9e-aa -> ProDy: Cannot download structure
4v9f-g -> ProDy: Cannot download structure
4v9f-h -> ProDy: Cannot download structure
4v9i-dc -> ProDy: Cannot download structure
4v9m-be -> ProDy: Cannot download structure
4w29-be -> ProDy: Cannot download structure
4w4g-qr -> ProDy: Cannot download structure
4wiz-ba -> ProDy: Cannot download structure
4wqy-bz -> ProDy: Cannot download structure
4wra-68 -> ProDy: Cannot download structure
4wsn-b -> ProDy: Cannot download structure
4wz7-3 -> ProDy: Cannot download structure
4wz7-4 -> ProDy: Cannot download structure
4wz7-6 -> ProDy: Cannot download structure
4wz7-b -> ProDy: Cannot download structure
4wz7-g -> ProDy: Cannot download structure
4wz7-i -> ProDy: Cannot download structure
4wz7-k -> ProDy: Cannot download structure
4wz7-l -> ProDy: Cannot download structure
4wzj-c -> ProDy: Cannot download structure
4ybb-af -> ProDy: Cannot download structure
4yuu-a1 -> ProDy: Cannot download structure
4yuu-b1 -> ProDy: Cannot download structure
4yuu-c1 -> ProDy: Cannot download structure
4yuu-d1 -> ProDy: Cannot download structure
4yuu-e1 -> ProDy: Cannot download structure
4yuu-h1 -> ProDy: Cannot download structure
4yuu-m1 -> ProDy: Cannot download structure
4yuu-o1 -> ProDy: Cannot download structure
4yuu-q1 -> ProDy: Cannot download structure
4yuu-u1 -> ProDy: Cannot download structure
4yuu-v1 -> ProDy: Cannot download structure
4yuu-z2 -> ProDy: Cannot download structure
4yzv-qy -> ProDy: Cannot download structure
5a9z-ai -> ProDy: Cannot download structure
5a9z-ca -> ProDy: Cannot download structure
5aa0-aq -> ProDy: Cannot download structure
5aa0-as -> ProDy: Cannot download structure
5afi-h -> ProDy: Cannot download structure
5aj0-ak -> ProDy: Cannot download structure
5aj0-ba -> ProDy: Cannot download structure
5aj4-ab -> ProDy: Cannot download structure
5aj4-ac -> ProDy: Cannot download structure
5aj4-ad -> ProDy: Cannot download structure
5aj4-ae -> ProDy: Cannot download structure
5aj4-af -> ProDy: Cannot download structure
5aj4-ag -> ProDy: Cannot download structure
5aj4-ah -> ProDy: Cannot download structure
5aj4-ai -> ProDy: Cannot download structure
5aj4-aj -> ProDy: Cannot download structure
5aj4-ak -> ProDy: Cannot download structure
5aj4-al -> ProDy: Cannot download structure
5aj4-ao -> ProDy: Cannot download structure
5aj4-ap -> ProDy: Cannot download structure
5aj4-aq -> ProDy: Cannot download structure
5aj4-ar -> ProDy: Cannot download structure
5aj4-b0 -> ProDy: Cannot download structure
5aj4-b6 -> ProDy: Cannot download structure
5aj4-ba -> ProDy: Cannot download structure
5aj4-bi -> ProDy: Cannot download structure
5aj4-bj -> ProDy: Cannot download structure
5aj4-bn -> ProDy: Cannot download structure
5aj4-bo -> ProDy: Cannot download structure
5aj4-bt -> ProDy: Cannot download structure
5apn-x -> ProDy: Cannot download structure
5apn-y -> ProDy: Cannot download structure
5apo-e -> ProDy: Cannot download structure
5apo-x -> ProDy: Cannot download structure
5b5m-c -> ProDy: Cannot download structure
5b5m-h -> ProDy: Cannot download structure
5b5n-l -> ProDy: Cannot download structure
5d8b-j -> ProDy: Cannot download structure
5d8b-n -> ProDy: Cannot download structure
5dat-d2 -> ProDy: Cannot download structure
5dat-m5 -> ProDy: Cannot download structure
5dge-c0 -> ProDy: Cannot download structure
5dgf-c2 -> ProDy: Cannot download structure
5dgf-f -> ProDy: Cannot download structure
5el5-6i -> ProDy: Cannot download structure
5epi-b -> ProDy: Cannot download structure
5euj-a -> ProDy: Cannot download structure
5fci-d6 -> ProDy: Cannot download structure
5fl8-q -> ProDy: Cannot download structure
5fl8-r -> ProDy: Cannot download structure
5gjr-f -> ProDy: Cannot download structure
5gm6-a -> ProDy: Cannot download structure
5gm6-b -> ProDy: Cannot download structure
5gm6-g -> ProDy: Cannot download structure
5gm6-h -> ProDy: Cannot download structure
5gm6-u -> ProDy: Cannot download structure
5gm6-v -> ProDy: Cannot download structure
5gm6-w -> ProDy: Cannot download structure
5gm6-y -> ProDy: Cannot download structure
5gpn-a -> ProDy: Cannot download structure
5gpn-ac -> ProDy: Cannot download structure
5gpn-aj -> ProDy: Cannot download structure
5gpn-ak -> ProDy: Cannot download structure
5gpn-al -> ProDy: Cannot download structure
5gpn-am -> ProDy: Cannot download structure
5gpn-g -> ProDy: Cannot download structure
5gpn-m -> ProDy: Cannot download structure
5gpn-o -> ProDy: Cannot download structure
5gpn-q -> ProDy: Cannot download structure
5gpn-r -> ProDy: Cannot download structure
5gpn-t -> ProDy: Cannot download structure
5gpn-u -> ProDy: Cannot download structure
5gpn-w -> ProDy: Cannot download structure
5gpn-y -> ProDy: Cannot download structure
5gup-ae -> ProDy: Cannot download structure
5gup-b -> ProDy: Cannot download structure
5gup-c -> ProDy: Cannot download structure
5gup-f -> ProDy: Cannot download structure
5gup-h -> ProDy: Cannot download structure
5gup-i -> ProDy: Cannot download structure
5gup-j -> ProDy: Cannot download structure
5gup-k -> ProDy: Cannot download structure
5gup-l -> ProDy: Cannot download structure
5gup-m -> ProDy: Cannot download structure
5gup-n -> ProDy: Cannot download structure
5gup-o -> ProDy: Cannot download structure
5gup-p -> ProDy: Cannot download structure
5gup-q -> ProDy: Cannot download structure
5gup-r -> ProDy: Cannot download structure
5gup-s -> ProDy: Cannot download structure
5gup-t -> ProDy: Cannot download structure
5gup-v -> ProDy: Cannot download structure
5gup-w -> ProDy: Cannot download structure
5gup-y -> ProDy: Cannot download structure
5h4p-t -> ProDy: Cannot download structure
5h4p-w -> ProDy: Cannot download structure
5hau-1p -> ProDy: Cannot download structure
5hd1-1d -> ProDy: Cannot download structure
5i4l-p0 -> ProDy: Cannot download structure
5imr-c -> ProDy: Cannot download structure
5imr-q -> ProDy: Cannot download structure
5ipk-a -> ProDy: Cannot download structure
5iqr-b -> ProDy: Cannot download structure
5it7-a -> ProDy: Cannot download structure
5it7-aa -> ProDy: Cannot download structure
5it7-b -> ProDy: Cannot download structure
5it7-bb -> ProDy: Cannot download structure
5it7-cc -> ProDy: Cannot download structure
5it7-dd -> ProDy: Cannot download structure
5it7-ee -> ProDy: Cannot download structure
5it7-ff -> ProDy: Cannot download structure
5it7-gg -> ProDy: Cannot download structure
5it7-hh -> ProDy: Cannot download structure
5it7-ii -> ProDy: Cannot download structure
5it7-jj -> ProDy: Cannot download structure
5it7-kk -> ProDy: Cannot download structure
5it7-ll -> ProDy: Cannot download structure
5it7-mm -> ProDy: Cannot download structure
5it7-oo -> ProDy: Cannot download structure
5it7-p -> ProDy: Cannot download structure
5it7-pp -> ProDy: Cannot download structure
5it7-qq -> ProDy: Cannot download structure
5it7-rr -> ProDy: Cannot download structure
5it7-ss -> ProDy: Cannot download structure
5it7-tt -> ProDy: Cannot download structure
5it7-uu -> ProDy: Cannot download structure
5it7-vv -> ProDy: Cannot download structure
5it7-xx -> ProDy: Cannot download structure
5it7-yy -> ProDy: Cannot download structure
5it7-zz -> ProDy: Cannot download structure
5iv5-o -> ProDy: Cannot download structure
5iv5-t -> ProDy: Cannot download structure
5iv5-u -> ProDy: Cannot download structure
5iv5-v -> ProDy: Cannot download structure
5iv5-w -> ProDy: Cannot download structure
5iv5-yd -> ProDy: Cannot download structure
5iv7-f -> ProDy: Cannot download structure
5j4d-bb -> ProDy: Cannot download structure
5j4d-k -> ProDy: Cannot download structure
5j7l-ap -> ProDy: Cannot download structure
5j88-cp -> ProDy: Cannot download structure
5j8b-j -> ProDy: Cannot download structure
5j8b-z -> ProDy: Cannot download structure
5j8k-ac -> ProDy: Cannot download structure
5j8k-ah -> ProDy: Cannot download structure
5j91-ce -> ProDy: Cannot download structure
5j91-di -> ProDy: Cannot download structure
5jcs-f -> ProDy: Cannot download structure
5jcs-q -> ProDy: Cannot download structure
5jte-au -> ProDy: Cannot download structure
5ju8-af -> ProDy: Cannot download structure
5juo-eb -> ProDy: Cannot download structure
5jup-o -> ProDy: Cannot download structure
5jup-oa -> ProDy: Cannot download structure
5jus-jb -> ProDy: Cannot download structure
5jut-ia -> ProDy: Cannot download structure
5jut-ya -> ProDy: Cannot download structure
5juu-nb -> ProDy: Cannot download structure
5juu-r -> ProDy: Cannot download structure
5juu-rb -> ProDy: Cannot download structure
5juu-ua -> ProDy: Cannot download structure
5kcs-1v -> ProDy: Cannot download structure
5kcs-1w -> ProDy: Cannot download structure
5kps-a -> ProDy: Cannot download structure
5kpw-e -> ProDy: Cannot download structure
5l1d-b -> ProDy: Cannot download structure
5l3p-c -> ProDy: Cannot download structure
5l3p-z -> ProDy: Cannot download structure
5l4g-8 -> ProDy: Cannot download structure
5l4g-u -> ProDy: Cannot download structure
5li0-k -> ProDy: Cannot download structure
5li0-r -> ProDy: Cannot download structure
5li0-s -> ProDy: Cannot download structure
5lks-lb -> ProDy: Cannot download structure
5lqp-ab -> ProDy: Cannot download structure
5lyb-c2 -> ProDy: Cannot download structure
5lyb-p0 -> ProDy: Cannot download structure
5lzd-z -> ProDy: Cannot download structure
5lzs-b -> ProDy: Cannot download structure
5lzs-c -> ProDy: Cannot download structure
5lzs-ee -> ProDy: Cannot download structure
5lzs-jj -> ProDy: Cannot download structure
5lzt-g -> ProDy: Cannot download structure
5lzt-jj -> ProDy: Cannot download structure
5lzu-i -> ProDy: Cannot download structure
5lzu-ii -> ProDy: Cannot download structure
5lzv-cc -> ProDy: Cannot download structure
5lzv-i -> ProDy: Cannot download structure
5lzv-p -> ProDy: Cannot download structure
5lzw-m -> ProDy: Cannot download structure
5lzw-oo -> ProDy: Cannot download structure
5lzx-t -> ProDy: Cannot download structure
5lzx-v -> ProDy: Cannot download structure
5lzy-cc -> ProDy: Cannot download structure
5lzy-ii -> ProDy: Cannot download structure
5lzy-j -> ProDy: Cannot download structure
5lzy-jj -> ProDy: Cannot download structure
5lzz-p -> ProDy: Cannot download structure
5m1j-a2 -> ProDy: Cannot download structure
5mc6-e -> ProDy: Cannot download structure
5mc6-j -> ProDy: Cannot download structure
5mc6-t -> ProDy: Cannot download structure
5mdv-6 -> ProDy: Cannot download structure
5mdw-h -> ProDy: Cannot download structure
5mdw-l -> ProDy: Cannot download structure
5mdw-r -> ProDy: Cannot download structure
5mdy-7 -> ProDy: Cannot download structure
5mdz-q -> ProDy: Cannot download structure
5mkl-a1 -> ProDy: Cannot download structure
5mmm-7 -> ProDy: Cannot download structure
5mmm-c -> ProDy: Cannot download structure
5mmm-e -> ProDy: Cannot download structure
5mmm-g -> ProDy: Cannot download structure
5mmm-i -> ProDy: Cannot download structure
5mmm-j -> ProDy: Cannot download structure
5mmm-k -> ProDy: Cannot download structure
5mmm-l -> ProDy: Cannot download structure
5mmm-q -> ProDy: Cannot download structure
5mmm-t -> ProDy: Cannot download structure
5mmm-u -> ProDy: Cannot download structure
5mmm-v -> ProDy: Cannot download structure
5mmm-w -> ProDy: Cannot download structure
5mmm-y -> ProDy: Cannot download structure
5mpb-r -> ProDy: Cannot download structure
5mpc-8 -> ProDy: Cannot download structure
5mpc-h -> ProDy: Cannot download structure
5mq3-aa -> ProDy: Cannot download structure
5mrc-1 -> ProDy: Cannot download structure
5mrc-4 -> ProDy: Cannot download structure
5mrc-66 -> ProDy: Cannot download structure
5mrc-7 -> ProDy: Cannot download structure
5mrc-9 -> ProDy: Cannot download structure
5mrc-a -> ProDy: Cannot download structure
5mrc-bb -> ProDy: Cannot download structure
5mrc-c -> ProDy: Cannot download structure
5mrc-f -> ProDy: Cannot download structure
5mrc-mm -> ProDy: Cannot download structure
5mrc-nn -> ProDy: Cannot download structure
5mrc-o -> ProDy: Cannot download structure
5mrc-pp -> ProDy: Cannot download structure
5mrc-t -> ProDy: Cannot download structure
5mrc-u -> ProDy: Cannot download structure
5mrc-uu -> ProDy: Cannot download structure
5mrc-yy -> ProDy: Cannot download structure
5mre-5 -> ProDy: Cannot download structure
5mre-55 -> ProDy: Cannot download structure
5mre-8 -> ProDy: Cannot download structure
5mre-88 -> ProDy: Cannot download structure
5mre-aa -> ProDy: Cannot download structure
5mre-b -> ProDy: Cannot download structure
5mre-d -> ProDy: Cannot download structure
5mre-ff -> ProDy: Cannot download structure
5mre-h -> ProDy: Cannot download structure
5mre-hh -> ProDy: Cannot download structure
5mre-ii -> ProDy: Cannot download structure
5mre-ll -> ProDy: Cannot download structure
5mre-oo -> ProDy: Cannot download structure
5mre-r -> ProDy: Cannot download structure
5mre-rr -> ProDy: Cannot download structure
5mre-ss -> ProDy: Cannot download structure
5mre-tt -> ProDy: Cannot download structure
5mre-ww -> ProDy: Cannot download structure
5mre-x -> ProDy: Cannot download structure
5mre-z -> ProDy: Cannot download structure
5mre-zz -> ProDy: Cannot download structure
5mrf-33 -> ProDy: Cannot download structure
5mrf-44 -> ProDy: Cannot download structure
5mrf-6 -> ProDy: Cannot download structure
5mrf-b -> ProDy: Cannot download structure
5mrf-c -> ProDy: Cannot download structure
5mrf-cc -> ProDy: Cannot download structure
5mrf-d -> ProDy: Cannot download structure
5mrf-dd -> ProDy: Cannot download structure
5mrf-e -> ProDy: Cannot download structure
5mrf-ee -> ProDy: Cannot download structure
5mrf-gg -> ProDy: Cannot download structure
5mrf-j -> ProDy: Cannot download structure
5mrf-jj -> ProDy: Cannot download structure
5mrf-k -> ProDy: Cannot download structure
5mrf-kk -> ProDy: Cannot download structure
5mrf-l -> ProDy: Cannot download structure
5mrf-m -> ProDy: Cannot download structure
5mrf-n -> ProDy: Cannot download structure
5mrf-p -> ProDy: Cannot download structure
5mrf-q -> ProDy: Cannot download structure
5mrf-qq -> ProDy: Cannot download structure
5mrf-w -> ProDy: Cannot download structure
5myj-a -> ProDy: Cannot download structure
5myj-ab -> ProDy: Cannot download structure
5myj-ac -> ProDy: Cannot download structure
5myj-ad -> ProDy: Cannot download structure
5myj-ae -> ProDy: Cannot download structure
5myj-af -> ProDy: Cannot download structure
5myj-ag -> ProDy: Cannot download structure
5myj-ah -> ProDy: Cannot download structure
5myj-ai -> ProDy: Cannot download structure
5myj-aj -> ProDy: Cannot download structure
5myj-ak -> ProDy: Cannot download structure
5myj-al -> ProDy: Cannot download structure
5myj-am -> ProDy: Cannot download structure
5myj-an -> ProDy: Cannot download structure
5myj-ao -> ProDy: Cannot download structure
5myj-ap -> ProDy: Cannot download structure
5myj-aq -> ProDy: Cannot download structure
5myj-ar -> ProDy: Cannot download structure
5myj-as -> ProDy: Cannot download structure
5myj-at -> ProDy: Cannot download structure
5myj-b0 -> ProDy: Cannot download structure
5myj-b1 -> ProDy: Cannot download structure
5myj-b3 -> ProDy: Cannot download structure
5myj-b7 -> ProDy: Cannot download structure
5myj-bd -> ProDy: Cannot download structure
5myj-be -> ProDy: Cannot download structure
5myj-bf -> ProDy: Cannot download structure
5myj-bg -> ProDy: Cannot download structure
5myj-bh -> ProDy: Cannot download structure
5myj-bm -> ProDy: Cannot download structure
5myj-bn -> ProDy: Cannot download structure
5myj-bo -> ProDy: Cannot download structure
5myj-bp -> ProDy: Cannot download structure
5myj-bq -> ProDy: Cannot download structure
5myj-br -> ProDy: Cannot download structure
5myj-bs -> ProDy: Cannot download structure
5myj-bt -> ProDy: Cannot download structure
5myj-bu -> ProDy: Cannot download structure
5myj-bv -> ProDy: Cannot download structure
5myj-bw -> ProDy: Cannot download structure
5myj-bx -> ProDy: Cannot download structure
5myj-bz -> ProDy: Cannot download structure
5nd8-3 -> ProDy: Cannot download structure
5nd8-c -> ProDy: Cannot download structure
5nd8-d -> ProDy: Cannot download structure
5nd8-m -> ProDy: Cannot download structure
5nd8-n -> ProDy: Cannot download structure
5nd8-p -> ProDy: Cannot download structure
5nd8-r -> ProDy: Cannot download structure
5nd8-t -> ProDy: Cannot download structure
5nd8-v -> ProDy: Cannot download structure
5nd9-b -> ProDy: Cannot download structure
5nd9-e -> ProDy: Cannot download structure
5nd9-g -> ProDy: Cannot download structure
5nd9-h -> ProDy: Cannot download structure
5nd9-j -> ProDy: Cannot download structure
5nd9-q -> ProDy: Cannot download structure
5ngm-af -> ProDy: Cannot download structure
5ngm-ai -> ProDy: Cannot download structure
5ngm-al -> ProDy: Cannot download structure
5ngm-ao -> ProDy: Cannot download structure
5ngm-at -> ProDy: Cannot download structure
5njt-b -> ProDy: Cannot download structure
5njt-d -> ProDy: Cannot download structure
5njt-e -> ProDy: Cannot download structure
5njt-j -> ProDy: Cannot download structure
5njt-o -> ProDy: Cannot download structure
5njt-r -> ProDy: Cannot download structure
5njt-s -> ProDy: Cannot download structure
5nrl-m -> ProDy: Cannot download structure
5nrl-n -> ProDy: Cannot download structure
5nrl-t -> ProDy: Cannot download structure
5nrl-z -> ProDy: Cannot download structure
5nwy-d -> ProDy: Cannot download structure
5o09-1c -> ProDy: Cannot download structure
5o61-bh -> ProDy: Cannot download structure
5o61-i -> ProDy: Cannot download structure
5o61-k -> ProDy: Cannot download structure
5o61-r -> ProDy: Cannot download structure
5on6-q -> ProDy: Cannot download structure
5oql-a -> ProDy: Cannot download structure
5oql-b -> ProDy: Cannot download structure
5oql-c -> ProDy: Cannot download structure
5oql-d -> ProDy: Cannot download structure
5oql-e -> ProDy: Cannot download structure
5oql-g -> ProDy: Cannot download structure
5oql-h -> ProDy: Cannot download structure
5oql-j -> ProDy: Cannot download structure
5oql-k -> ProDy: Cannot download structure
5oql-l -> ProDy: Cannot download structure
5oql-m -> ProDy: Cannot download structure
5oql-n -> ProDy: Cannot download structure
5oql-o -> ProDy: Cannot download structure
5oql-p -> ProDy: Cannot download structure
5oql-q -> ProDy: Cannot download structure
5oql-r -> ProDy: Cannot download structure
5oql-s -> ProDy: Cannot download structure
5oql-t -> ProDy: Cannot download structure
5oql-u -> ProDy: Cannot download structure
5oql-v -> ProDy: Cannot download structure
5oql-w -> ProDy: Cannot download structure
5oql-x -> ProDy: Cannot download structure
5oql-y -> ProDy: Cannot download structure
5oql-z -> ProDy: Cannot download structure
5t0c-ad -> ProDy: Cannot download structure
5t2a-5 -> ProDy: Cannot download structure
5t2a-6 -> ProDy: Cannot download structure
5t2a-ae -> ProDy: Cannot download structure
5t2a-ah -> ProDy: Cannot download structure
5t2a-an -> ProDy: Cannot download structure
5t2a-ao -> ProDy: Cannot download structure
5t2a-ar -> ProDy: Cannot download structure
5t2a-at -> ProDy: Cannot download structure
5t2a-g -> ProDy: Cannot download structure
5t2a-i -> ProDy: Cannot download structure
5t2a-k -> ProDy: Cannot download structure
5t2a-n -> ProDy: Cannot download structure
5t2a-p -> ProDy: Cannot download structure
5t2a-v -> ProDy: Cannot download structure
5t2a-x -> ProDy: Cannot download structure
5t2c-f -> ProDy: Cannot download structure
5t2c-j -> ProDy: Cannot download structure
5t2c-r -> ProDy: Cannot download structure
5t5h-a -> ProDy: Cannot download structure
5t5h-b -> ProDy: Cannot download structure
5t5h-c -> ProDy: Cannot download structure
5t5h-d -> ProDy: Cannot download structure
5t5h-e -> ProDy: Cannot download structure
5t5h-f -> ProDy: Cannot download structure
5t5h-g -> ProDy: Cannot download structure
5t5h-h -> ProDy: Cannot download structure
5t5h-i -> ProDy: Cannot download structure
5t5h-j -> ProDy: Cannot download structure
5t5h-k -> ProDy: Cannot download structure
5t5h-l -> ProDy: Cannot download structure
5t5h-m -> ProDy: Cannot download structure
5t5h-n -> ProDy: Cannot download structure
5t5h-o -> ProDy: Cannot download structure
5t5h-p -> ProDy: Cannot download structure
5t5h-q -> ProDy: Cannot download structure
5t5h-r -> ProDy: Cannot download structure
5t5h-s -> ProDy: Cannot download structure
5t5h-t -> ProDy: Cannot download structure
5t5h-u -> ProDy: Cannot download structure
5t5h-v -> ProDy: Cannot download structure
5t5h-w -> ProDy: Cannot download structure
5t5h-x -> ProDy: Cannot download structure
5t5h-z -> ProDy: Cannot download structure
5t62-i -> ProDy: Cannot download structure
5t62-w -> ProDy: Cannot download structure
5t62-x -> ProDy: Cannot download structure
5t6r-f -> ProDy: Cannot download structure
5t6r-v -> ProDy: Cannot download structure
5t7v-lc -> ProDy: Cannot download structure
5t7v-s1 -> ProDy: Cannot download structure
5t9s-f -> ProDy: Cannot download structure
5tcu-l4 -> ProDy: Cannot download structure
5tcu-l8 -> ProDy: Cannot download structure
5tcu-lf -> ProDy: Cannot download structure
5tcu-s1 -> ProDy: Cannot download structure
5tgm-c1 -> ProDy: Cannot download structure
5tgm-n5 -> ProDy: Cannot download structure
5tgm-p0 -> ProDy: Cannot download structure
5tx1-a -> ProDy: Cannot download structure
5tx1-m -> ProDy: Cannot download structure
5tx1-n -> ProDy: Cannot download structure
5tx1-p -> ProDy: Cannot download structure
5tx1-u -> ProDy: Cannot download structure
5u4i-q -> ProDy: Cannot download structure
5u4i-s -> ProDy: Cannot download structure
5u4i-v -> ProDy: Cannot download structure
5u9g-y -> ProDy: Cannot download structure
5umd-0 -> ProDy: Cannot download structure
5umd-1 -> ProDy: Cannot download structure
5umd-5 -> ProDy: Cannot download structure
5umd-6 -> ProDy: Cannot download structure
5umd-a -> ProDy: Cannot download structure
5umd-d -> ProDy: Cannot download structure
5umd-g -> ProDy: Cannot download structure
5umd-h -> ProDy: Cannot download structure
5umd-j -> ProDy: Cannot download structure
5umd-k -> ProDy: Cannot download structure
5umd-m -> ProDy: Cannot download structure
5umd-n -> ProDy: Cannot download structure
5umd-o -> ProDy: Cannot download structure
5umd-q -> ProDy: Cannot download structure
5umd-r -> ProDy: Cannot download structure
5umd-s -> ProDy: Cannot download structure
5umd-u -> ProDy: Cannot download structure
5umd-w -> ProDy: Cannot download structure
5uq8-c -> ProDy: Cannot download structure
5v93-6 -> ProDy: Cannot download structure
5v93-c -> ProDy: Cannot download structure
5v93-d -> ProDy: Cannot download structure
5v93-e -> ProDy: Cannot download structure
5v93-f -> ProDy: Cannot download structure
5v93-i -> ProDy: Cannot download structure
5v93-k -> ProDy: Cannot download structure
5v93-m -> ProDy: Cannot download structure
5v93-n -> ProDy: Cannot download structure
5v93-o -> ProDy: Cannot download structure
5v93-p -> ProDy: Cannot download structure
5v93-q -> ProDy: Cannot download structure
5v93-r -> ProDy: Cannot download structure
5v93-s -> ProDy: Cannot download structure
5v93-t -> ProDy: Cannot download structure
5v93-u -> ProDy: Cannot download structure
5v93-v -> ProDy: Cannot download structure
5v93-x -> ProDy: Cannot download structure
5v93-y -> ProDy: Cannot download structure
5vfp-b -> ProDy: Cannot download structure
5vfp-e -> ProDy: Cannot download structure
5vfp-f -> ProDy: Cannot download structure
5vfq-z -> ProDy: Cannot download structure
5vfu-a -> ProDy: Cannot download structure
5vfu-d -> ProDy: Cannot download structure
5vku-g -> ProDy: Cannot download structure
5vku-h -> ProDy: Cannot download structure
5vku-q -> ProDy: Cannot download structure
5vyc-e1 -> ProDy: Cannot download structure
5vyc-l1 -> ProDy: Cannot download structure
5vyc-r1 -> ProDy: Cannot download structure
5w4k-1e -> ProDy: Cannot download structure
5wit-1k -> ProDy: Cannot download structure
5wk6-a -> ProDy: Cannot download structure
5wlc-lh -> ProDy: Cannot download structure
5wlc-lj -> ProDy: Cannot download structure
5wlc-lk -> ProDy: Cannot download structure
5wlc-ll -> ProDy: Cannot download structure
5wlc-ln -> ProDy: Cannot download structure
5wlc-lo -> ProDy: Cannot download structure
5wlc-lp -> ProDy: Cannot download structure
5wlc-lr -> ProDy: Cannot download structure
5wlc-ls -> ProDy: Cannot download structure
5wlc-lu -> ProDy: Cannot download structure
5wlc-lv -> ProDy: Cannot download structure
5wlc-lw -> ProDy: Cannot download structure
5wlc-na -> ProDy: Cannot download structure
5wlc-nb -> ProDy: Cannot download structure
5wlc-nc -> ProDy: Cannot download structure
5wlc-nd -> ProDy: Cannot download structure
5wlc-ne -> ProDy: Cannot download structure
5wlc-ni -> ProDy: Cannot download structure
5wlc-sg -> ProDy: Cannot download structure
5wlc-sh -> ProDy: Cannot download structure
5wlc-sm -> ProDy: Cannot download structure
5wlc-sn -> ProDy: Cannot download structure
5wlc-sq -> ProDy: Cannot download structure
5wlc-ss -> ProDy: Cannot download structure
5wlc-st -> ProDy: Cannot download structure
5wlc-su -> ProDy: Cannot download structure
5wlc-sv -> ProDy: Cannot download structure
5wlc-sy -> ProDy: Cannot download structure
5wp9-a -> ProDy: Cannot download structure
5wvi-k -> ProDy: Cannot download structure
5wvi-l -> ProDy: Cannot download structure
5wvi-z -> ProDy: Cannot download structure
5wvk-x -> ProDy: Cannot download structure
5wyj-bc -> ProDy: Cannot download structure
5wyj-be -> ProDy: Cannot download structure
5wyj-e3 -> ProDy: Cannot download structure
5wyj-k1 -> ProDy: Cannot download structure
5wyj-ma -> ProDy: Cannot download structure
5wyj-p1 -> ProDy: Cannot download structure
5wyj-sg -> ProDy: Cannot download structure
5wyj-u4 -> ProDy: Cannot download structure
5wyk-3b -> ProDy: Cannot download structure
5wyk-3d -> ProDy: Cannot download structure
5wyk-3e -> ProDy: Cannot download structure
5wyk-bb -> ProDy: Cannot download structure
5wyk-mc -> ProDy: Cannot download structure
5wyk-sf -> ProDy: Cannot download structure
5x8p-8 -> ProDy: Cannot download structure
5x8p-b -> ProDy: Cannot download structure
5x8p-d -> ProDy: Cannot download structure
5x8p-j -> ProDy: Cannot download structure
5x8p-k -> ProDy: Cannot download structure
5x8p-n -> ProDy: Cannot download structure
5x8p-p -> ProDy: Cannot download structure
5x8p-q -> ProDy: Cannot download structure
5x8p-s -> ProDy: Cannot download structure
5x8p-u -> ProDy: Cannot download structure
5x8p-z -> ProDy: Cannot download structure
5xjc-j -> ProDy: Cannot download structure
5xjc-r -> ProDy: Cannot download structure
5xjc-x -> ProDy: Cannot download structure
5xth-aa -> ProDy: Cannot download structure
5xth-ah -> ProDy: Cannot download structure
5xth-ak -> ProDy: Cannot download structure
5xth-al -> ProDy: Cannot download structure
5xth-c -> ProDy: Cannot download structure
5xth-g -> ProDy: Cannot download structure
5xth-i -> ProDy: Cannot download structure
5xth-k -> ProDy: Cannot download structure
5xth-l -> ProDy: Cannot download structure
5xth-p -> ProDy: Cannot download structure
5xth-q -> ProDy: Cannot download structure
5xth-s -> ProDy: Cannot download structure
5xth-u -> ProDy: Cannot download structure
5xth-z -> ProDy: Cannot download structure
5xti-ac -> ProDy: Cannot download structure
5xti-ad -> ProDy: Cannot download structure
5xti-af -> ProDy: Cannot download structure
5xti-h -> ProDy: Cannot download structure
5xti-i -> ProDy: Cannot download structure
5xti-j -> ProDy: Cannot download structure
5xti-m -> ProDy: Cannot download structure
5xti-n -> ProDy: Cannot download structure
5xti-r -> ProDy: Cannot download structure
5xti-v -> ProDy: Cannot download structure
5xti-w -> ProDy: Cannot download structure
5xy3-a -> ProDy: Cannot download structure
5xy3-b -> ProDy: Cannot download structure
5xy3-c -> ProDy: Cannot download structure
5xy3-d -> ProDy: Cannot download structure
5xy3-e -> ProDy: Cannot download structure
5xy3-f -> ProDy: Cannot download structure
5xy3-g -> ProDy: Cannot download structure
5xy3-h -> ProDy: Cannot download structure
5xy3-i -> ProDy: Cannot download structure
5xy3-j -> ProDy: Cannot download structure
5xy3-k -> ProDy: Cannot download structure
5xy3-l -> ProDy: Cannot download structure
5xy3-m -> ProDy: Cannot download structure
5xy3-n -> ProDy: Cannot download structure
5xy3-o -> ProDy: Cannot download structure
5xy3-p -> ProDy: Cannot download structure
5xy3-q -> ProDy: Cannot download structure
5xy3-r -> ProDy: Cannot download structure
5xy3-s -> ProDy: Cannot download structure
5xy3-t -> ProDy: Cannot download structure
5xy3-u -> ProDy: Cannot download structure
5xy3-v -> ProDy: Cannot download structure
5xy3-w -> ProDy: Cannot download structure
5xy3-x -> ProDy: Cannot download structure
5xy3-y -> ProDy: Cannot download structure
5xy3-z -> ProDy: Cannot download structure
5yzg-2 -> ProDy: Cannot download structure
5yzg-3 -> ProDy: Cannot download structure
5yzg-w -> ProDy: Cannot download structure
5yzg-x -> ProDy: Cannot download structure
5yzg-y -> ProDy: Cannot download structure
5z56-q -> ProDy: Cannot download structure
5z56-z -> ProDy: Cannot download structure
5z57-k -> ProDy: Cannot download structure
5z57-v -> ProDy: Cannot download structure
5zap-q -> ProDy: Cannot download structure
5zap-s -> ProDy: Cannot download structure
5zeb-1 -> ProDy: Cannot download structure
5zeb-2 -> ProDy: Cannot download structure
5zeb-6 -> ProDy: Cannot download structure
5zeb-b -> ProDy: Cannot download structure
5zeb-c -> ProDy: Cannot download structure
5zeb-d -> ProDy: Cannot download structure
5zeb-k -> ProDy: Cannot download structure
5zeb-m -> ProDy: Cannot download structure
5zeb-o -> ProDy: Cannot download structure
5zeb-r -> ProDy: Cannot download structure
5zeb-w -> ProDy: Cannot download structure
5zep-e -> ProDy: Cannot download structure
5zep-h -> ProDy: Cannot download structure
5zep-p -> ProDy: Cannot download structure
5zep-q -> ProDy: Cannot download structure
5zep-u -> ProDy: Cannot download structure
5zep-x -> ProDy: Cannot download structure
5zep-y -> ProDy: Cannot download structure
5zf0-k1 -> ProDy: Cannot download structure
5zlu-ee -> ProDy: Cannot download structure
5zlu-f -> ProDy: Cannot download structure
5zwm-4 -> ProDy: Cannot download structure
5zwm-j -> ProDy: Cannot download structure
5zwm-o -> ProDy: Cannot download structure
5zwm-s -> ProDy: Cannot download structure
5zwm-v -> ProDy: Cannot download structure
5zwm-x -> ProDy: Cannot download structure
5zz8-h -> ProDy: Cannot download structure
5zz8-q -> ProDy: Cannot download structure
5zz8-r -> ProDy: Cannot download structure
6ahd-0 -> ProDy: Cannot download structure
6ahd-8 -> ProDy: Cannot download structure
6ahd-9 -> ProDy: Cannot download structure
6ahd-a0 -> ProDy: Cannot download structure
6ahd-n -> ProDy: Cannot download structure
6ahd-u -> ProDy: Cannot download structure
6ahd-v -> ProDy: Cannot download structure
6ahd-x -> ProDy: Cannot download structure
6az3-b -> ProDy: Cannot download structure
6az3-c -> ProDy: Cannot download structure
6az3-d -> ProDy: Cannot download structure
6az3-e -> ProDy: Cannot download structure
6az3-f -> ProDy: Cannot download structure
6az3-g -> ProDy: Cannot download structure
6az3-h -> ProDy: Cannot download structure
6az3-k -> ProDy: Cannot download structure
6az3-n -> ProDy: Cannot download structure
6az3-o -> ProDy: Cannot download structure
6az3-q -> ProDy: Cannot download structure
6az3-v -> ProDy: Cannot download structure
6az3-w -> ProDy: Cannot download structure
6b1t-m -> ProDy: Cannot download structure
6b1t-x -> ProDy: Cannot download structure
6b43-5 -> ProDy: Cannot download structure
6b43-6 -> ProDy: Cannot download structure
