1VY5-AN -> ProDy: Cannot download structure
1VY7-BG -> ProDy: Cannot download structure
6SL9-AAA -> ProDy: Cannot download structure
6T9M-AAA -> ProDy: Cannot download structure
6TAK-BBB -> ProDy: Cannot download structure
6TIB-AAA -> ProDy: Cannot download structure
6TIC-AAA -> ProDy: Cannot download structure
6TIE-AAA -> ProDy: Cannot download structure
6TIH-AAA -> ProDy: Cannot download structure
6TIJ-AAA -> ProDy: Cannot download structure
6TIN-AAA -> ProDy: Cannot download structure
6TN4-AAA -> ProDy: Cannot download structure
6TN5-AAA -> ProDy: Cannot download structure
6TRG-XXX -> ProDy: Cannot download structure
6TVI-AAA -> ProDy: Cannot download structure
6TWO-AAA -> ProDy: Cannot download structure
6TWP-AAA -> ProDy: Cannot download structure
6XWK-BBB -> ProDy: Cannot download structure
6XWZ-AAA -> ProDy: Cannot download structure
6XXX-AAA -> ProDy: Cannot download structure
6XY7-AAA -> ProDy: Cannot download structure
6Y34-AAA -> ProDy: Cannot download structure
6YP1-AAA -> ProDy: Cannot download structure
6YPR-AAA -> ProDy: Cannot download structure
6YPZ-AAA -> ProDy: Cannot download structure
6YQ0-AAA -> ProDy: Cannot download structure
6YQM-AAA -> ProDy: Cannot download structure
6Z3V-AAA -> ProDy: Cannot download structure
6ZFN-AAA -> ProDy: Cannot download structure
6ZFQ-AAA -> ProDy: Cannot download structure
6ZJ6-AAA -> ProDy: Cannot download structure
7AEW-AAA -> ProDy: Cannot download structure
7AEY-AAA -> ProDy: Cannot download structure
7AF2-AAA -> ProDy: Cannot download structure
7AV9-AAA -> ProDy: Cannot download structure
7BBO-AAA -> ProDy: Cannot download structure
7BEB-AAA -> ProDy: Cannot download structure
7L7Y-AAA -> ProDy: Cannot download structure
7L81-AAA -> ProDy: Cannot download structure
7NSZ-AAA -> ProDy: Cannot download structure
3J6B-0 -> ProDy: Cannot download structure
3J6B-2 -> ProDy: Cannot download structure
3J6B-3 -> ProDy: Cannot download structure
3J6B-5 -> ProDy: Cannot download structure
3J6B-7 -> ProDy: Cannot download structure
3J6B-9 -> ProDy: Cannot download structure
3J6B-D -> ProDy: Cannot download structure
3J6B-G -> ProDy: Cannot download structure
3J6B-I -> ProDy: Cannot download structure
3J6B-J -> ProDy: Cannot download structure
3J6B-K -> ProDy: Cannot download structure
3J6B-M -> ProDy: Cannot download structure
3J6B-N -> ProDy: Cannot download structure
3J6B-O -> ProDy: Cannot download structure
3J6B-P -> ProDy: Cannot download structure
3J6B-S -> ProDy: Cannot download structure
3J6B-T -> ProDy: Cannot download structure
3J6B-V -> ProDy: Cannot download structure
3J6B-W -> ProDy: Cannot download structure
3J6B-Y -> ProDy: Cannot download structure
3J6B-Z -> ProDy: Cannot download structure
3J6X-S2 -> ProDy: Cannot download structure
3J6Y-19 -> ProDy: Cannot download structure
3J6Y-59 -> ProDy: Cannot download structure
3J77-15 -> ProDy: Cannot download structure
3J77-27 -> ProDy: Cannot download structure
3J77-67 -> ProDy: Cannot download structure
3J77-77 -> ProDy: Cannot download structure
3J77-S0 -> ProDy: Cannot download structure
3J78-25 -> ProDy: Cannot download structure
3J79-2 -> ProDy: Cannot download structure
3J79-3 -> ProDy: Cannot download structure
3J79-4 -> ProDy: Cannot download structure
3J79-7 -> ProDy: Cannot download structure
3J79-8 -> ProDy: Cannot download structure
3J79-9 -> ProDy: Cannot download structure
3J79-E -> ProDy: Cannot download structure
3J79-F -> ProDy: Cannot download structure
3J79-H -> ProDy: Cannot download structure
3J79-I -> ProDy: Cannot download structure
3J79-P -> ProDy: Cannot download structure
3J79-T -> ProDy: Cannot download structure
3J79-V -> ProDy: Cannot download structure
3J79-X -> ProDy: Cannot download structure
3J79-Y -> ProDy: Cannot download structure
3J79-Z -> ProDy: Cannot download structure
3J79-b -> ProDy: Cannot download structure
3J79-c -> ProDy: Cannot download structure
3J79-d -> ProDy: Cannot download structure
3J79-f -> ProDy: Cannot download structure
3J79-i -> ProDy: Cannot download structure
3J7P-E -> ProDy: Cannot download structure
3J7P-J -> ProDy: Cannot download structure
3J7P-M -> ProDy: Cannot download structure
3J7P-k -> ProDy: Cannot download structure
3J7Q-b -> ProDy: Cannot download structure
3J7R-1 -> ProDy: Cannot download structure
3J7R-SS -> ProDy: Cannot download structure
3J7R-Sf -> ProDy: Cannot download structure
3J7R-j -> ProDy: Cannot download structure
3J92-1 -> ProDy: Cannot download structure
3J92-E -> ProDy: Cannot download structure
3J92-F -> ProDy: Cannot download structure
3J92-S -> ProDy: Cannot download structure
3J92-f -> ProDy: Cannot download structure
3J92-h -> ProDy: Cannot download structure
3J9K-B -> ProDy: Cannot download structure
3J9M-3 -> ProDy: Cannot download structure
3J9M-6 -> ProDy: Cannot download structure
3J9M-8 -> ProDy: Cannot download structure
3J9M-A0 -> ProDy: Cannot download structure
3J9M-A1 -> ProDy: Cannot download structure
3J9M-A2 -> ProDy: Cannot download structure
3J9M-A3 -> ProDy: Cannot download structure
3J9M-A4 -> ProDy: Cannot download structure
3J9M-AB -> ProDy: Cannot download structure
3J9M-AD -> ProDy: Cannot download structure
3J9M-AE -> ProDy: Cannot download structure
3J9M-AF -> ProDy: Cannot download structure
3J9M-AI -> ProDy: Cannot download structure
3J9M-AK -> ProDy: Cannot download structure
3J9M-AL -> ProDy: Cannot download structure
3J9M-AO -> ProDy: Cannot download structure
3J9M-AR -> ProDy: Cannot download structure
3J9M-AW -> ProDy: Cannot download structure
3J9M-AY -> ProDy: Cannot download structure
3J9M-H -> ProDy: Cannot download structure
3J9M-I -> ProDy: Cannot download structure
3J9M-L -> ProDy: Cannot download structure
3J9M-P -> ProDy: Cannot download structure
3J9M-S -> ProDy: Cannot download structure
3J9M-b -> ProDy: Cannot download structure
3J9M-d -> ProDy: Cannot download structure
3J9M-i -> ProDy: Cannot download structure
3J9M-j -> ProDy: Cannot download structure
3J9M-l -> ProDy: Cannot download structure
3J9M-r -> ProDy: Cannot download structure
3J9R-A -> ProDy: Cannot download structure
3J9W-AG -> ProDy: Cannot download structure
3J9W-AH -> ProDy: Cannot download structure
3J9W-AI -> ProDy: Cannot download structure
3J9W-AQ -> ProDy: Cannot download structure
3J9W-AR -> ProDy: Cannot download structure
3J9W-AZ -> ProDy: Cannot download structure
3J9W-B1 -> ProDy: Cannot download structure
3J9W-BF -> ProDy: Cannot download structure
3J9W-BG -> ProDy: Cannot download structure
3J9W-BJ -> ProDy: Cannot download structure
3J9Y-3 -> ProDy: Cannot download structure
3J9Y-i -> ProDy: Cannot download structure
3JAH-X -> ProDy: Cannot download structure
3JAH-b -> ProDy: Cannot download structure
3JAH-cc -> ProDy: Cannot download structure
3JAH-ff -> ProDy: Cannot download structure
3JAI-UU -> ProDy: Cannot download structure
3JBN-3 -> ProDy: Cannot download structure
3JBN-A7 -> ProDy: Cannot download structure
3JBN-A9 -> ProDy: Cannot download structure
3JBN-AL -> ProDy: Cannot download structure
3JBN-AN -> ProDy: Cannot download structure
3JBN-P -> ProDy: Cannot download structure
3JBO-AW -> ProDy: Cannot download structure
3JBO-AY -> ProDy: Cannot download structure
3JBO-C -> ProDy: Cannot download structure
3JBO-G -> ProDy: Cannot download structure
3JBO-Z -> ProDy: Cannot download structure
3JBP-A5 -> ProDy: Cannot download structure
3JBP-AX -> ProDy: Cannot download structure
3JBP-Aa -> ProDy: Cannot download structure
3JBP-Ad -> ProDy: Cannot download structure
3JBP-Ah -> ProDy: Cannot download structure
3JBP-B -> ProDy: Cannot download structure
3JBP-H -> ProDy: Cannot download structure
3JBP-N -> ProDy: Cannot download structure
3JBP-R -> ProDy: Cannot download structure
3JBP-S -> ProDy: Cannot download structure
3JBP-W -> ProDy: Cannot download structure
3JBP-X -> ProDy: Cannot download structure
3JBU-E -> ProDy: Cannot download structure
3JC8-Ba -> ProDy: Cannot download structure
3JC8-Qa -> ProDy: Cannot download structure
3JC9-Ca -> ProDy: Cannot download structure
3JC9-Na -> ProDy: Cannot download structure
3JCD-s -> ProDy: Cannot download structure
3JCN-b -> ProDy: Cannot download structure
3JCO-J -> ProDy: Cannot download structure
3JCO-U -> ProDy: Cannot download structure
3JCP-I -> ProDy: Cannot download structure
3JCS-A -> ProDy: Cannot download structure
3JCS-D -> ProDy: Cannot download structure
3JCS-E -> ProDy: Cannot download structure
3JCS-F -> ProDy: Cannot download structure
3JCS-I -> ProDy: Cannot download structure
3JCS-J -> ProDy: Cannot download structure
3JCS-K -> ProDy: Cannot download structure
3JCS-L -> ProDy: Cannot download structure
3JCS-M -> ProDy: Cannot download structure
3JCS-P -> ProDy: Cannot download structure
3JCS-Q -> ProDy: Cannot download structure
3JCS-R -> ProDy: Cannot download structure
3JCS-S -> ProDy: Cannot download structure
3JCS-T -> ProDy: Cannot download structure
3JCS-U -> ProDy: Cannot download structure
3JCS-V -> ProDy: Cannot download structure
3JCS-Y -> ProDy: Cannot download structure
3JCS-Z -> ProDy: Cannot download structure
3JCS-b -> ProDy: Cannot download structure
3JCS-d -> ProDy: Cannot download structure
3JCS-e -> ProDy: Cannot download structure
3JCS-g -> ProDy: Cannot download structure
3JCS-h -> ProDy: Cannot download structure
3JCS-j -> ProDy: Cannot download structure
3JCS-n -> ProDy: Cannot download structure
3JCT-I -> ProDy: Cannot download structure
3JCT-q -> ProDy: Cannot download structure
3JCT-v -> ProDy: Cannot download structure
3JCT-w -> ProDy: Cannot download structure
4BTS-A0 -> ProDy: Cannot download structure
4BTS-A2 -> ProDy: Cannot download structure
4BTS-A6 -> ProDy: Cannot download structure
4BTS-A7 -> ProDy: Cannot download structure
4BTS-A8 -> ProDy: Cannot download structure
4BTS-A9 -> ProDy: Cannot download structure
4BTS-AB -> ProDy: Cannot download structure
4BTS-AC -> ProDy: Cannot download structure
4BTS-AD -> ProDy: Cannot download structure
4BTS-AE -> ProDy: Cannot download structure
4BTS-AF -> ProDy: Cannot download structure
4BTS-AG -> ProDy: Cannot download structure
4BTS-AH -> ProDy: Cannot download structure
4BTS-AO -> ProDy: Cannot download structure
4BTS-AP -> ProDy: Cannot download structure
4BTS-AR -> ProDy: Cannot download structure
4BTS-AU -> ProDy: Cannot download structure
4BTS-AV -> ProDy: Cannot download structure
4BTS-AW -> ProDy: Cannot download structure
4BTS-AX -> ProDy: Cannot download structure
4BTS-AY -> ProDy: Cannot download structure
4BTS-AZ -> ProDy: Cannot download structure
4DCB-A -> ProDy: Cannot download structure
4FRT-A -> ProDy: Cannot download structure
4LNT-RZ -> ProDy: Cannot download structure
4TVX-F -> ProDy: Cannot download structure
4TVX-H -> ProDy: Cannot download structure
4U4Q-SM -> ProDy: Cannot download structure
4U4Z-D1 -> ProDy: Cannot download structure
4U50-S8 -> ProDy: Cannot download structure
4U53-C7 -> ProDy: Cannot download structure
4U55-E1 -> ProDy: Cannot download structure
4U56-N4 -> ProDy: Cannot download structure
4UG0-LI -> ProDy: Cannot download structure
4UG0-LN -> ProDy: Cannot download structure
4UG0-Lm -> ProDy: Cannot download structure
4UG0-Lr -> ProDy: Cannot download structure
4V3P-LA -> ProDy: Cannot download structure
4V3P-LB -> ProDy: Cannot download structure
4V3P-LC -> ProDy: Cannot download structure
4V3P-LD -> ProDy: Cannot download structure
4V3P-LE -> ProDy: Cannot download structure
4V3P-LF -> ProDy: Cannot download structure
4V3P-LH -> ProDy: Cannot download structure
4V3P-LI -> ProDy: Cannot download structure
4V3P-LJ -> ProDy: Cannot download structure
4V3P-LP -> ProDy: Cannot download structure
4V3P-LQ -> ProDy: Cannot download structure
4V3P-LR -> ProDy: Cannot download structure
4V3P-LT -> ProDy: Cannot download structure
4V3P-LV -> ProDy: Cannot download structure
4V3P-LW -> ProDy: Cannot download structure
4V3P-LX -> ProDy: Cannot download structure
4V3P-LY -> ProDy: Cannot download structure
4V3P-La -> ProDy: Cannot download structure
4V3P-Lb -> ProDy: Cannot download structure
4V3P-Le -> ProDy: Cannot download structure
4V3P-Lf -> ProDy: Cannot download structure
4V3P-Lg -> ProDy: Cannot download structure
4V3P-Li -> ProDy: Cannot download structure
4V3P-Lj -> ProDy: Cannot download structure
4V3P-Lk -> ProDy: Cannot download structure
4V3P-Ll -> ProDy: Cannot download structure
4V3P-Ln -> ProDy: Cannot download structure
4V3P-Ls -> ProDy: Cannot download structure
4V3P-SC -> ProDy: Cannot download structure
4V3P-SD -> ProDy: Cannot download structure
4V3P-SE -> ProDy: Cannot download structure
4V3P-SH -> ProDy: Cannot download structure
4V3P-SI -> ProDy: Cannot download structure
4V3P-SJ -> ProDy: Cannot download structure
4V3P-SK -> ProDy: Cannot download structure
4V3P-SO -> ProDy: Cannot download structure
4V3P-SP -> ProDy: Cannot download structure
4V3P-SR -> ProDy: Cannot download structure
4V3P-SS -> ProDy: Cannot download structure
4V3P-ST -> ProDy: Cannot download structure
4V3P-SU -> ProDy: Cannot download structure
4V42-BK -> ProDy: Cannot download structure
4V4B-AB -> ProDy: Cannot download structure
4V4B-AE -> ProDy: Cannot download structure
4V4B-AG -> ProDy: Cannot download structure
4V4B-AO -> ProDy: Cannot download structure
4V4B-AQ -> ProDy: Cannot download structure
4V4B-AS -> ProDy: Cannot download structure
4V4B-BE -> ProDy: Cannot download structure
4V4B-BF -> ProDy: Cannot download structure
4V4B-BK -> ProDy: Cannot download structure
4V4B-BM -> ProDy: Cannot download structure
4V4B-BO -> ProDy: Cannot download structure
4V4B-BP -> ProDy: Cannot download structure
4V4B-BQ -> ProDy: Cannot download structure
4V4C-B -> ProDy: Cannot download structure
4V4I-H -> ProDy: Cannot download structure
4V4K-k -> ProDy: Cannot download structure
4V4N-A5 -> ProDy: Cannot download structure
4V4N-AC -> ProDy: Cannot download structure
4V4N-AD -> ProDy: Cannot download structure
4V4N-AH -> ProDy: Cannot download structure
4V4N-AJ -> ProDy: Cannot download structure
4V4N-AM -> ProDy: Cannot download structure
4V4N-AN -> ProDy: Cannot download structure
4V4N-AO -> ProDy: Cannot download structure
4V4N-AR -> ProDy: Cannot download structure
4V4N-AS -> ProDy: Cannot download structure
4V4N-AT -> ProDy: Cannot download structure
4V4N-AV -> ProDy: Cannot download structure
4V4N-AY -> ProDy: Cannot download structure
4V4N-AZ -> ProDy: Cannot download structure
4V4N-Aa -> ProDy: Cannot download structure
4V4N-Ab -> ProDy: Cannot download structure
4V4N-Ad -> ProDy: Cannot download structure
4V4N-Ai -> ProDy: Cannot download structure
4V4N-Aj -> ProDy: Cannot download structure
4V4N-Ak -> ProDy: Cannot download structure
4V4N-BC -> ProDy: Cannot download structure
4V4N-BL -> ProDy: Cannot download structure
4V4N-BR -> ProDy: Cannot download structure
4V4N-BT -> ProDy: Cannot download structure
4V4N-BW -> ProDy: Cannot download structure
4V4O-A -> ProDy: Cannot download structure
4V4P-AN -> ProDy: Cannot download structure
4V4P-AP -> ProDy: Cannot download structure
4V4S-BZ -> ProDy: Cannot download structure
4V4T-B6 -> ProDy: Cannot download structure
4V4T-BD -> ProDy: Cannot download structure
4V4T-BH -> ProDy: Cannot download structure
4V4V-AF -> ProDy: Cannot download structure
4V4V-AG -> ProDy: Cannot download structure
4V4V-AL -> ProDy: Cannot download structure
4V4W-AN -> ProDy: Cannot download structure
4V4W-BA -> ProDy: Cannot download structure
4V4Z-BZ -> ProDy: Cannot download structure
4V51-AC -> ProDy: Cannot download structure
4V52-AJ -> ProDy: Cannot download structure
4V5B-BO -> ProDy: Cannot download structure
4V5C-AQ -> ProDy: Cannot download structure
4V5D-BH -> ProDy: Cannot download structure
4V5G-AZ -> ProDy: Cannot download structure
4V5G-B4 -> ProDy: Cannot download structure
4V5K-AY -> ProDy: Cannot download structure
4V5L-B1 -> ProDy: Cannot download structure
4V5M-B2 -> ProDy: Cannot download structure
4V5O-A1 -> ProDy: Cannot download structure
4V5O-A3 -> ProDy: Cannot download structure
4V5O-A5 -> ProDy: Cannot download structure
4V5O-A9 -> ProDy: Cannot download structure
4V5O-AI -> ProDy: Cannot download structure
4V5O-AJ -> ProDy: Cannot download structure
4V5O-AK -> ProDy: Cannot download structure
4V5O-AL -> ProDy: Cannot download structure
4V5O-AM -> ProDy: Cannot download structure
4V5O-AS -> ProDy: Cannot download structure
4V5O-AT -> ProDy: Cannot download structure
4V61-AD -> ProDy: Cannot download structure
4V61-AF -> ProDy: Cannot download structure
4V61-AG -> ProDy: Cannot download structure
4V61-AJ -> ProDy: Cannot download structure
4V61-AM -> ProDy: Cannot download structure
4V61-AQ -> ProDy: Cannot download structure
4V61-AT -> ProDy: Cannot download structure
4V61-AU -> ProDy: Cannot download structure
4V61-B1 -> ProDy: Cannot download structure
4V61-B6 -> ProDy: Cannot download structure
4V61-BD -> ProDy: Cannot download structure
4V61-BF -> ProDy: Cannot download structure
4V61-BI -> ProDy: Cannot download structure
4V61-BJ -> ProDy: Cannot download structure
4V61-BN -> ProDy: Cannot download structure
4V61-BP -> ProDy: Cannot download structure
4V61-BQ -> ProDy: Cannot download structure
4V61-BW -> ProDy: Cannot download structure
4V61-BX -> ProDy: Cannot download structure
4V61-BY -> ProDy: Cannot download structure
4V61-BZ -> ProDy: Cannot download structure
4V62-AB -> ProDy: Cannot download structure
4V62-AH -> ProDy: Cannot download structure
4V62-AO -> ProDy: Cannot download structure
4V63-AX -> ProDy: Cannot download structure
4V66-BZ -> ProDy: Cannot download structure
4V67-B4 -> ProDy: Cannot download structure
4V68-BC -> ProDy: Cannot download structure
4V68-BS -> ProDy: Cannot download structure
4V69-AN -> ProDy: Cannot download structure
4V6A-AV -> ProDy: Cannot download structure
4V6B-AA -> ProDy: Cannot download structure
4V6C-AB -> ProDy: Cannot download structure
4V6C-BD -> ProDy: Cannot download structure
4V6D-AT -> ProDy: Cannot download structure
4V6D-BU -> ProDy: Cannot download structure
4V6G-BF -> ProDy: Cannot download structure
4V6H-A -> ProDy: Cannot download structure
4V6I-AC -> ProDy: Cannot download structure
4V6I-AY -> ProDy: Cannot download structure
4V6I-BA -> ProDy: Cannot download structure
4V6I-BC -> ProDy: Cannot download structure
4V6I-BS -> ProDy: Cannot download structure
4V6I-Bt -> ProDy: Cannot download structure
4V6I-Bv -> ProDy: Cannot download structure
4V6K-BO -> ProDy: Cannot download structure
4V6L-AV -> ProDy: Cannot download structure
4V6M-AZ -> ProDy: Cannot download structure
4V6M-BB -> ProDy: Cannot download structure
4V6P-BC -> ProDy: Cannot download structure
4V6T-AW -> ProDy: Cannot download structure
4V6U-AA -> ProDy: Cannot download structure
4V6U-AD -> ProDy: Cannot download structure
4V6U-AE -> ProDy: Cannot download structure
4V6U-AI -> ProDy: Cannot download structure
4V6U-AJ -> ProDy: Cannot download structure
4V6U-AK -> ProDy: Cannot download structure
4V6U-AN -> ProDy: Cannot download structure
4V6U-AS -> ProDy: Cannot download structure
4V6U-AV -> ProDy: Cannot download structure
4V6U-AX -> ProDy: Cannot download structure
4V6U-BA -> ProDy: Cannot download structure
4V6U-BB -> ProDy: Cannot download structure
4V6U-BE -> ProDy: Cannot download structure
4V6U-BF -> ProDy: Cannot download structure
4V6U-BH -> ProDy: Cannot download structure
4V6U-BI -> ProDy: Cannot download structure
4V6U-BL -> ProDy: Cannot download structure
4V6U-BP -> ProDy: Cannot download structure
4V6U-BQ -> ProDy: Cannot download structure
4V6U-BU -> ProDy: Cannot download structure
4V6U-BW -> ProDy: Cannot download structure
4V6U-Be -> ProDy: Cannot download structure
4V6U-Bk -> ProDy: Cannot download structure
4V6U-Bl -> ProDy: Cannot download structure
4V6V-A1 -> ProDy: Cannot download structure
4V6W-AA -> ProDy: Cannot download structure
4V6W-AB -> ProDy: Cannot download structure
4V6W-AC -> ProDy: Cannot download structure
4V6W-AD -> ProDy: Cannot download structure
4V6W-AE -> ProDy: Cannot download structure
4V6W-AF -> ProDy: Cannot download structure
4V6W-AG -> ProDy: Cannot download structure
4V6W-AH -> ProDy: Cannot download structure
4V6W-AI -> ProDy: Cannot download structure
4V6W-AJ -> ProDy: Cannot download structure
4V6W-AK -> ProDy: Cannot download structure
4V6W-AL -> ProDy: Cannot download structure
4V6W-AM -> ProDy: Cannot download structure
4V6W-AN -> ProDy: Cannot download structure
4V6W-AO -> ProDy: Cannot download structure
4V6W-AP -> ProDy: Cannot download structure
4V6W-AQ -> ProDy: Cannot download structure
4V6W-AR -> ProDy: Cannot download structure
4V6W-AS -> ProDy: Cannot download structure
4V6W-AT -> ProDy: Cannot download structure
4V6W-AU -> ProDy: Cannot download structure
4V6W-AV -> ProDy: Cannot download structure
4V6W-AW -> ProDy: Cannot download structure
4V6W-AX -> ProDy: Cannot download structure
4V6W-AY -> ProDy: Cannot download structure
4V6W-AZ -> ProDy: Cannot download structure
4V6W-Aa -> ProDy: Cannot download structure
4V6W-Ab -> ProDy: Cannot download structure
4V6W-Ac -> ProDy: Cannot download structure
4V6W-Ae -> ProDy: Cannot download structure
4V6W-Af -> ProDy: Cannot download structure
4V6W-Ag -> ProDy: Cannot download structure
4V6W-Ah -> ProDy: Cannot download structure
4V6W-Az -> ProDy: Cannot download structure
4V6W-CA -> ProDy: Cannot download structure
4V6W-CB -> ProDy: Cannot download structure
4V6W-CC -> ProDy: Cannot download structure
4V6W-CD -> ProDy: Cannot download structure
4V6W-CE -> ProDy: Cannot download structure
4V6W-CF -> ProDy: Cannot download structure
4V6W-CG -> ProDy: Cannot download structure
4V6W-CH -> ProDy: Cannot download structure
4V6W-CI -> ProDy: Cannot download structure
4V6W-CJ -> ProDy: Cannot download structure
4V6W-CK -> ProDy: Cannot download structure
4V6W-CL -> ProDy: Cannot download structure
4V6W-CM -> ProDy: Cannot download structure
4V6W-CN -> ProDy: Cannot download structure
4V6W-CO -> ProDy: Cannot download structure
4V6W-CP -> ProDy: Cannot download structure
4V6W-CQ -> ProDy: Cannot download structure
4V6W-CR -> ProDy: Cannot download structure
4V6W-CS -> ProDy: Cannot download structure
4V6W-CT -> ProDy: Cannot download structure
4V6W-CU -> ProDy: Cannot download structure
4V6W-CV -> ProDy: Cannot download structure
4V6W-CW -> ProDy: Cannot download structure
4V6W-CX -> ProDy: Cannot download structure
4V6W-CY -> ProDy: Cannot download structure
4V6W-CZ -> ProDy: Cannot download structure
4V6W-Ca -> ProDy: Cannot download structure
4V6W-Cb -> ProDy: Cannot download structure
4V6W-Cc -> ProDy: Cannot download structure
4V6W-Cd -> ProDy: Cannot download structure
4V6W-Ce -> ProDy: Cannot download structure
4V6W-Cf -> ProDy: Cannot download structure
4V6W-Cg -> ProDy: Cannot download structure
4V6W-Ch -> ProDy: Cannot download structure
4V6W-Ci -> ProDy: Cannot download structure
4V6W-Cj -> ProDy: Cannot download structure
4V6W-Ck -> ProDy: Cannot download structure
4V6W-Co -> ProDy: Cannot download structure
4V6W-Cp -> ProDy: Cannot download structure
4V6W-Cr -> ProDy: Cannot download structure
4V6W-Cz -> ProDy: Cannot download structure
4V6X-Ah -> ProDy: Cannot download structure
4V6X-CE -> ProDy: Cannot download structure
4V6X-CU -> ProDy: Cannot download structure
4V6X-Cs -> ProDy: Cannot download structure
4V6X-Cu -> ProDy: Cannot download structure
4V73-BF -> ProDy: Cannot download structure
4V73-BP -> ProDy: Cannot download structure
4V75-AD -> ProDy: Cannot download structure
4V78-AC -> ProDy: Cannot download structure
4V7B-BN -> ProDy: Cannot download structure
4V7D-BZ -> ProDy: Cannot download structure
4V7E-BA -> ProDy: Cannot download structure
4V7E-BB -> ProDy: Cannot download structure
4V7E-BD -> ProDy: Cannot download structure
4V7E-BE -> ProDy: Cannot download structure
4V7E-BF -> ProDy: Cannot download structure
4V7E-BG -> ProDy: Cannot download structure
4V7E-BH -> ProDy: Cannot download structure
4V7E-BI -> ProDy: Cannot download structure
4V7E-BL -> ProDy: Cannot download structure
4V7E-BM -> ProDy: Cannot download structure
4V7E-BN -> ProDy: Cannot download structure
4V7E-BO -> ProDy: Cannot download structure
4V7E-BP -> ProDy: Cannot download structure
4V7E-BQ -> ProDy: Cannot download structure
4V7E-BR -> ProDy: Cannot download structure
4V7E-BS -> ProDy: Cannot download structure
4V7E-BX -> ProDy: Cannot download structure
4V7E-BY -> ProDy: Cannot download structure
4V7E-Ba -> ProDy: Cannot download structure
4V7E-Bb -> ProDy: Cannot download structure
4V7E-Bc -> ProDy: Cannot download structure
4V7E-Be -> ProDy: Cannot download structure
4V7E-Bf -> ProDy: Cannot download structure
4V7E-Bg -> ProDy: Cannot download structure
4V7E-CC -> ProDy: Cannot download structure
4V7E-CE -> ProDy: Cannot download structure
4V7E-CG -> ProDy: Cannot download structure
4V7E-CI -> ProDy: Cannot download structure
4V7E-CK -> ProDy: Cannot download structure
4V7E-CL -> ProDy: Cannot download structure
4V7E-CM -> ProDy: Cannot download structure
4V7E-CO -> ProDy: Cannot download structure
4V7E-CQ -> ProDy: Cannot download structure
4V7E-CT -> ProDy: Cannot download structure
4V7E-CU -> ProDy: Cannot download structure
4V7E-CV -> ProDy: Cannot download structure
4V7E-CX -> ProDy: Cannot download structure
4V7E-CY -> ProDy: Cannot download structure
4V7E-CZ -> ProDy: Cannot download structure
4V7E-Ca -> ProDy: Cannot download structure
4V7E-Cb -> ProDy: Cannot download structure
4V7E-Ce -> ProDy: Cannot download structure
4V7E-Ci -> ProDy: Cannot download structure
4V7E-Co -> ProDy: Cannot download structure
4V7E-Cp -> ProDy: Cannot download structure
4V7E-Cq -> ProDy: Cannot download structure
4V7E-Cr -> ProDy: Cannot download structure
4V7E-Cs -> ProDy: Cannot download structure
4V7E-Cu -> ProDy: Cannot download structure
4V7G-AA -> ProDy: Cannot download structure
4V7I-AA -> ProDy: Cannot download structure
4V7I-AB -> ProDy: Cannot download structure
4V7O-A5 -> ProDy: Cannot download structure
4V7O-A6 -> ProDy: Cannot download structure
4V7Q-BX -> ProDy: Cannot download structure
4V7R-BE -> ProDy: Cannot download structure
4V7R-BJ -> ProDy: Cannot download structure
4V7R-DL -> ProDy: Cannot download structure
4V7U-BJ -> ProDy: Cannot download structure
4V7W-BS -> ProDy: Cannot download structure
4V82-AU -> ProDy: Cannot download structure
4V83-BQ -> ProDy: Cannot download structure
4V84-BI -> ProDy: Cannot download structure
4V84-BY -> ProDy: Cannot download structure
4V85-BJ -> ProDy: Cannot download structure
4V85-BW -> ProDy: Cannot download structure
4V88-AS -> ProDy: Cannot download structure
4V88-Ah -> ProDy: Cannot download structure
4V89-AW -> ProDy: Cannot download structure
4V8D-BP -> ProDy: Cannot download structure
4V8I-AH -> ProDy: Cannot download structure
4V8I-AY -> ProDy: Cannot download structure
4V8M-A0 -> ProDy: Cannot download structure
4V8M-A1 -> ProDy: Cannot download structure
4V8M-A2 -> ProDy: Cannot download structure
4V8M-A3 -> ProDy: Cannot download structure
4V8M-A4 -> ProDy: Cannot download structure
4V8M-A5 -> ProDy: Cannot download structure
4V8M-A7 -> ProDy: Cannot download structure
4V8M-A9 -> ProDy: Cannot download structure
4V8M-AC -> ProDy: Cannot download structure
4V8M-AD -> ProDy: Cannot download structure
4V8M-AE -> ProDy: Cannot download structure
4V8M-AF -> ProDy: Cannot download structure
4V8M-AG -> ProDy: Cannot download structure
4V8M-AH -> ProDy: Cannot download structure
4V8M-AI -> ProDy: Cannot download structure
4V8M-AJ -> ProDy: Cannot download structure
4V8M-AK -> ProDy: Cannot download structure
4V8M-AL -> ProDy: Cannot download structure
4V8M-AM -> ProDy: Cannot download structure
4V8M-AO -> ProDy: Cannot download structure
4V8M-AP -> ProDy: Cannot download structure
4V8M-AR -> ProDy: Cannot download structure
4V8M-AS -> ProDy: Cannot download structure
4V8M-AU -> ProDy: Cannot download structure
4V8M-AV -> ProDy: Cannot download structure
4V8M-AW -> ProDy: Cannot download structure
4V8M-AX -> ProDy: Cannot download structure
4V8M-AZ -> ProDy: Cannot download structure
4V8M-BI -> ProDy: Cannot download structure
4V8M-BJ -> ProDy: Cannot download structure
4V8M-BK -> ProDy: Cannot download structure
4V8M-BL -> ProDy: Cannot download structure
4V8M-BM -> ProDy: Cannot download structure
4V8M-BN -> ProDy: Cannot download structure
4V8M-BO -> ProDy: Cannot download structure
4V8M-BP -> ProDy: Cannot download structure
4V8M-BQ -> ProDy: Cannot download structure
4V8M-BR -> ProDy: Cannot download structure
4V8M-BS -> ProDy: Cannot download structure
4V8M-BT -> ProDy: Cannot download structure
4V8M-BU -> ProDy: Cannot download structure
4V8M-BV -> ProDy: Cannot download structure
4V8M-BX -> ProDy: Cannot download structure
4V8M-BY -> ProDy: Cannot download structure
4V8M-BZ -> ProDy: Cannot download structure
4V8M-Ba -> ProDy: Cannot download structure
4V8M-Bb -> ProDy: Cannot download structure
4V8M-Bc -> ProDy: Cannot download structure
4V8M-Bd -> ProDy: Cannot download structure
4V8M-Bg -> ProDy: Cannot download structure
4V8M-Bh -> ProDy: Cannot download structure
4V8M-Bi -> ProDy: Cannot download structure
4V8M-Bj -> ProDy: Cannot download structure
4V8M-Bk -> ProDy: Cannot download structure
4V8M-Bl -> ProDy: Cannot download structure
4V8M-Bm -> ProDy: Cannot download structure
4V8M-Bp -> ProDy: Cannot download structure
4V8M-Br -> ProDy: Cannot download structure
4V8M-Bs -> ProDy: Cannot download structure
4V8M-Bt -> ProDy: Cannot download structure
4V8M-Bu -> ProDy: Cannot download structure
4V8M-Bv -> ProDy: Cannot download structure
4V8M-Bw -> ProDy: Cannot download structure
4V8M-Bx -> ProDy: Cannot download structure
4V8M-By -> ProDy: Cannot download structure
4V8O-AE -> ProDy: Cannot download structure
4V8O-B8 -> ProDy: Cannot download structure
4V8P-AA -> ProDy: Cannot download structure
4V8P-AC -> ProDy: Cannot download structure
4V8P-AE -> ProDy: Cannot download structure
4V8P-AG -> ProDy: Cannot download structure
4V8P-AH -> ProDy: Cannot download structure
4V8P-AJ -> ProDy: Cannot download structure
4V8P-AL -> ProDy: Cannot download structure
4V8P-AM -> ProDy: Cannot download structure
4V8P-AN -> ProDy: Cannot download structure
4V8P-AO -> ProDy: Cannot download structure
4V8P-AP -> ProDy: Cannot download structure
4V8P-AQ -> ProDy: Cannot download structure
4V8P-AT -> ProDy: Cannot download structure
4V8P-AU -> ProDy: Cannot download structure
4V8P-AX -> ProDy: Cannot download structure
4V8P-BA -> ProDy: Cannot download structure
4V8P-BB -> ProDy: Cannot download structure
4V8P-BC -> ProDy: Cannot download structure
4V8P-BD -> ProDy: Cannot download structure
4V8P-BE -> ProDy: Cannot download structure
4V8P-BF -> ProDy: Cannot download structure
4V8P-BH -> ProDy: Cannot download structure
4V8P-BI -> ProDy: Cannot download structure
4V8P-BJ -> ProDy: Cannot download structure
4V8P-BK -> ProDy: Cannot download structure
4V8P-BL -> ProDy: Cannot download structure
4V8P-BM -> ProDy: Cannot download structure
4V8P-BN -> ProDy: Cannot download structure
4V8P-BO -> ProDy: Cannot download structure
4V8P-BP -> ProDy: Cannot download structure
4V8P-BQ -> ProDy: Cannot download structure
4V8P-BR -> ProDy: Cannot download structure
4V8P-BS -> ProDy: Cannot download structure
4V8P-BT -> ProDy: Cannot download structure
4V8P-BU -> ProDy: Cannot download structure
4V8P-BV -> ProDy: Cannot download structure
4V8P-BW -> ProDy: Cannot download structure
4V8P-BX -> ProDy: Cannot download structure
4V8P-BY -> ProDy: Cannot download structure
4V8P-CO -> ProDy: Cannot download structure
4V8R-AB -> ProDy: Cannot download structure
4V8R-AE -> ProDy: Cannot download structure
4V8R-AG -> ProDy: Cannot download structure
4V8T-O -> ProDy: Cannot download structure
4V8T-g -> ProDy: Cannot download structure
4V8T-q -> ProDy: Cannot download structure
4V8Y-A5 -> ProDy: Cannot download structure
4V8Y-AN -> ProDy: Cannot download structure
4V8Y-CP -> ProDy: Cannot download structure
4V8Z-AY -> ProDy: Cannot download structure
4V8Z-CV -> ProDy: Cannot download structure
4V93-A4 -> ProDy: Cannot download structure
4V93-B0 -> ProDy: Cannot download structure
4V93-B1 -> ProDy: Cannot download structure
4V94-A -> ProDy: Cannot download structure
4V95-AY -> ProDy: Cannot download structure
4V96-AA -> ProDy: Cannot download structure
4V96-AS -> ProDy: Cannot download structure
4V96-BA -> ProDy: Cannot download structure
4V97-BX -> ProDy: Cannot download structure
4V98-AM -> ProDy: Cannot download structure
4V98-AN -> ProDy: Cannot download structure
4V98-AO -> ProDy: Cannot download structure
4V99-AA -> ProDy: Cannot download structure
4V9E-AA -> ProDy: Cannot download structure
4V9F-G -> ProDy: Cannot download structure
4V9F-H -> ProDy: Cannot download structure
4V9I-DC -> ProDy: Cannot download structure
4V9M-Be -> ProDy: Cannot download structure
4W29-Be -> ProDy: Cannot download structure
4W4G-QR -> ProDy: Cannot download structure
4WIZ-BA -> ProDy: Cannot download structure
4WQY-BZ -> ProDy: Cannot download structure
4WRA-68 -> ProDy: Cannot download structure
4WSN-B -> ProDy: Cannot download structure
4WZ7-3 -> ProDy: Cannot download structure
4WZ7-4 -> ProDy: Cannot download structure
4WZ7-6 -> ProDy: Cannot download structure
4WZ7-B -> ProDy: Cannot download structure
4WZ7-G -> ProDy: Cannot download structure
4WZ7-I -> ProDy: Cannot download structure
4WZ7-K -> ProDy: Cannot download structure
4WZ7-L -> ProDy: Cannot download structure
4WZJ-C -> ProDy: Cannot download structure
4YBB-AF -> ProDy: Cannot download structure
4YUU-A1 -> ProDy: Cannot download structure
4YUU-B1 -> ProDy: Cannot download structure
4YUU-C1 -> ProDy: Cannot download structure
4YUU-D1 -> ProDy: Cannot download structure
4YUU-E1 -> ProDy: Cannot download structure
4YUU-H1 -> ProDy: Cannot download structure
4YUU-M1 -> ProDy: Cannot download structure
4YUU-O1 -> ProDy: Cannot download structure
4YUU-U1 -> ProDy: Cannot download structure
4YUU-V1 -> ProDy: Cannot download structure
4YUU-Z2 -> ProDy: Cannot download structure
4YUU-q1 -> ProDy: Cannot download structure
4YZV-QY -> ProDy: Cannot download structure
5A9Z-AI -> ProDy: Cannot download structure
5A9Z-CA -> ProDy: Cannot download structure
5AA0-AQ -> ProDy: Cannot download structure
5AA0-AS -> ProDy: Cannot download structure
5AFI-h -> ProDy: Cannot download structure
5AJ0-AK -> ProDy: Cannot download structure
5AJ0-Ba -> ProDy: Cannot download structure
5AJ4-AB -> ProDy: Cannot download structure
5AJ4-AC -> ProDy: Cannot download structure
5AJ4-AE -> ProDy: Cannot download structure
5AJ4-AF -> ProDy: Cannot download structure
5AJ4-AG -> ProDy: Cannot download structure
5AJ4-AI -> ProDy: Cannot download structure
5AJ4-AK -> ProDy: Cannot download structure
5AJ4-AL -> ProDy: Cannot download structure
5AJ4-AP -> ProDy: Cannot download structure
5AJ4-AQ -> ProDy: Cannot download structure
5AJ4-AR -> ProDy: Cannot download structure
5AJ4-Ab -> ProDy: Cannot download structure
5AJ4-Ad -> ProDy: Cannot download structure
5AJ4-Ah -> ProDy: Cannot download structure
5AJ4-Aj -> ProDy: Cannot download structure
5AJ4-Ak -> ProDy: Cannot download structure
5AJ4-Ao -> ProDy: Cannot download structure
5AJ4-Ap -> ProDy: Cannot download structure
5AJ4-B0 -> ProDy: Cannot download structure
5AJ4-B6 -> ProDy: Cannot download structure
5AJ4-BI -> ProDy: Cannot download structure
5AJ4-BN -> ProDy: Cannot download structure
5AJ4-BT -> ProDy: Cannot download structure
5AJ4-Ba -> ProDy: Cannot download structure
5AJ4-Bj -> ProDy: Cannot download structure
5AJ4-Bo -> ProDy: Cannot download structure
5APN-x -> ProDy: Cannot download structure
5APN-y -> ProDy: Cannot download structure
5APO-E -> ProDy: Cannot download structure
5APO-X -> ProDy: Cannot download structure
5B5M-C -> ProDy: Cannot download structure
5B5M-H -> ProDy: Cannot download structure
5B5N-L -> ProDy: Cannot download structure
5D8B-J -> ProDy: Cannot download structure
5D8B-N -> ProDy: Cannot download structure
5DAT-M5 -> ProDy: Cannot download structure
5DAT-d2 -> ProDy: Cannot download structure
5DGE-C0 -> ProDy: Cannot download structure
5DGF-C2 -> ProDy: Cannot download structure
5DGF-f -> ProDy: Cannot download structure
5EL5-6I -> ProDy: Cannot download structure
5EPI-B -> ProDy: Cannot download structure
5EUJ-A -> ProDy: Cannot download structure
5FCI-D6 -> ProDy: Cannot download structure
5FL8-q -> ProDy: Cannot download structure
5FL8-r -> ProDy: Cannot download structure
5GJR-F -> ProDy: Cannot download structure
5GM6-H -> ProDy: Cannot download structure
5GM6-U -> ProDy: Cannot download structure
5GM6-W -> ProDy: Cannot download structure
5GM6-Y -> ProDy: Cannot download structure
5GM6-a -> ProDy: Cannot download structure
5GM6-b -> ProDy: Cannot download structure
5GM6-g -> ProDy: Cannot download structure
5GM6-v -> ProDy: Cannot download structure
5GPN-Ac -> ProDy: Cannot download structure
5GPN-Aj -> ProDy: Cannot download structure
5GPN-Ak -> ProDy: Cannot download structure
5GPN-Al -> ProDy: Cannot download structure
5GPN-Am -> ProDy: Cannot download structure
5GPN-W -> ProDy: Cannot download structure
5GPN-Y -> ProDy: Cannot download structure
5GPN-a -> ProDy: Cannot download structure
5GPN-g -> ProDy: Cannot download structure
5GPN-m -> ProDy: Cannot download structure
5GPN-o -> ProDy: Cannot download structure
5GPN-q -> ProDy: Cannot download structure
5GPN-r -> ProDy: Cannot download structure
5GPN-t -> ProDy: Cannot download structure
5GPN-u -> ProDy: Cannot download structure
5GUP-Ae -> ProDy: Cannot download structure
5GUP-B -> ProDy: Cannot download structure
5GUP-F -> ProDy: Cannot download structure
5GUP-H -> ProDy: Cannot download structure
5GUP-J -> ProDy: Cannot download structure
5GUP-L -> ProDy: Cannot download structure
5GUP-M -> ProDy: Cannot download structure
5GUP-N -> ProDy: Cannot download structure
5GUP-P -> ProDy: Cannot download structure
5GUP-V -> ProDy: Cannot download structure
5GUP-Y -> ProDy: Cannot download structure
5GUP-b -> ProDy: Cannot download structure
5GUP-c -> ProDy: Cannot download structure
5GUP-i -> ProDy: Cannot download structure
5GUP-k -> ProDy: Cannot download structure
5GUP-l -> ProDy: Cannot download structure
5GUP-m -> ProDy: Cannot download structure
5GUP-o -> ProDy: Cannot download structure
5GUP-q -> ProDy: Cannot download structure
5GUP-r -> ProDy: Cannot download structure
5GUP-s -> ProDy: Cannot download structure
5GUP-t -> ProDy: Cannot download structure
5GUP-v -> ProDy: Cannot download structure
5GUP-w -> ProDy: Cannot download structure
5H4P-T -> ProDy: Cannot download structure
5H4P-w -> ProDy: Cannot download structure
5HAU-1P -> ProDy: Cannot download structure
5HD1-1D -> ProDy: Cannot download structure
5I4L-p0 -> ProDy: Cannot download structure
5IMR-C -> ProDy: Cannot download structure
5IMR-q -> ProDy: Cannot download structure
5IPK-A -> ProDy: Cannot download structure
5IQR-B -> ProDy: Cannot download structure
5IT7-AA -> ProDy: Cannot download structure
5IT7-B -> ProDy: Cannot download structure
5IT7-BB -> ProDy: Cannot download structure
5IT7-CC -> ProDy: Cannot download structure
5IT7-DD -> ProDy: Cannot download structure
5IT7-EE -> ProDy: Cannot download structure
5IT7-FF -> ProDy: Cannot download structure
5IT7-GG -> ProDy: Cannot download structure
5IT7-HH -> ProDy: Cannot download structure
5IT7-II -> ProDy: Cannot download structure
5IT7-JJ -> ProDy: Cannot download structure
5IT7-LL -> ProDy: Cannot download structure
5IT7-MM -> ProDy: Cannot download structure
5IT7-OO -> ProDy: Cannot download structure
5IT7-P -> ProDy: Cannot download structure
5IT7-PP -> ProDy: Cannot download structure
5IT7-QQ -> ProDy: Cannot download structure
5IT7-RR -> ProDy: Cannot download structure
5IT7-SS -> ProDy: Cannot download structure
5IT7-TT -> ProDy: Cannot download structure
5IT7-UU -> ProDy: Cannot download structure
5IT7-VV -> ProDy: Cannot download structure
5IT7-XX -> ProDy: Cannot download structure
5IT7-YY -> ProDy: Cannot download structure
5IT7-ZZ -> ProDy: Cannot download structure
5IT7-a -> ProDy: Cannot download structure
5IT7-aa -> ProDy: Cannot download structure
5IT7-cc -> ProDy: Cannot download structure
5IT7-dd -> ProDy: Cannot download structure
5IT7-ee -> ProDy: Cannot download structure
5IT7-ff -> ProDy: Cannot download structure
5IT7-gg -> ProDy: Cannot download structure
5IT7-hh -> ProDy: Cannot download structure
5IT7-ii -> ProDy: Cannot download structure
5IT7-jj -> ProDy: Cannot download structure
5IT7-kk -> ProDy: Cannot download structure
5IT7-oo -> ProDy: Cannot download structure
5IT7-pp -> ProDy: Cannot download structure
5IT7-qq -> ProDy: Cannot download structure
5IT7-rr -> ProDy: Cannot download structure
5IV5-O -> ProDy: Cannot download structure
5IV5-T -> ProDy: Cannot download structure
5IV5-U -> ProDy: Cannot download structure
5IV5-V -> ProDy: Cannot download structure
5IV5-W -> ProDy: Cannot download structure
5IV5-YD -> ProDy: Cannot download structure
5IV7-F -> ProDy: Cannot download structure
5J4D-BB -> ProDy: Cannot download structure
5J4D-K -> ProDy: Cannot download structure
5J7L-AP -> ProDy: Cannot download structure
5J88-CP -> ProDy: Cannot download structure
5J8B-J -> ProDy: Cannot download structure
5J8B-z -> ProDy: Cannot download structure
5J8K-AC -> ProDy: Cannot download structure
5J8K-AH -> ProDy: Cannot download structure
5J91-CE -> ProDy: Cannot download structure
5J91-DI -> ProDy: Cannot download structure
5JCS-Q -> ProDy: Cannot download structure
5JCS-f -> ProDy: Cannot download structure
5JTE-AU -> ProDy: Cannot download structure
5JU8-AF -> ProDy: Cannot download structure
5JUO-EB -> ProDy: Cannot download structure
5JUP-O -> ProDy: Cannot download structure
5JUP-OA -> ProDy: Cannot download structure
5JUS-JB -> ProDy: Cannot download structure
5JUT-IA -> ProDy: Cannot download structure
5JUT-YA -> ProDy: Cannot download structure
5JUU-NB -> ProDy: Cannot download structure
5JUU-R -> ProDy: Cannot download structure
5JUU-RB -> ProDy: Cannot download structure
5JUU-UA -> ProDy: Cannot download structure
5KCS-1V -> ProDy: Cannot download structure
5KCS-1w -> ProDy: Cannot download structure
5KPS-A -> ProDy: Cannot download structure
5KPW-E -> ProDy: Cannot download structure
5L1D-B -> ProDy: Cannot download structure
5L3P-c -> ProDy: Cannot download structure
5L3P-z -> ProDy: Cannot download structure
5L4G-8 -> ProDy: Cannot download structure
5L4G-U -> ProDy: Cannot download structure
5LI0-k -> ProDy: Cannot download structure
5LI0-r -> ProDy: Cannot download structure
5LI0-s -> ProDy: Cannot download structure
5LKS-Lb -> ProDy: Cannot download structure
5LQP-AB -> ProDy: Cannot download structure
5LYB-c2 -> ProDy: Cannot download structure
5LYB-p0 -> ProDy: Cannot download structure
5LZD-z -> ProDy: Cannot download structure
5LZS-B -> ProDy: Cannot download structure
5LZS-C -> ProDy: Cannot download structure
5LZS-EE -> ProDy: Cannot download structure
5LZS-jj -> ProDy: Cannot download structure
5LZT-G -> ProDy: Cannot download structure
5LZT-jj -> ProDy: Cannot download structure
5LZU-I -> ProDy: Cannot download structure
5LZU-ii -> ProDy: Cannot download structure
5LZV-cc -> ProDy: Cannot download structure
5LZV-i -> ProDy: Cannot download structure
5LZV-p -> ProDy: Cannot download structure
5LZW-M -> ProDy: Cannot download structure
5LZW-OO -> ProDy: Cannot download structure
5LZX-V -> ProDy: Cannot download structure
5LZX-t -> ProDy: Cannot download structure
5LZY-CC -> ProDy: Cannot download structure
5LZY-ii -> ProDy: Cannot download structure
5LZY-j -> ProDy: Cannot download structure
5LZY-jj -> ProDy: Cannot download structure
5LZZ-P -> ProDy: Cannot download structure
5M1J-A2 -> ProDy: Cannot download structure
5MC6-T -> ProDy: Cannot download structure
5MC6-e -> ProDy: Cannot download structure
5MC6-j -> ProDy: Cannot download structure
5MDV-6 -> ProDy: Cannot download structure
5MDW-H -> ProDy: Cannot download structure
5MDW-L -> ProDy: Cannot download structure
5MDW-r -> ProDy: Cannot download structure
5MDY-7 -> ProDy: Cannot download structure
5MDZ-q -> ProDy: Cannot download structure
5MKL-A1 -> ProDy: Cannot download structure
5MMM-7 -> ProDy: Cannot download structure
5MMM-G -> ProDy: Cannot download structure
5MMM-I -> ProDy: Cannot download structure
5MMM-J -> ProDy: Cannot download structure
5MMM-K -> ProDy: Cannot download structure
5MMM-Y -> ProDy: Cannot download structure
5MMM-c -> ProDy: Cannot download structure
5MMM-e -> ProDy: Cannot download structure
5MMM-i -> ProDy: Cannot download structure
5MMM-j -> ProDy: Cannot download structure
5MMM-l -> ProDy: Cannot download structure
5MMM-q -> ProDy: Cannot download structure
5MMM-t -> ProDy: Cannot download structure
5MMM-u -> ProDy: Cannot download structure
5MMM-v -> ProDy: Cannot download structure
5MMM-w -> ProDy: Cannot download structure
5MPB-R -> ProDy: Cannot download structure
5MPC-8 -> ProDy: Cannot download structure
5MPC-h -> ProDy: Cannot download structure
5MQ3-AA -> ProDy: Cannot download structure
5MRC-1 -> ProDy: Cannot download structure
5MRC-4 -> ProDy: Cannot download structure
5MRC-66 -> ProDy: Cannot download structure
5MRC-7 -> ProDy: Cannot download structure
5MRC-9 -> ProDy: Cannot download structure
5MRC-BB -> ProDy: Cannot download structure
5MRC-F -> ProDy: Cannot download structure
5MRC-MM -> ProDy: Cannot download structure
5MRC-NN -> ProDy: Cannot download structure
5MRC-O -> ProDy: Cannot download structure
5MRC-PP -> ProDy: Cannot download structure
5MRC-T -> ProDy: Cannot download structure
5MRC-U -> ProDy: Cannot download structure
5MRC-UU -> ProDy: Cannot download structure
5MRC-YY -> ProDy: Cannot download structure
5MRC-a -> ProDy: Cannot download structure
5MRC-c -> ProDy: Cannot download structure
5MRE-5 -> ProDy: Cannot download structure
5MRE-55 -> ProDy: Cannot download structure
5MRE-8 -> ProDy: Cannot download structure
5MRE-88 -> ProDy: Cannot download structure
5MRE-AA -> ProDy: Cannot download structure
5MRE-B -> ProDy: Cannot download structure
5MRE-FF -> ProDy: Cannot download structure
5MRE-H -> ProDy: Cannot download structure
5MRE-HH -> ProDy: Cannot download structure
5MRE-II -> ProDy: Cannot download structure
5MRE-LL -> ProDy: Cannot download structure
5MRE-OO -> ProDy: Cannot download structure
5MRE-R -> ProDy: Cannot download structure
5MRE-RR -> ProDy: Cannot download structure
5MRE-SS -> ProDy: Cannot download structure
5MRE-TT -> ProDy: Cannot download structure
5MRE-WW -> ProDy: Cannot download structure
5MRE-X -> ProDy: Cannot download structure
5MRE-Z -> ProDy: Cannot download structure
5MRE-ZZ -> ProDy: Cannot download structure
5MRE-d -> ProDy: Cannot download structure
5MRF-33 -> ProDy: Cannot download structure
5MRF-44 -> ProDy: Cannot download structure
5MRF-6 -> ProDy: Cannot download structure
5MRF-C -> ProDy: Cannot download structure
5MRF-CC -> ProDy: Cannot download structure
5MRF-D -> ProDy: Cannot download structure
5MRF-DD -> ProDy: Cannot download structure
5MRF-E -> ProDy: Cannot download structure
5MRF-EE -> ProDy: Cannot download structure
5MRF-GG -> ProDy: Cannot download structure
5MRF-J -> ProDy: Cannot download structure
5MRF-JJ -> ProDy: Cannot download structure
5MRF-K -> ProDy: Cannot download structure
5MRF-KK -> ProDy: Cannot download structure
5MRF-L -> ProDy: Cannot download structure
5MRF-M -> ProDy: Cannot download structure
5MRF-N -> ProDy: Cannot download structure
5MRF-P -> ProDy: Cannot download structure
5MRF-Q -> ProDy: Cannot download structure
5MRF-QQ -> ProDy: Cannot download structure
5MRF-W -> ProDy: Cannot download structure
5MRF-b -> ProDy: Cannot download structure
5MYJ-A -> ProDy: Cannot download structure
5MYJ-AB -> ProDy: Cannot download structure
5MYJ-AC -> ProDy: Cannot download structure
5MYJ-AD -> ProDy: Cannot download structure
5MYJ-AE -> ProDy: Cannot download structure
5MYJ-AF -> ProDy: Cannot download structure
5MYJ-AG -> ProDy: Cannot download structure
5MYJ-AH -> ProDy: Cannot download structure
5MYJ-AI -> ProDy: Cannot download structure
5MYJ-AJ -> ProDy: Cannot download structure
5MYJ-AK -> ProDy: Cannot download structure
5MYJ-AL -> ProDy: Cannot download structure
5MYJ-AM -> ProDy: Cannot download structure
5MYJ-AN -> ProDy: Cannot download structure
5MYJ-AO -> ProDy: Cannot download structure
5MYJ-AP -> ProDy: Cannot download structure
5MYJ-AQ -> ProDy: Cannot download structure
5MYJ-AR -> ProDy: Cannot download structure
5MYJ-AS -> ProDy: Cannot download structure
5MYJ-AT -> ProDy: Cannot download structure
5MYJ-B0 -> ProDy: Cannot download structure
5MYJ-B1 -> ProDy: Cannot download structure
5MYJ-B3 -> ProDy: Cannot download structure
5MYJ-B7 -> ProDy: Cannot download structure
5MYJ-BD -> ProDy: Cannot download structure
5MYJ-BE -> ProDy: Cannot download structure
5MYJ-BF -> ProDy: Cannot download structure
5MYJ-BG -> ProDy: Cannot download structure
5MYJ-BH -> ProDy: Cannot download structure
5MYJ-BM -> ProDy: Cannot download structure
5MYJ-BN -> ProDy: Cannot download structure
5MYJ-BO -> ProDy: Cannot download structure
5MYJ-BP -> ProDy: Cannot download structure
5MYJ-BQ -> ProDy: Cannot download structure
5MYJ-BR -> ProDy: Cannot download structure
5MYJ-BS -> ProDy: Cannot download structure
5MYJ-BT -> ProDy: Cannot download structure
5MYJ-BU -> ProDy: Cannot download structure
5MYJ-BV -> ProDy: Cannot download structure
5MYJ-BW -> ProDy: Cannot download structure
5MYJ-BX -> ProDy: Cannot download structure
5MYJ-BZ -> ProDy: Cannot download structure
5ND8-3 -> ProDy: Cannot download structure
5ND8-c -> ProDy: Cannot download structure
5ND8-d -> ProDy: Cannot download structure
5ND8-m -> ProDy: Cannot download structure
5ND8-n -> ProDy: Cannot download structure
5ND8-p -> ProDy: Cannot download structure
5ND8-r -> ProDy: Cannot download structure
5ND8-t -> ProDy: Cannot download structure
5ND8-v -> ProDy: Cannot download structure
5ND9-b -> ProDy: Cannot download structure
5ND9-e -> ProDy: Cannot download structure
5ND9-g -> ProDy: Cannot download structure
5ND9-h -> ProDy: Cannot download structure
5ND9-j -> ProDy: Cannot download structure
5ND9-q -> ProDy: Cannot download structure
5NGM-AO -> ProDy: Cannot download structure
5NGM-AT -> ProDy: Cannot download structure
5NGM-Af -> ProDy: Cannot download structure
5NGM-Ai -> ProDy: Cannot download structure
5NGM-Al -> ProDy: Cannot download structure
5NGM-Ao -> ProDy: Cannot download structure
5NJT-J -> ProDy: Cannot download structure
5NJT-R -> ProDy: Cannot download structure
5NJT-S -> ProDy: Cannot download structure
5NJT-b -> ProDy: Cannot download structure
5NJT-d -> ProDy: Cannot download structure
5NJT-e -> ProDy: Cannot download structure
5NJT-o -> ProDy: Cannot download structure
5NRL-M -> ProDy: Cannot download structure
5NRL-N -> ProDy: Cannot download structure
5NRL-T -> ProDy: Cannot download structure
5NRL-Z -> ProDy: Cannot download structure
5NWY-d -> ProDy: Cannot download structure
5O09-1C -> ProDy: Cannot download structure
5O61-BH -> ProDy: Cannot download structure
5O61-I -> ProDy: Cannot download structure
5O61-K -> ProDy: Cannot download structure
5O61-R -> ProDy: Cannot download structure
5ON6-q -> ProDy: Cannot download structure
5OQL-B -> ProDy: Cannot download structure
5OQL-E -> ProDy: Cannot download structure
5OQL-H -> ProDy: Cannot download structure
5OQL-J -> ProDy: Cannot download structure
5OQL-K -> ProDy: Cannot download structure
5OQL-L -> ProDy: Cannot download structure
5OQL-P -> ProDy: Cannot download structure
5OQL-R -> ProDy: Cannot download structure
5OQL-U -> ProDy: Cannot download structure
5OQL-V -> ProDy: Cannot download structure
5OQL-X -> ProDy: Cannot download structure
5OQL-Y -> ProDy: Cannot download structure
5OQL-a -> ProDy: Cannot download structure
5OQL-c -> ProDy: Cannot download structure
5OQL-d -> ProDy: Cannot download structure
5OQL-e -> ProDy: Cannot download structure
5OQL-g -> ProDy: Cannot download structure
5OQL-h -> ProDy: Cannot download structure
5OQL-l -> ProDy: Cannot download structure
5OQL-m -> ProDy: Cannot download structure
5OQL-n -> ProDy: Cannot download structure
5OQL-o -> ProDy: Cannot download structure
5OQL-p -> ProDy: Cannot download structure
5OQL-q -> ProDy: Cannot download structure
5OQL-r -> ProDy: Cannot download structure
5OQL-s -> ProDy: Cannot download structure
5OQL-t -> ProDy: Cannot download structure
5OQL-u -> ProDy: Cannot download structure
5OQL-v -> ProDy: Cannot download structure
5OQL-w -> ProDy: Cannot download structure
5OQL-x -> ProDy: Cannot download structure
5OQL-y -> ProDy: Cannot download structure
5OQL-z -> ProDy: Cannot download structure
5T0C-AD -> ProDy: Cannot download structure
5T2A-5 -> ProDy: Cannot download structure
5T2A-6 -> ProDy: Cannot download structure
5T2A-AE -> ProDy: Cannot download structure
5T2A-AH -> ProDy: Cannot download structure
5T2A-AN -> ProDy: Cannot download structure
5T2A-AO -> ProDy: Cannot download structure
5T2A-AR -> ProDy: Cannot download structure
5T2A-AT -> ProDy: Cannot download structure
5T2A-N -> ProDy: Cannot download structure
5T2A-V -> ProDy: Cannot download structure
5T2A-X -> ProDy: Cannot download structure
5T2A-g -> ProDy: Cannot download structure
5T2A-i -> ProDy: Cannot download structure
5T2A-k -> ProDy: Cannot download structure
5T2A-n -> ProDy: Cannot download structure
5T2A-p -> ProDy: Cannot download structure
5T2A-v -> ProDy: Cannot download structure
5T2C-F -> ProDy: Cannot download structure
5T2C-J -> ProDy: Cannot download structure
5T2C-R -> ProDy: Cannot download structure
5T5H-I -> ProDy: Cannot download structure
5T5H-L -> ProDy: Cannot download structure
5T5H-N -> ProDy: Cannot download structure
5T5H-O -> ProDy: Cannot download structure
5T5H-P -> ProDy: Cannot download structure
5T5H-Q -> ProDy: Cannot download structure
5T5H-S -> ProDy: Cannot download structure
5T5H-T -> ProDy: Cannot download structure
5T5H-U -> ProDy: Cannot download structure
5T5H-V -> ProDy: Cannot download structure
5T5H-W -> ProDy: Cannot download structure
5T5H-X -> ProDy: Cannot download structure
5T5H-Z -> ProDy: Cannot download structure
5T5H-a -> ProDy: Cannot download structure
5T5H-b -> ProDy: Cannot download structure
5T5H-c -> ProDy: Cannot download structure
5T5H-d -> ProDy: Cannot download structure
5T5H-e -> ProDy: Cannot download structure
5T5H-f -> ProDy: Cannot download structure
5T5H-g -> ProDy: Cannot download structure
5T5H-h -> ProDy: Cannot download structure
5T5H-i -> ProDy: Cannot download structure
5T5H-j -> ProDy: Cannot download structure
5T5H-k -> ProDy: Cannot download structure
5T5H-l -> ProDy: Cannot download structure
5T5H-m -> ProDy: Cannot download structure
5T5H-n -> ProDy: Cannot download structure
5T5H-o -> ProDy: Cannot download structure
5T5H-r -> ProDy: Cannot download structure
5T5H-t -> ProDy: Cannot download structure
5T5H-u -> ProDy: Cannot download structure
5T5H-v -> ProDy: Cannot download structure
5T5H-w -> ProDy: Cannot download structure
5T62-I -> ProDy: Cannot download structure
5T62-W -> ProDy: Cannot download structure
5T62-X -> ProDy: Cannot download structure
5T6R-F -> ProDy: Cannot download structure
5T6R-V -> ProDy: Cannot download structure
5T7V-LC -> ProDy: Cannot download structure
5T7V-S1 -> ProDy: Cannot download structure
5T9S-F -> ProDy: Cannot download structure
5TCU-L4 -> ProDy: Cannot download structure
5TCU-L8 -> ProDy: Cannot download structure
5TCU-LF -> ProDy: Cannot download structure
5TCU-S1 -> ProDy: Cannot download structure
5TGM-C1 -> ProDy: Cannot download structure
5TGM-N5 -> ProDy: Cannot download structure
5TGM-p0 -> ProDy: Cannot download structure
5TX1-A -> ProDy: Cannot download structure
5TX1-M -> ProDy: Cannot download structure
5TX1-N -> ProDy: Cannot download structure
5TX1-P -> ProDy: Cannot download structure
5TX1-U -> ProDy: Cannot download structure
5U4I-q -> ProDy: Cannot download structure
5U4I-s -> ProDy: Cannot download structure
5U4I-v -> ProDy: Cannot download structure
5U9G-Y -> ProDy: Cannot download structure
5UMD-0 -> ProDy: Cannot download structure
5UMD-1 -> ProDy: Cannot download structure
5UMD-5 -> ProDy: Cannot download structure
5UMD-6 -> ProDy: Cannot download structure
5UMD-D -> ProDy: Cannot download structure
5UMD-G -> ProDy: Cannot download structure
5UMD-J -> ProDy: Cannot download structure
5UMD-K -> ProDy: Cannot download structure
5UMD-M -> ProDy: Cannot download structure
5UMD-N -> ProDy: Cannot download structure
5UMD-O -> ProDy: Cannot download structure
5UMD-Q -> ProDy: Cannot download structure
5UMD-R -> ProDy: Cannot download structure
5UMD-S -> ProDy: Cannot download structure
5UMD-U -> ProDy: Cannot download structure
5UMD-W -> ProDy: Cannot download structure
5UMD-a -> ProDy: Cannot download structure
5UMD-h -> ProDy: Cannot download structure
5UQ8-C -> ProDy: Cannot download structure
5V93-6 -> ProDy: Cannot download structure
5V93-E -> ProDy: Cannot download structure
5V93-F -> ProDy: Cannot download structure
5V93-N -> ProDy: Cannot download structure
5V93-O -> ProDy: Cannot download structure
5V93-P -> ProDy: Cannot download structure
5V93-Q -> ProDy: Cannot download structure
5V93-S -> ProDy: Cannot download structure
5V93-U -> ProDy: Cannot download structure
5V93-V -> ProDy: Cannot download structure
5V93-X -> ProDy: Cannot download structure
5V93-Y -> ProDy: Cannot download structure
5V93-c -> ProDy: Cannot download structure
5V93-d -> ProDy: Cannot download structure
5V93-e -> ProDy: Cannot download structure
5V93-f -> ProDy: Cannot download structure
5V93-i -> ProDy: Cannot download structure
5V93-k -> ProDy: Cannot download structure
5V93-m -> ProDy: Cannot download structure
5V93-n -> ProDy: Cannot download structure
5V93-o -> ProDy: Cannot download structure
5V93-p -> ProDy: Cannot download structure
5V93-q -> ProDy: Cannot download structure
5V93-r -> ProDy: Cannot download structure
5V93-t -> ProDy: Cannot download structure
5VFP-B -> ProDy: Cannot download structure
5VFP-F -> ProDy: Cannot download structure
5VFP-e -> ProDy: Cannot download structure
5VFQ-Z -> ProDy: Cannot download structure
5VFU-A -> ProDy: Cannot download structure
5VFU-d -> ProDy: Cannot download structure
5VKU-Q -> ProDy: Cannot download structure
5VKU-g -> ProDy: Cannot download structure
5VKU-h -> ProDy: Cannot download structure
5VYC-R1 -> ProDy: Cannot download structure
5VYC-e1 -> ProDy: Cannot download structure
5VYC-l1 -> ProDy: Cannot download structure
5W4K-1E -> ProDy: Cannot download structure
5WIT-1k -> ProDy: Cannot download structure
5WK6-A -> ProDy: Cannot download structure
5WLC-LH -> ProDy: Cannot download structure
5WLC-LJ -> ProDy: Cannot download structure
5WLC-LK -> ProDy: Cannot download structure
5WLC-LL -> ProDy: Cannot download structure
5WLC-LN -> ProDy: Cannot download structure
5WLC-LO -> ProDy: Cannot download structure
5WLC-LP -> ProDy: Cannot download structure
5WLC-LR -> ProDy: Cannot download structure
5WLC-LS -> ProDy: Cannot download structure
5WLC-LU -> ProDy: Cannot download structure
5WLC-LV -> ProDy: Cannot download structure
5WLC-LW -> ProDy: Cannot download structure
5WLC-NA -> ProDy: Cannot download structure
5WLC-NB -> ProDy: Cannot download structure
5WLC-NC -> ProDy: Cannot download structure
5WLC-ND -> ProDy: Cannot download structure
5WLC-NE -> ProDy: Cannot download structure
5WLC-NI -> ProDy: Cannot download structure
5WLC-SG -> ProDy: Cannot download structure
5WLC-SH -> ProDy: Cannot download structure
5WLC-SM -> ProDy: Cannot download structure
5WLC-SN -> ProDy: Cannot download structure
5WLC-SQ -> ProDy: Cannot download structure
5WLC-SS -> ProDy: Cannot download structure
5WLC-ST -> ProDy: Cannot download structure
5WLC-SU -> ProDy: Cannot download structure
5WLC-SV -> ProDy: Cannot download structure
5WLC-SY -> ProDy: Cannot download structure
5WP9-A -> ProDy: Cannot download structure
5WVI-K -> ProDy: Cannot download structure
5WVI-L -> ProDy: Cannot download structure
5WVI-Z -> ProDy: Cannot download structure
5WVK-X -> ProDy: Cannot download structure
5WYJ-BC -> ProDy: Cannot download structure
5WYJ-BE -> ProDy: Cannot download structure
5WYJ-E3 -> ProDy: Cannot download structure
5WYJ-K1 -> ProDy: Cannot download structure
5WYJ-MA -> ProDy: Cannot download structure
5WYJ-P1 -> ProDy: Cannot download structure
5WYJ-Sg -> ProDy: Cannot download structure
5WYJ-U4 -> ProDy: Cannot download structure
5WYK-3B -> ProDy: Cannot download structure
5WYK-3D -> ProDy: Cannot download structure
5WYK-3E -> ProDy: Cannot download structure
5WYK-BB -> ProDy: Cannot download structure
5WYK-MC -> ProDy: Cannot download structure
5WYK-Sf -> ProDy: Cannot download structure
5X8P-8 -> ProDy: Cannot download structure
5X8P-D -> ProDy: Cannot download structure
5X8P-K -> ProDy: Cannot download structure
5X8P-N -> ProDy: Cannot download structure
5X8P-P -> ProDy: Cannot download structure
5X8P-S -> ProDy: Cannot download structure
5X8P-Z -> ProDy: Cannot download structure
5X8P-b -> ProDy: Cannot download structure
5X8P-j -> ProDy: Cannot download structure
5X8P-q -> ProDy: Cannot download structure
5X8P-u -> ProDy: Cannot download structure
5XJC-J -> ProDy: Cannot download structure
5XJC-R -> ProDy: Cannot download structure
5XJC-x -> ProDy: Cannot download structure
5XTH-AA -> ProDy: Cannot download structure
5XTH-AH -> ProDy: Cannot download structure
5XTH-AK -> ProDy: Cannot download structure
5XTH-AL -> ProDy: Cannot download structure
5XTH-I -> ProDy: Cannot download structure
5XTH-L -> ProDy: Cannot download structure
5XTH-Q -> ProDy: Cannot download structure
5XTH-S -> ProDy: Cannot download structure
5XTH-Z -> ProDy: Cannot download structure
5XTH-c -> ProDy: Cannot download structure
5XTH-g -> ProDy: Cannot download structure
5XTH-k -> ProDy: Cannot download structure
5XTH-p -> ProDy: Cannot download structure
5XTH-u -> ProDy: Cannot download structure
5XTI-AC -> ProDy: Cannot download structure
5XTI-AD -> ProDy: Cannot download structure
5XTI-AF -> ProDy: Cannot download structure
5XTI-N -> ProDy: Cannot download structure
5XTI-V -> ProDy: Cannot download structure
5XTI-W -> ProDy: Cannot download structure
5XTI-h -> ProDy: Cannot download structure
5XTI-i -> ProDy: Cannot download structure
5XTI-j -> ProDy: Cannot download structure
5XTI-m -> ProDy: Cannot download structure
5XTI-r -> ProDy: Cannot download structure
5XTI-v -> ProDy: Cannot download structure
5XY3-A -> ProDy: Cannot download structure
5XY3-B -> ProDy: Cannot download structure
5XY3-C -> ProDy: Cannot download structure
5XY3-D -> ProDy: Cannot download structure
5XY3-E -> ProDy: Cannot download structure
5XY3-F -> ProDy: Cannot download structure
5XY3-G -> ProDy: Cannot download structure
5XY3-H -> ProDy: Cannot download structure
5XY3-I -> ProDy: Cannot download structure
5XY3-J -> ProDy: Cannot download structure
5XY3-L -> ProDy: Cannot download structure
5XY3-M -> ProDy: Cannot download structure
5XY3-N -> ProDy: Cannot download structure
5XY3-O -> ProDy: Cannot download structure
5XY3-P -> ProDy: Cannot download structure
5XY3-Q -> ProDy: Cannot download structure
5XY3-R -> ProDy: Cannot download structure
5XY3-S -> ProDy: Cannot download structure
5XY3-T -> ProDy: Cannot download structure
5XY3-U -> ProDy: Cannot download structure
5XY3-V -> ProDy: Cannot download structure
5XY3-W -> ProDy: Cannot download structure
5XY3-X -> ProDy: Cannot download structure
5XY3-Y -> ProDy: Cannot download structure
5XY3-Z -> ProDy: Cannot download structure
5XY3-a -> ProDy: Cannot download structure
5XY3-c -> ProDy: Cannot download structure
5XY3-d -> ProDy: Cannot download structure
5XY3-e -> ProDy: Cannot download structure
5XY3-f -> ProDy: Cannot download structure
5XY3-g -> ProDy: Cannot download structure
5XY3-h -> ProDy: Cannot download structure
5XY3-i -> ProDy: Cannot download structure
5XY3-j -> ProDy: Cannot download structure
5XY3-k -> ProDy: Cannot download structure
5XY3-m -> ProDy: Cannot download structure
5XY3-o -> ProDy: Cannot download structure
5XY3-p -> ProDy: Cannot download structure
5YZG-2 -> ProDy: Cannot download structure
5YZG-3 -> ProDy: Cannot download structure
5YZG-W -> ProDy: Cannot download structure
5YZG-X -> ProDy: Cannot download structure
5YZG-Y -> ProDy: Cannot download structure
5YZG-w -> ProDy: Cannot download structure
5YZG-y -> ProDy: Cannot download structure
5Z56-q -> ProDy: Cannot download structure
5Z56-z -> ProDy: Cannot download structure
5Z57-K -> ProDy: Cannot download structure
5Z57-V -> ProDy: Cannot download structure
5ZAP-Q -> ProDy: Cannot download structure
5ZAP-S -> ProDy: Cannot download structure
5ZEB-1 -> ProDy: Cannot download structure
5ZEB-2 -> ProDy: Cannot download structure
5ZEB-6 -> ProDy: Cannot download structure
5ZEB-D -> ProDy: Cannot download structure
5ZEB-M -> ProDy: Cannot download structure
5ZEB-O -> ProDy: Cannot download structure
5ZEB-W -> ProDy: Cannot download structure
5ZEB-b -> ProDy: Cannot download structure
5ZEB-c -> ProDy: Cannot download structure
5ZEB-k -> ProDy: Cannot download structure
5ZEB-r -> ProDy: Cannot download structure
5ZEP-H -> ProDy: Cannot download structure
5ZEP-P -> ProDy: Cannot download structure
5ZEP-U -> ProDy: Cannot download structure
5ZEP-Y -> ProDy: Cannot download structure
5ZEP-e -> ProDy: Cannot download structure
5ZEP-q -> ProDy: Cannot download structure
5ZEP-x -> ProDy: Cannot download structure
5ZF0-K1 -> ProDy: Cannot download structure
5ZLU-EE -> ProDy: Cannot download structure
5ZLU-f -> ProDy: Cannot download structure
5ZWM-4 -> ProDy: Cannot download structure
5ZWM-J -> ProDy: Cannot download structure
5ZWM-O -> ProDy: Cannot download structure
5ZWM-X -> ProDy: Cannot download structure
5ZWM-s -> ProDy: Cannot download structure
5ZWM-v -> ProDy: Cannot download structure
5ZZ8-h -> ProDy: Cannot download structure
5ZZ8-q -> ProDy: Cannot download structure
5ZZ8-r -> ProDy: Cannot download structure
6AHD-0 -> ProDy: Cannot download structure
6AHD-8 -> ProDy: Cannot download structure
6AHD-9 -> ProDy: Cannot download structure
6AHD-A0 -> ProDy: Cannot download structure
6AHD-N -> ProDy: Cannot download structure
6AHD-X -> ProDy: Cannot download structure
6AHD-u -> ProDy: Cannot download structure
6AHD-v -> ProDy: Cannot download structure
6AZ3-B -> ProDy: Cannot download structure
6AZ3-D -> ProDy: Cannot download structure
6AZ3-H -> ProDy: Cannot download structure
6AZ3-K -> ProDy: Cannot download structure
6AZ3-N -> ProDy: Cannot download structure
6AZ3-O -> ProDy: Cannot download structure
6AZ3-Q -> ProDy: Cannot download structure
6AZ3-V -> ProDy: Cannot download structure
6AZ3-W -> ProDy: Cannot download structure
6AZ3-c -> ProDy: Cannot download structure
6AZ3-d -> ProDy: Cannot download structure
6AZ3-e -> ProDy: Cannot download structure
6AZ3-f -> ProDy: Cannot download structure
6AZ3-g -> ProDy: Cannot download structure
6AZ3-h -> ProDy: Cannot download structure
6B1T-M -> ProDy: Cannot download structure
6B1T-X -> ProDy: Cannot download structure
6B43-5 -> ProDy: Cannot download structure
6B43-6 -> ProDy: Cannot download structure
6B43-G -> ProDy: Cannot download structure
6B4V-YA -> ProDy: Cannot download structure
6BBM-V -> ProDy: ProDy cannot resolve chain ID {chainID}
6BCU-X -> ProDy: Cannot download structure
6BOK-GD -> ProDy: Cannot download structure
6BUW-QI -> ProDy: Cannot download structure
6BWX-A -> ProDy: Cannot download structure
6BX0-A -> ProDy: Cannot download structure
6BX1-A -> ProDy: Cannot download structure
6BY1-C5 -> ProDy: Cannot download structure
6BY1-CI -> ProDy: Cannot download structure
6BZ7-R3 -> ProDy: Cannot download structure
6C4I-N -> ProDy: Cannot download structure
6CFJ-1d -> ProDy: Cannot download structure
6CGR-5 -> ProDy: Cannot download structure
6CGR-6 -> ProDy: Cannot download structure
6CGR-G -> ProDy: Cannot download structure
6CGR-k -> ProDy: Cannot download structure
6CGR-l -> ProDy: Cannot download structure
6D90-C -> ProDy: Cannot download structure
6D90-DD -> ProDy: Cannot download structure
6D90-KK -> ProDy: Cannot download structure
6D90-RR -> ProDy: Cannot download structure
6D9J-BB -> ProDy: Cannot download structure
6D9J-EE -> ProDy: Cannot download structure
6D9J-HH -> ProDy: Cannot download structure
6D9J-M -> ProDy: Cannot download structure
6D9J-O -> ProDy: Cannot download structure
6D9J-ZZ -> ProDy: Cannot download structure
6D9J-bb -> ProDy: Cannot download structure
6D9J-g -> ProDy: Cannot download structure
6D9J-s -> ProDy: Cannot download structure
6D9J-t -> ProDy: Cannot download structure
6DNC-BA -> ProDy: Cannot download structure
6DZI-4 -> ProDy: Cannot download structure
6DZI-6 -> ProDy: Cannot download structure
6DZI-8 -> ProDy: Cannot download structure
6DZI-I -> ProDy: Cannot download structure
6DZI-O -> ProDy: Cannot download structure
6DZI-T -> ProDy: Cannot download structure
6DZI-W -> ProDy: Cannot download structure
6DZI-X -> ProDy: Cannot download structure
6DZI-Z -> ProDy: Cannot download structure
6DZI-k -> ProDy: Cannot download structure
6DZI-m -> ProDy: Cannot download structure
6DZI-r -> ProDy: Cannot download structure
6DZI-t -> ProDy: Cannot download structure
6DZI-y -> ProDy: Cannot download structure
6DZI-z -> ProDy: Cannot download structure
6E39-A1 -> ProDy: Cannot download structure
6E8G-S -> ProDy: Cannot download structure
6E8G-T -> ProDy: Cannot download structure
6ELZ-O -> ProDy: Cannot download structure
6ELZ-V -> ProDy: Cannot download structure
6ELZ-W -> ProDy: Cannot download structure
6ELZ-l -> ProDy: Cannot download structure
6ELZ-p -> ProDy: Cannot download structure
6ELZ-q -> ProDy: Cannot download structure
6ELZ-w -> ProDy: Cannot download structure
6ELZ-z -> ProDy: Cannot download structure
6EM1-3 -> ProDy: Cannot download structure
6EM1-m -> ProDy: Cannot download structure
6EM1-o -> ProDy: Cannot download structure
6EM1-t -> ProDy: Cannot download structure
6ENU-w -> ProDy: Cannot download structure
6ERI-AE -> ProDy: Cannot download structure
6ERI-AP -> ProDy: Cannot download structure
6ERI-AR -> ProDy: Cannot download structure
6ERI-AS -> ProDy: Cannot download structure
6ERI-AT -> ProDy: Cannot download structure
6ERI-AU -> ProDy: Cannot download structure
6ERI-AW -> ProDy: Cannot download structure
6ERI-AY -> ProDy: Cannot download structure
6ERI-AZ -> ProDy: Cannot download structure
6ERI-Ac -> ProDy: Cannot download structure
6ERI-Ad -> ProDy: Cannot download structure
6ERI-Az -> ProDy: Cannot download structure
6ERI-BE -> ProDy: Cannot download structure
6ERI-BF -> ProDy: Cannot download structure
6ERI-BI -> ProDy: Cannot download structure
6ERI-BJ -> ProDy: Cannot download structure
6ERI-BK -> ProDy: Cannot download structure
6ERI-BM -> ProDy: Cannot download structure
6ERI-BO -> ProDy: Cannot download structure
6ERI-BQ -> ProDy: Cannot download structure
6ERI-BS -> ProDy: Cannot download structure
6FEC-3 -> ProDy: Cannot download structure
6FEC-5 -> ProDy: Cannot download structure
6FEC-6 -> ProDy: Cannot download structure
6FEC-8 -> ProDy: Cannot download structure
6FEC-P -> ProDy: Cannot download structure
6FEC-S -> ProDy: Cannot download structure
6FEC-u -> ProDy: Cannot download structure
6FRK-r -> ProDy: Cannot download structure
6FRK-u -> ProDy: Cannot download structure
6FRK-x -> ProDy: Cannot download structure
6FRK-z -> ProDy: Cannot download structure
6FSZ-DD -> ProDy: Cannot download structure
6FSZ-II -> ProDy: Cannot download structure
6FSZ-KK -> ProDy: Cannot download structure
6FT6-5 -> ProDy: Cannot download structure
6FT6-r -> ProDy: Cannot download structure
6FT6-s -> ProDy: Cannot download structure
6FTI-5 -> ProDy: Cannot download structure
6FTJ-1 -> ProDy: Cannot download structure
6FTJ-E -> ProDy: Cannot download structure
6FVT-X -> ProDy: Cannot download structure
6FVU-I -> ProDy: Cannot download structure
6FVU-L -> ProDy: Cannot download structure
6FVW-U -> ProDy: Cannot download structure
6FVW-g -> ProDy: Cannot download structure
6FVX-W -> ProDy: Cannot download structure
6FVY-Y -> ProDy: Cannot download structure
6FXC-AH -> ProDy: Cannot download structure
6FXC-Ab -> ProDy: Cannot download structure
6FYX-F -> ProDy: Cannot download structure
6FYX-P -> ProDy: Cannot download structure
6FYX-l -> ProDy: Cannot download structure
6FYX-o -> ProDy: Cannot download structure
6FYX-q -> ProDy: Cannot download structure
6FYY-A -> ProDy: Cannot download structure
6FYY-B -> ProDy: Cannot download structure
6FYY-J -> ProDy: Cannot download structure
6FYY-i -> ProDy: Cannot download structure
6FYY-m -> ProDy: Cannot download structure
6FYY-p -> ProDy: Cannot download structure
6FYY-r -> ProDy: Cannot download structure
6GAW-AE -> ProDy: Cannot download structure
6GAW-AI -> ProDy: Cannot download structure
6GAW-AJ -> ProDy: Cannot download structure
6GAW-AK -> ProDy: Cannot download structure
6GAW-AL -> ProDy: Cannot download structure
6GAW-Ag -> ProDy: Cannot download structure
6GAW-Ah -> ProDy: Cannot download structure
6GAW-Ak -> ProDy: Cannot download structure
6GAW-Am -> ProDy: Cannot download structure
6GAW-Ao -> ProDy: Cannot download structure
6GAW-B2 -> ProDy: Cannot download structure
6GAW-B4 -> ProDy: Cannot download structure
6GAW-B5 -> ProDy: Cannot download structure
6GAW-B8 -> ProDy: Cannot download structure
6GAW-B9 -> ProDy: Cannot download structure
6GAW-BD -> ProDy: Cannot download structure
6GAW-BU -> ProDy: Cannot download structure
6GAW-Bb -> ProDy: Cannot download structure
6GAW-Bm -> ProDy: Cannot download structure
6GAW-Bn -> ProDy: Cannot download structure
6GAW-Bv -> ProDy: Cannot download structure
6GAZ-AB -> ProDy: Cannot download structure
6GAZ-AC -> ProDy: Cannot download structure
6GAZ-AN -> ProDy: Cannot download structure
6GAZ-AO -> ProDy: Cannot download structure
6GAZ-AP -> ProDy: Cannot download structure
6GAZ-Aa -> ProDy: Cannot download structure
6GAZ-Ad -> ProDy: Cannot download structure
6GAZ-Ae -> ProDy: Cannot download structure
6GAZ-Af -> ProDy: Cannot download structure
6GAZ-An -> ProDy: Cannot download structure
6GAZ-Ao -> ProDy: Cannot download structure
6GAZ-Ap -> ProDy: Cannot download structure
6GAZ-BT -> ProDy: Cannot download structure
6GB2-BC -> ProDy: Cannot download structure
6GB2-BE -> ProDy: Cannot download structure
6GB2-BJ -> ProDy: Cannot download structure
6GB2-BO -> ProDy: Cannot download structure
6GB2-BR -> ProDy: Cannot download structure
6GB2-BV -> ProDy: Cannot download structure
6GB2-BW -> ProDy: Cannot download structure
6GB2-Bd -> ProDy: Cannot download structure
6GB2-Be -> ProDy: Cannot download structure
6GB2-Bh -> ProDy: Cannot download structure
6GB2-Bk -> ProDy: Cannot download structure
6GB2-Bq -> ProDy: Cannot download structure
6GB2-Bt -> ProDy: Cannot download structure
6GB2-Bw -> ProDy: Cannot download structure
6GB2-CL -> ProDy: Cannot download structure
6GMH-U -> ProDy: ProDy cannot resolve chain ID {chainID}
6GMH-V -> ProDy: ProDy cannot resolve chain ID {chainID}
6GML-X -> ProDy: ProDy cannot resolve chain ID {chainID}
6GQ1-P0 -> ProDy: Cannot download structure
6GQB-P2 -> ProDy: Cannot download structure
6GQB-U -> ProDy: Cannot download structure
6GSK-4I -> ProDy: Cannot download structure
6GSL-18 -> ProDy: Cannot download structure
6GUA-A -> ProDy: Cannot download structure
6GXO-v -> ProDy: Cannot download structure
6GZQ-R2 -> ProDy: Cannot download structure
6H03-D -> ProDy: Cannot download structure
6H03-G -> ProDy: Cannot download structure
6H4N-g -> ProDy: Cannot download structure
6H58-x -> ProDy: Cannot download structure
6H58-y -> ProDy: Cannot download structure
6H8K-3 -> ProDy: Cannot download structure
6H8K-A -> ProDy: Cannot download structure
6H8K-B -> ProDy: Cannot download structure
6H8K-C -> ProDy: Cannot download structure
6H8K-I -> ProDy: Cannot download structure
6H8K-K -> ProDy: Cannot download structure
6HA1-3 -> ProDy: Cannot download structure
6HA1-C -> ProDy: Cannot download structure
6HA1-M -> ProDy: Cannot download structure
6HA1-N -> ProDy: Cannot download structure
6HA1-P -> ProDy: Cannot download structure
6HA1-Q -> ProDy: Cannot download structure
6HA1-W -> ProDy: Cannot download structure
6HA1-X -> ProDy: Cannot download structure
6HA1-f -> ProDy: Cannot download structure
6HA1-o -> ProDy: Cannot download structure
6HA1-p -> ProDy: Cannot download structure
6HA8-6 -> ProDy: Cannot download structure
6HA8-8 -> ProDy: Cannot download structure
6HA8-D -> ProDy: Cannot download structure
6HA8-S -> ProDy: Cannot download structure
6HA8-V -> ProDy: Cannot download structure
6HA8-b -> ProDy: Cannot download structure
6HA8-c -> ProDy: Cannot download structure
6HA8-d -> ProDy: Cannot download structure
6HA8-e -> ProDy: Cannot download structure
6HA8-k -> ProDy: Cannot download structure
6HA8-l -> ProDy: Cannot download structure
6HA8-m -> ProDy: Cannot download structure
6HA8-n -> ProDy: Cannot download structure
6HA8-s -> ProDy: Cannot download structure
6HA8-t -> ProDy: Cannot download structure
6HCF-H3 -> ProDy: Cannot download structure
6HCF-u3 -> ProDy: Cannot download structure
6HCJ-J2 -> ProDy: Cannot download structure
6HCJ-a3 -> ProDy: Cannot download structure
6HCJ-d3 -> ProDy: Cannot download structure
6HCJ-m3 -> ProDy: Cannot download structure
6HCM-Q3 -> ProDy: Cannot download structure
6HCM-Y3 -> ProDy: Cannot download structure
6HCM-k1 -> ProDy: Cannot download structure
6HCQ-N2 -> ProDy: Cannot download structure
6HCQ-T3 -> ProDy: Cannot download structure
6HCQ-b3 -> ProDy: Cannot download structure
6HCQ-o3 -> ProDy: Cannot download structure
6HD7-E -> ProDy: Cannot download structure
6HD7-o -> ProDy: Cannot download structure
6HHQ-5 -> ProDy: Cannot download structure
6HHQ-G -> ProDy: Cannot download structure
6HHQ-P -> ProDy: Cannot download structure
6HHQ-h -> ProDy: Cannot download structure
6HHQ-p -> ProDy: Cannot download structure
6HIV-A1 -> ProDy: Cannot download structure
6HIV-A2 -> ProDy: Cannot download structure
6HIV-A6 -> ProDy: Cannot download structure
6HIV-AI -> ProDy: Cannot download structure
6HIV-AT -> ProDy: Cannot download structure
6HIV-AW -> ProDy: Cannot download structure
6HIV-AY -> ProDy: Cannot download structure
6HIV-Ab -> ProDy: Cannot download structure
6HIV-Al -> ProDy: Cannot download structure
6HIV-Ap -> ProDy: Cannot download structure
6HIV-BB -> ProDy: Cannot download structure
6HIV-BC -> ProDy: Cannot download structure
6HIV-BM -> ProDy: Cannot download structure
6HIV-BN -> ProDy: Cannot download structure
6HIV-BR -> ProDy: Cannot download structure
6HIV-Bb -> ProDy: Cannot download structure
6HIV-Bc -> ProDy: Cannot download structure
6HIV-Be -> ProDy: Cannot download structure
6HIV-Bf -> ProDy: Cannot download structure
6HIV-CE -> ProDy: Cannot download structure
6HIV-CJ -> ProDy: Cannot download structure
6HIV-CL -> ProDy: Cannot download structure
6HIV-CP -> ProDy: Cannot download structure
6HIV-CQ -> ProDy: Cannot download structure
6HIV-Ca -> ProDy: Cannot download structure
6HIV-Cd -> ProDy: Cannot download structure
6HIV-Cn -> ProDy: Cannot download structure
6HIV-DD -> ProDy: Cannot download structure
6HIV-DE -> ProDy: Cannot download structure
6HIV-DI -> ProDy: Cannot download structure
6HIV-DJ -> ProDy: Cannot download structure
6HIV-DL -> ProDy: Cannot download structure
6HIV-DO -> ProDy: Cannot download structure
6HIV-DP -> ProDy: Cannot download structure
6HIV-DS -> ProDy: Cannot download structure
6HIV-DV -> ProDy: Cannot download structure
6HIW-CH -> ProDy: Cannot download structure
6HIW-CN -> ProDy: Cannot download structure
6HIW-CS -> ProDy: Cannot download structure
6HIW-CU -> ProDy: Cannot download structure
6HIW-CZ -> ProDy: Cannot download structure
6HIW-Cb -> ProDy: Cannot download structure
6HIW-Cp -> ProDy: Cannot download structure
6HIW-DG -> ProDy: Cannot download structure
6HIW-DH -> ProDy: Cannot download structure
6HIW-DN -> ProDy: Cannot download structure
6HIW-DQ -> ProDy: Cannot download structure
6HIW-DR -> ProDy: Cannot download structure
6HIW-DT -> ProDy: Cannot download structure
6HIW-DU -> ProDy: Cannot download structure
6HIW-DX -> ProDy: Cannot download structure
6HIW-DY -> ProDy: Cannot download structure
6HIX-A4 -> ProDy: Cannot download structure
6HIX-A5 -> ProDy: Cannot download structure
6HIX-AE -> ProDy: Cannot download structure
6HIX-AF -> ProDy: Cannot download structure
6HIX-AK -> ProDy: Cannot download structure
6HIX-AN -> ProDy: Cannot download structure
6HIX-AP -> ProDy: Cannot download structure
6HIX-AQ -> ProDy: Cannot download structure
6HIX-AR -> ProDy: Cannot download structure
6HIX-AU -> ProDy: Cannot download structure
6HIX-AV -> ProDy: Cannot download structure
6HIX-AX -> ProDy: Cannot download structure
6HIX-Af -> ProDy: Cannot download structure
6HIX-Ag -> ProDy: Cannot download structure
6HIX-Aj -> ProDy: Cannot download structure
6HIX-Av -> ProDy: Cannot download structure
6HIX-BE -> ProDy: Cannot download structure
6HIX-BG -> ProDy: Cannot download structure
6HIX-BH -> ProDy: Cannot download structure
6HIX-BI -> ProDy: Cannot download structure
6HIX-BJ -> ProDy: Cannot download structure
6HIX-BN -> ProDy: Cannot download structure
6HIX-BQ -> ProDy: Cannot download structure
6HIX-BS -> ProDy: Cannot download structure
6HIX-BW -> ProDy: Cannot download structure
6HIX-BZ -> ProDy: Cannot download structure
6HIX-Bg -> ProDy: Cannot download structure
6HIY-CF -> ProDy: Cannot download structure
6HIY-CK -> ProDy: Cannot download structure
6HIY-CO -> ProDy: Cannot download structure
6HIY-Cj -> ProDy: Cannot download structure
6HIY-Cq -> ProDy: Cannot download structure
6HIY-Cr -> ProDy: Cannot download structure
6HIY-DM -> ProDy: Cannot download structure
6HIY-DZ -> ProDy: Cannot download structure
6HIZ-CI -> ProDy: Cannot download structure
6HIZ-CR -> ProDy: Cannot download structure
6HIZ-Cg -> ProDy: Cannot download structure
6HIZ-Ci -> ProDy: Cannot download structure
6HIZ-Ck -> ProDy: Cannot download structure
6HIZ-DF -> ProDy: Cannot download structure
6HIZ-DW -> ProDy: Cannot download structure
6I7O-E -> ProDy: Cannot download structure
6I7V-CH -> ProDy: Cannot download structure
6I7V-D7 -> ProDy: Cannot download structure
6IGC-A -> ProDy: Cannot download structure
6IP5-1D -> ProDy: Cannot download structure
6IP5-2F -> ProDy: Cannot download structure
6IP5-2M -> ProDy: Cannot download structure
6IP5-2Q -> ProDy: Cannot download structure
6IP5-3O -> ProDy: Cannot download structure
6IP6-2L -> ProDy: Cannot download structure
6IP8-21 -> ProDy: Cannot download structure
6J2C-O -> ProDy: Cannot download structure
6J2N-S -> ProDy: Cannot download structure
6J2X-P -> ProDy: Cannot download structure
6J30-C -> ProDy: Cannot download structure
6J30-Q -> ProDy: Cannot download structure
6M99-B -> ProDy: Cannot download structure
6MSD-E -> ProDy: Cannot download structure
6MSD-Z -> ProDy: Cannot download structure
6MSE-U -> ProDy: Cannot download structure
6MSG-W -> ProDy: Cannot download structure
6MSK-B -> ProDy: Cannot download structure
6MSK-X -> ProDy: Cannot download structure
6MSK-b -> ProDy: Cannot download structure
6MTC-U -> ProDy: Cannot download structure
6MTD-E -> ProDy: Cannot download structure
6MTD-v -> ProDy: Cannot download structure
6MTE-cc -> ProDy: Cannot download structure
6N2D-a -> ProDy: Cannot download structure
6N2Y-A -> ProDy: Cannot download structure
6N2Y-G -> ProDy: Cannot download structure
6N2Y-b2 -> ProDy: Cannot download structure
6N2Z-b1 -> ProDy: Cannot download structure
6N30-I -> ProDy: Cannot download structure
6N30-c3 -> ProDy: Cannot download structure
6N4V-Af -> ProDy: Cannot download structure
6N8J-K -> ProDy: Cannot download structure
6N8J-m -> ProDy: Cannot download structure
6N8K-E -> ProDy: Cannot download structure
6N8K-q -> ProDy: Cannot download structure
6N8M-r -> ProDy: Cannot download structure
6N8M-u -> ProDy: Cannot download structure
6N8N-V -> ProDy: Cannot download structure
6N8N-W -> ProDy: Cannot download structure
6N8N-Y -> ProDy: Cannot download structure
6N9E-15 -> ProDy: Cannot download structure
6NCL-a0 -> ProDy: Cannot download structure
6NCL-a1 -> ProDy: Cannot download structure
6NCL-a4 -> ProDy: Cannot download structure
6NCL-a7 -> ProDy: Cannot download structure
6NCL-b6 -> ProDy: Cannot download structure
6NCL-d0 -> ProDy: Cannot download structure
6NCL-l4 -> ProDy: Cannot download structure
6NDK-RI -> ProDy: Cannot download structure
6NHJ-J -> ProDy: Cannot download structure
6NHJ-y -> ProDy: Cannot download structure
6NHJ-z -> ProDy: Cannot download structure
6NU2-9 -> ProDy: Cannot download structure
6NU3-9 -> ProDy: Cannot download structure
6NU3-AC -> ProDy: Cannot download structure
6NU3-AG -> ProDy: Cannot download structure
6NU3-AH -> ProDy: Cannot download structure
6NU3-AJ -> ProDy: Cannot download structure
6NU3-AM -> ProDy: Cannot download structure
6NU3-AN -> ProDy: Cannot download structure
6NU3-AP -> ProDy: Cannot download structure
6NU3-AS -> ProDy: Cannot download structure
6NU3-AT -> ProDy: Cannot download structure
6NU3-AU -> ProDy: Cannot download structure
6NU3-AV -> ProDy: Cannot download structure
6NU3-AX -> ProDy: Cannot download structure
6NU3-AZ -> ProDy: Cannot download structure
6NU3-D -> ProDy: Cannot download structure
6NU3-K -> ProDy: Cannot download structure
6NU3-b -> ProDy: Cannot download structure
6NU3-c -> ProDy: Cannot download structure
6NU3-g -> ProDy: Cannot download structure
6NU3-p -> ProDy: Cannot download structure
6NWA-E -> ProDy: Cannot download structure
6NWA-W -> ProDy: Cannot download structure
6NWA-k -> ProDy: Cannot download structure
6OJ5-A -> ProDy: Cannot download structure
6Q8Y-z -> ProDy: Cannot download structure
6Q95-G -> ProDy: Cannot download structure
6Q95-V -> ProDy: Cannot download structure
6Q95-h -> ProDy: Cannot download structure
6Q97-5 -> ProDy: Cannot download structure
6Q98-W -> ProDy: Cannot download structure
6QDV-D -> ProDy: Cannot download structure
6QDV-K -> ProDy: Cannot download structure
6QDV-M -> ProDy: Cannot download structure
6QDV-c -> ProDy: Cannot download structure
6QDV-d -> ProDy: Cannot download structure
6QDV-e -> ProDy: Cannot download structure
6QDV-f -> ProDy: Cannot download structure
6QDV-o -> ProDy: Cannot download structure
6QW6-4e -> ProDy: Cannot download structure
6QW6-64 -> ProDy: Cannot download structure
6QW6-X -> ProDy: Cannot download structure
6QX9-1A -> ProDy: Cannot download structure
6QX9-1C -> ProDy: Cannot download structure
6QX9-1K -> ProDy: Cannot download structure
6QX9-1b -> ProDy: Cannot download structure
6QX9-4A -> ProDy: Cannot download structure
6QX9-4B -> ProDy: Cannot download structure
6QX9-5O -> ProDy: Cannot download structure
6QX9-62 -> ProDy: Cannot download structure
6QX9-66 -> ProDy: Cannot download structure
6QX9-67 -> ProDy: Cannot download structure
6QX9-B5 -> ProDy: Cannot download structure
6QX9-R -> ProDy: Cannot download structure
6QZP-SH -> ProDy: Cannot download structure
6sl9_AAA -> ProDy: Cannot download structure
6tak_AAA -> ProDy: Cannot download structure
6tak_BBB -> ProDy: Cannot download structure
6tib_AAA -> ProDy: Cannot download structure
6tic_AAA -> ProDy: Cannot download structure
6tie_AAA -> ProDy: Cannot download structure
6tih_AAA -> ProDy: Cannot download structure
6tij_AAA -> ProDy: Cannot download structure
6tin_AAA -> ProDy: Cannot download structure
6trg_XXX -> ProDy: Cannot download structure
6tvi_AAA -> ProDy: Cannot download structure
6xwz_AAA -> ProDy: Cannot download structure
6xxx_AAA -> ProDy: Cannot download structure
6yp1_AAA -> ProDy: Cannot download structure
6ypr_AAA -> ProDy: Cannot download structure
6yqm_AAA -> ProDy: Cannot download structure
6yqm_BBB -> ProDy: Cannot download structure
6z3v_AAA -> ProDy: Cannot download structure
6z3v_BBB -> ProDy: Cannot download structure
6zj6_AAA -> ProDy: Cannot download structure
7aew_AAA -> ProDy: Cannot download structure
7aey_AAA -> ProDy: Cannot download structure
7af2_AAA -> ProDy: Cannot download structure
7beb_AAA -> ProDy: Cannot download structure
7l7y_AAA -> ProDy: Cannot download structure
7l81_AAA -> ProDy: Cannot download structure
7nsz_AAA -> ProDy: Cannot download structure
6SL9-A -> ProDy: Cannot download structure
6TAK-B -> ProDy: Cannot download structure
6TIB-A -> ProDy: Cannot download structure
6TIC-A -> ProDy: Cannot download structure
6TIE-A -> ProDy: Cannot download structure
6TIH-A -> ProDy: Cannot download structure
6TIJ-A -> ProDy: Cannot download structure
6TIN-A -> ProDy: Cannot download structure
6TRG-X -> ProDy: Cannot download structure
6TVI-A -> ProDy: Cannot download structure
6XWZ-A -> ProDy: Cannot download structure
6XXX-A -> ProDy: Cannot download structure
6Y34-A -> ProDy: Cannot download structure
6YP1-A -> ProDy: Cannot download structure
6YPR-A -> ProDy: Cannot download structure
6YQM-A -> ProDy: Cannot download structure
6Z3V-A -> ProDy: Cannot download structure
6ZJ6-A -> ProDy: Cannot download structure
7AEW-A -> ProDy: Cannot download structure
7AEY-A -> ProDy: Cannot download structure
7AF2-A -> ProDy: Cannot download structure
7BEB-A -> ProDy: Cannot download structure
7L7Y-A -> ProDy: Cannot download structure
7L81-A -> ProDy: Cannot download structure
7NSZ-A -> ProDy: Cannot download structure
6SL9-AA -> ProDy: Cannot download structure
6TAK-BB -> ProDy: Cannot download structure
6TIB-AA -> ProDy: Cannot download structure
6TIC-AA -> ProDy: Cannot download structure
6TIE-AA -> ProDy: Cannot download structure
6TIH-AA -> ProDy: Cannot download structure
6TIJ-AA -> ProDy: Cannot download structure
6TIN-AA -> ProDy: Cannot download structure
6TRG-XX -> ProDy: Cannot download structure
6TVI-AA -> ProDy: Cannot download structure
6XWZ-AA -> ProDy: Cannot download structure
6XXX-AA -> ProDy: Cannot download structure
6Y34-AA -> ProDy: Cannot download structure
6YP1-AA -> ProDy: Cannot download structure
6YPR-AA -> ProDy: Cannot download structure
6YQM-AA -> ProDy: Cannot download structure
6Z3V-AA -> ProDy: Cannot download structure
6ZJ6-AA -> ProDy: Cannot download structure
7AEW-AA -> ProDy: Cannot download structure
7AEY-AA -> ProDy: Cannot download structure
7AF2-AA -> ProDy: Cannot download structure
7BEB-AA -> ProDy: Cannot download structure
7L7Y-AA -> ProDy: Cannot download structure
7L81-AA -> ProDy: Cannot download structure
7NSZ-AA -> ProDy: Cannot download structure
6T9M-AA -> ProDy: Cannot download structure
6TN4-AA -> ProDy: Cannot download structure
6TN5-AA -> ProDy: Cannot download structure
6TWO-AA -> ProDy: Cannot download structure
6TWP-AA -> ProDy: Cannot download structure
6XWK-AA -> ProDy: Cannot download structure
6XY7-AA -> ProDy: Cannot download structure
6YPZ-AA -> ProDy: Cannot download structure
6YQ0-AA -> ProDy: Cannot download structure
6ZFN-AA -> ProDy: Cannot download structure
6ZFQ-AA -> ProDy: Cannot download structure
7AV9-AA -> ProDy: Cannot download structure
7BBO-AA -> ProDy: Cannot download structure
