3UE7-A -> NMA: Unable to compute modes.
5I5B-B -> PI: Persistence interval in both dimensions are 0
6SL9-AA -> ProDy: Cannot download structure
6TAK-BB -> ProDy: Cannot download structure
6TIB-AA -> ProDy: Cannot download structure
6TIC-AA -> ProDy: Cannot download structure
6TIE-AA -> ProDy: Cannot download structure
6TIH-AA -> ProDy: Cannot download structure
6TIJ-AA -> ProDy: Cannot download structure
6TIN-AA -> ProDy: Cannot download structure
6TRG-XX -> ProDy: Cannot download structure
6TVI-AA -> ProDy: Cannot download structure
6XWZ-AA -> ProDy: Cannot download structure
6XXX-AA -> ProDy: Cannot download structure
6Y34-AA -> ProDy: Cannot download structure
6YP1-AA -> ProDy: Cannot download structure
6YPR-AA -> ProDy: Cannot download structure
6YQM-AA -> ProDy: Cannot download structure
6Z3V-AA -> ProDy: Cannot download structure
6ZJ6-AA -> ProDy: Cannot download structure
7AEW-AA -> ProDy: Cannot download structure
7AEY-AA -> ProDy: Cannot download structure
7AF2-AA -> ProDy: Cannot download structure
7BEB-AA -> ProDy: Cannot download structure
7L7Y-AA -> ProDy: Cannot download structure
7L81-AA -> ProDy: Cannot download structure
7NSZ-AA -> ProDy: Cannot download structure
